# JRE version: OpenJDK Runtime Environment Temurin-21.0.9+10 (21.0.9+10) (build 21.0.9+10-LTS)
# Java VM: OpenJDK 64-Bit Server VM Temurin-21.0.9+10 (21.0.9+10-LTS, mixed mode, sharing, tiered, compressed oops, compressed class ptrs, parallel gc, windows-amd64)
GC Precious Log:
 CardTable entry size: 512
 CPUs: 2 total, 2 available
 Memory: 3935M
 Large Page Support: Disabled
 NUMA Support: Disabled
 Compressed Oops: Enabled (32-bit)
 Alignments: Space 512K, Generation 512K, Heap 2M
 Heap Min Capacity: 100M
 Heap Initial Capacity: 100M
 Heap Max Capacity: 2G
 Pre-touch: Disabled
 Parallel Workers: 2
Heap:
 PSYoungGen      total 1536K, used 359K [0x00000000d5580000, 0x00000000d5800000, 0x0000000100000000)
  eden space 1024K, 28% used [0x00000000d5580000,0x00000000d55c9eb0,0x00000000d5680000)
  from space 512K, 12% used [0x00000000d5780000,0x00000000d5790000,0x00000000d5800000)
  to   space 512K, 0% used [0x00000000d5680000,0x00000000d5680000,0x00000000d5700000)
 ParOldGen       total 275968K, used 274961K [0x0000000080000000, 0x0000000090d80000, 0x00000000d5580000)
  object space 275968K, 99% used [0x0000000080000000,0x0000000090c84628,0x0000000090d80000)
 Metaspace       used 77680K, committed 79232K, reserved 1179648K
  class space    used 8098K, committed 8768K, reserved 1048576K
GC Heap History (20 events):
Event: 535.654 GC heap before
{Heap before GC invocations=232 (full 3):
 PSYoungGen      total 1024K, used 1007K [0x00000000d5580000, 0x00000000d5980000, 0x0000000100000000)
  eden space 512K, 99% used [0x00000000d5580000,0x00000000d55fee98,0x00000000d5600000)
  from space 512K, 97% used [0x00000000d5780000,0x00000000d57fce58,0x00000000d5800000)
  to   space 1536K, 0% used [0x00000000d5600000,0x00000000d5600000,0x00000000d5780000)
 ParOldGen       total 240640K, used 240595K [0x0000000080000000, 0x000000008eb00000, 0x00000000d5580000)
  object space 240640K, 99% used [0x0000000080000000,0x000000008eaf4f28,0x000000008eb00000)
 Metaspace       used 77594K, committed 79104K, reserved 1179648K
  class space    used 8098K, committed 8768K, reserved 1048576K
}
Event: 535.657 GC heap after
{Heap after GC invocations=232 (full 3):
 PSYoungGen      total 1536K, used 563K [0x00000000d5580000, 0x00000000d5800000, 0x0000000100000000)
  eden space 512K, 0% used [0x00000000d5580000,0x00000000d5580000,0x00000000d5600000)
  from space 1024K, 55% used [0x00000000d5600000,0x00000000d568cef8,0x00000000d5700000)
  to   space 1024K, 0% used [0x00000000d5700000,0x00000000d5700000,0x00000000d5800000)
 ParOldGen       total 241152K, used 241095K [0x0000000080000000, 0x000000008eb80000, 0x00000000d5580000)
  object space 241152K, 99% used [0x0000000080000000,0x000000008eb71c48,0x000000008eb80000)
 Metaspace       used 77594K, committed 79104K, reserved 1179648K
  class space    used 8098K, committed 8768K, reserved 1048576K
}
Event: 535.664 GC heap before
{Heap before GC invocations=233 (full 3):
 PSYoungGen      total 1536K, used 1066K [0x00000000d5580000, 0x00000000d5800000, 0x0000000100000000)
  eden space 512K, 98% used [0x00000000d5580000,0x00000000d55fdbc0,0x00000000d5600000)
  from space 1024K, 55% used [0x00000000d5600000,0x00000000d568cef8,0x00000000d5700000)
  to   space 1024K, 0% used [0x00000000d5700000,0x00000000d5700000,0x00000000d5800000)
 ParOldGen       total 242176K, used 241859K [0x0000000080000000, 0x000000008ec80000, 0x00000000d5580000)
  object space 242176K, 99% used [0x0000000080000000,0x000000008ec30ee8,0x000000008ec80000)
 Metaspace       used 77594K, committed 79104K, reserved 1179648K
  class space    used 8098K, committed 8768K, reserved 1048576K
}
Event: 535.666 GC heap after
{Heap after GC invocations=233 (full 3):
 PSYoungGen      total 1536K, used 524K [0x00000000d5580000, 0x00000000d5800000, 0x0000000100000000)
  eden space 512K, 0% used [0x00000000d5580000,0x00000000d5580000,0x00000000d5600000)
  from space 1024K, 51% used [0x00000000d5700000,0x00000000d57833c8,0x00000000d5800000)
  to   space 1024K, 0% used [0x00000000d5600000,0x00000000d5600000,0x00000000d5700000)
 ParOldGen       total 242688K, used 242357K [0x0000000080000000, 0x000000008ed00000, 0x00000000d5580000)
  object space 242688K, 99% used [0x0000000080000000,0x000000008ecad6f0,0x000000008ed00000)
 Metaspace       used 77594K, committed 79104K, reserved 1179648K
  class space    used 8098K, committed 8768K, reserved 1048576K
}
Event: 535.670 GC heap before
{Heap before GC invocations=234 (full 3):
 PSYoungGen      total 1536K, used 922K [0x00000000d5580000, 0x00000000d5800000, 0x0000000100000000)
  eden space 512K, 77% used [0x00000000d5580000,0x00000000d55e3560,0x00000000d5600000)
  from space 1024K, 51% used [0x00000000d5700000,0x00000000d57833c8,0x00000000d5800000)
  to   space 1024K, 0% used [0x00000000d5600000,0x00000000d5600000,0x00000000d5700000)
 ParOldGen       total 242688K, used 242357K [0x0000000080000000, 0x000000008ed00000, 0x00000000d5580000)
  object space 242688K, 99% used [0x0000000080000000,0x000000008ecad6f0,0x000000008ed00000)
 Metaspace       used 77594K, committed 79104K, reserved 1179648K
  class space    used 8098K, committed 8768K, reserved 1048576K
}
Event: 535.674 GC heap after
{Heap after GC invocations=234 (full 3):
 PSYoungGen      total 1536K, used 444K [0x00000000d5580000, 0x00000000d5780000, 0x0000000100000000)
  eden space 512K, 0% used [0x00000000d5580000,0x00000000d5580000,0x00000000d5600000)
  from space 1024K, 43% used [0x00000000d5600000,0x00000000d566f198,0x00000000d5700000)
  to   space 512K, 0% used [0x00000000d5700000,0x00000000d5700000,0x00000000d5780000)
 ParOldGen       total 243200K, used 242843K [0x0000000080000000, 0x000000008ed80000, 0x00000000d5580000)
  object space 243200K, 99% used [0x0000000080000000,0x000000008ed26cd0,0x000000008ed80000)
 Metaspace       used 77594K, committed 79104K, reserved 1179648K
  class space    used 8098K, committed 8768K, reserved 1048576K
}
Event: 535.678 GC heap before
{Heap before GC invocations=235 (full 3):
 PSYoungGen      total 1536K, used 956K [0x00000000d5580000, 0x00000000d5780000, 0x0000000100000000)
  eden space 512K, 100% used [0x00000000d5580000,0x00000000d5600000,0x00000000d5600000)
  from space 1024K, 43% used [0x00000000d5600000,0x00000000d566f198,0x00000000d5700000)
  to   space 512K, 0% used [0x00000000d5700000,0x00000000d5700000,0x00000000d5780000)
 ParOldGen       total 243200K, used 242843K [0x0000000080000000, 0x000000008ed80000, 0x00000000d5580000)
  object space 243200K, 99% used [0x0000000080000000,0x000000008ed26cd0,0x000000008ed80000)
 Metaspace       used 77594K, committed 79104K, reserved 1179648K
  class space    used 8098K, committed 8768K, reserved 1048576K
}
Event: 535.680 GC heap after
{Heap after GC invocations=235 (full 3):
 PSYoungGen      total 1536K, used 386K [0x00000000d5580000, 0x00000000d5780000, 0x0000000100000000)
  eden space 1024K, 0% used [0x00000000d5580000,0x00000000d5580000,0x00000000d5680000)
  from space 512K, 75% used [0x00000000d5700000,0x00000000d5760a60,0x00000000d5780000)
  to   space 512K, 0% used [0x00000000d5680000,0x00000000d5680000,0x00000000d5700000)
 ParOldGen       total 243712K, used 243227K [0x0000000080000000, 0x000000008ee00000, 0x00000000d5580000)
  object space 243712K, 99% used [0x0000000080000000,0x000000008ed86fe8,0x000000008ee00000)
 Metaspace       used 77594K, committed 79104K, reserved 1179648K
  class space    used 8098K, committed 8768K, reserved 1048576K
}
Event: 535.836 GC heap before
{Heap before GC invocations=236 (full 3):
 PSYoungGen      total 1536K, used 1410K [0x00000000d5580000, 0x00000000d5780000, 0x0000000100000000)
  eden space 1024K, 100% used [0x00000000d5580000,0x00000000d5680000,0x00000000d5680000)
  from space 512K, 75% used [0x00000000d5700000,0x00000000d5760a60,0x00000000d5780000)
  to   space 512K, 0% used [0x00000000d5680000,0x00000000d5680000,0x00000000d5700000)
 ParOldGen       total 243712K, used 243227K [0x0000000080000000, 0x000000008ee00000, 0x00000000d5580000)
  object space 243712K, 99% used [0x0000000080000000,0x000000008ed86fe8,0x000000008ee00000)
 Metaspace       used 77607K, committed 79104K, reserved 1179648K
  class space    used 8098K, committed 8768K, reserved 1048576K
}
Event: 535.844 GC heap after
{Heap after GC invocations=236 (full 3):
 PSYoungGen      total 1536K, used 288K [0x00000000d5580000, 0x00000000d5800000, 0x0000000100000000)
  eden space 1024K, 0% used [0x00000000d5580000,0x00000000d5580000,0x00000000d5680000)
  from space 512K, 56% used [0x00000000d5680000,0x00000000d56c8020,0x00000000d5700000)
  to   space 512K, 0% used [0x00000000d5780000,0x00000000d5780000,0x00000000d5800000)
 ParOldGen       total 243712K, used 243621K [0x0000000080000000, 0x000000008ee00000, 0x00000000d5580000)
  object space 243712K, 99% used [0x0000000080000000,0x000000008ede95c8,0x000000008ee00000)
 Metaspace       used 77607K, committed 79104K, reserved 1179648K
  class space    used 8098K, committed 8768K, reserved 1048576K
}
Event: 535.966 GC heap before
{Heap before GC invocations=237 (full 3):
 PSYoungGen      total 1536K, used 1312K [0x00000000d5580000, 0x00000000d5800000, 0x0000000100000000)
  eden space 1024K, 100% used [0x00000000d5580000,0x00000000d5680000,0x00000000d5680000)
  from space 512K, 56% used [0x00000000d5680000,0x00000000d56c8020,0x00000000d5700000)
  to   space 512K, 0% used [0x00000000d5780000,0x00000000d5780000,0x00000000d5800000)
 ParOldGen       total 243712K, used 243621K [0x0000000080000000, 0x000000008ee00000, 0x00000000d5580000)
  object space 243712K, 99% used [0x0000000080000000,0x000000008ede95c8,0x000000008ee00000)
 Metaspace       used 77626K, committed 79104K, reserved 1179648K
  class space    used 8098K, committed 8768K, reserved 1048576K
}
Event: 535.969 GC heap after
{Heap after GC invocations=237 (full 3):
 PSYoungGen      total 1536K, used 288K [0x00000000d5580000, 0x00000000d5800000, 0x0000000100000000)
  eden space 1024K, 0% used [0x00000000d5580000,0x00000000d5580000,0x00000000d5680000)
  from space 512K, 56% used [0x00000000d5780000,0x00000000d57c8000,0x00000000d5800000)
  to   space 512K, 0% used [0x00000000d5680000,0x00000000d5680000,0x00000000d5700000)
 ParOldGen       total 244224K, used 243877K [0x0000000080000000, 0x000000008ee80000, 0x00000000d5580000)
  object space 244224K, 99% used [0x0000000080000000,0x000000008ee295e8,0x000000008ee80000)
 Metaspace       used 77626K, committed 79104K, reserved 1179648K
  class space    used 8098K, committed 8768K, reserved 1048576K
}
Event: 537.734 GC heap before
{Heap before GC invocations=238 (full 3):
 PSYoungGen      total 1536K, used 1312K [0x00000000d5580000, 0x00000000d5800000, 0x0000000100000000)
  eden space 1024K, 100% used [0x00000000d5580000,0x00000000d5680000,0x00000000d5680000)
  from space 512K, 56% used [0x00000000d5780000,0x00000000d57c8000,0x00000000d5800000)
  to   space 512K, 0% used [0x00000000d5680000,0x00000000d5680000,0x00000000d5700000)
 ParOldGen       total 275968K, used 274597K [0x0000000080000000, 0x0000000090d80000, 0x00000000d5580000)
  object space 275968K, 99% used [0x0000000080000000,0x0000000090c29618,0x0000000090d80000)
 Metaspace       used 77636K, committed 79104K, reserved 1179648K
  class space    used 8098K, committed 8768K, reserved 1048576K
}
Event: 537.739 GC heap after
{Heap after GC invocations=238 (full 3):
 PSYoungGen      total 1536K, used 224K [0x00000000d5580000, 0x00000000d5800000, 0x0000000100000000)
  eden space 1024K, 0% used [0x00000000d5580000,0x00000000d5580000,0x00000000d5680000)
  from space 512K, 43% used [0x00000000d5680000,0x00000000d56b8000,0x00000000d5700000)
  to   space 512K, 0% used [0x00000000d5780000,0x00000000d5780000,0x00000000d5800000)
 ParOldGen       total 275968K, used 274845K [0x0000000080000000, 0x0000000090d80000, 0x00000000d5580000)
  object space 275968K, 99% used [0x0000000080000000,0x0000000090c67618,0x0000000090d80000)
 Metaspace       used 77636K, committed 79104K, reserved 1179648K
  class space    used 8098K, committed 8768K, reserved 1048576K
}
Event: 538.747 GC heap before
{Heap before GC invocations=239 (full 3):
 PSYoungGen      total 1536K, used 1248K [0x00000000d5580000, 0x00000000d5800000, 0x0000000100000000)
  eden space 1024K, 100% used [0x00000000d5580000,0x00000000d5680000,0x00000000d5680000)
  from space 512K, 43% used [0x00000000d5680000,0x00000000d56b8000,0x00000000d5700000)
  to   space 512K, 0% used [0x00000000d5780000,0x00000000d5780000,0x00000000d5800000)
 ParOldGen       total 275968K, used 274845K [0x0000000080000000, 0x0000000090d80000, 0x00000000d5580000)
  object space 275968K, 99% used [0x0000000080000000,0x0000000090c67618,0x0000000090d80000)
 Metaspace       used 77666K, committed 79232K, reserved 1179648K
  class space    used 8098K, committed 8768K, reserved 1048576K
}
Event: 538.750 GC heap after
{Heap after GC invocations=239 (full 3):
 PSYoungGen      total 1536K, used 128K [0x00000000d5580000, 0x00000000d5800000, 0x0000000100000000)
  eden space 1024K, 0% used [0x00000000d5580000,0x00000000d5580000,0x00000000d5680000)
  from space 512K, 25% used [0x00000000d5780000,0x00000000d57a0000,0x00000000d5800000)
  to   space 512K, 0% used [0x00000000d5680000,0x00000000d5680000,0x00000000d5700000)
 ParOldGen       total 275968K, used 274897K [0x0000000080000000, 0x0000000090d80000, 0x00000000d5580000)
  object space 275968K, 99% used [0x0000000080000000,0x0000000090c74628,0x0000000090d80000)
 Metaspace       used 77666K, committed 79232K, reserved 1179648K
  class space    used 8098K, committed 8768K, reserved 1048576K
}
Event: 539.013 GC heap before
{Heap before GC invocations=240 (full 3):
 PSYoungGen      total 1536K, used 1152K [0x00000000d5580000, 0x00000000d5800000, 0x0000000100000000)
  eden space 1024K, 100% used [0x00000000d5580000,0x00000000d5680000,0x00000000d5680000)
  from space 512K, 25% used [0x00000000d5780000,0x00000000d57a0000,0x00000000d5800000)
  to   space 512K, 0% used [0x00000000d5680000,0x00000000d5680000,0x00000000d5700000)
 ParOldGen       total 275968K, used 274897K [0x0000000080000000, 0x0000000090d80000, 0x00000000d5580000)
  object space 275968K, 99% used [0x0000000080000000,0x0000000090c74628,0x0000000090d80000)
 Metaspace       used 77666K, committed 79232K, reserved 1179648K
  class space    used 8098K, committed 8768K, reserved 1048576K
}
Event: 539.016 GC heap after
{Heap after GC invocations=240 (full 3):
 PSYoungGen      total 1536K, used 64K [0x00000000d5580000, 0x00000000d5800000, 0x0000000100000000)
  eden space 1024K, 0% used [0x00000000d5580000,0x00000000d5580000,0x00000000d5680000)
  from space 512K, 12% used [0x00000000d5680000,0x00000000d5690000,0x00000000d5700000)
  to   space 512K, 0% used [0x00000000d5780000,0x00000000d5780000,0x00000000d5800000)
 ParOldGen       total 275968K, used 274937K [0x0000000080000000, 0x0000000090d80000, 0x00000000d5580000)
  object space 275968K, 99% used [0x0000000080000000,0x0000000090c7e628,0x0000000090d80000)
 Metaspace       used 77666K, committed 79232K, reserved 1179648K
  class space    used 8098K, committed 8768K, reserved 1048576K
}
Event: 539.141 GC heap before
{Heap before GC invocations=241 (full 3):
 PSYoungGen      total 1536K, used 1088K [0x00000000d5580000, 0x00000000d5800000, 0x0000000100000000)
  eden space 1024K, 100% used [0x00000000d5580000,0x00000000d5680000,0x00000000d5680000)
  from space 512K, 12% used [0x00000000d5680000,0x00000000d5690000,0x00000000d5700000)
  to   space 512K, 0% used [0x00000000d5780000,0x00000000d5780000,0x00000000d5800000)
 ParOldGen       total 275968K, used 274937K [0x0000000080000000, 0x0000000090d80000, 0x00000000d5580000)
  object space 275968K, 99% used [0x0000000080000000,0x0000000090c7e628,0x0000000090d80000)
 Metaspace       used 77670K, committed 79232K, reserved 1179648K
  class space    used 8098K, committed 8768K, reserved 1048576K
}
Event: 539.144 GC heap after
{Heap after GC invocations=241 (full 3):
 PSYoungGen      total 1536K, used 64K [0x00000000d5580000, 0x00000000d5800000, 0x0000000100000000)
  eden space 1024K, 0% used [0x00000000d5580000,0x00000000d5580000,0x00000000d5680000)
  from space 512K, 12% used [0x00000000d5780000,0x00000000d5790000,0x00000000d5800000)
  to   space 512K, 0% used [0x00000000d5680000,0x00000000d5680000,0x00000000d5700000)
 ParOldGen       total 275968K, used 274961K [0x0000000080000000, 0x0000000090d80000, 0x00000000d5580000)
  object space 275968K, 99% used [0x0000000080000000,0x0000000090c84628,0x0000000090d80000)
 Metaspace       used 77670K, committed 79232K, reserved 1179648K
  class space    used 8098K, committed 8768K, reserved 1048576K
}

