# JRE version: OpenJDK Runtime Environment Temurin-21.0.9+10 (21.0.9+10) (build 21.0.9+10-LTS)
# Java VM: OpenJDK 64-Bit Server VM Temurin-21.0.9+10 (21.0.9+10-LTS, mixed mode, sharing, tiered, compressed oops, compressed class ptrs, parallel gc, windows-amd64)
GC Precious Log:
 CardTable entry size: 512
 CPUs: 2 total, 2 available
 Memory: 3935M
 Large Page Support: Disabled
 NUMA Support: Disabled
 Compressed Oops: Enabled (32-bit)
 Alignments: Space 512K, Generation 512K, Heap 2M
 Heap Min Capacity: 100M
 Heap Initial Capacity: 100M
 Heap Max Capacity: 2G
 Pre-touch: Disabled
 Parallel Workers: 2
Heap:
 PSYoungGen      total 10752K, used 7240K [0x00000000d5580000, 0x00000000d6380000, 0x0000000100000000)
  eden space 10240K, 67% used [0x00000000d5580000,0x00000000d5c38f68,0x00000000d5f80000)
  from space 512K, 69% used [0x00000000d6300000,0x00000000d6359210,0x00000000d6380000)
  to   space 1024K, 0% used [0x00000000d6180000,0x00000000d6180000,0x00000000d6280000)
 ParOldGen       total 190976K, used 190206K [0x0000000080000000, 0x000000008ba80000, 0x00000000d5580000)
  object space 190976K, 99% used [0x0000000080000000,0x000000008b9bfb38,0x000000008ba80000)
 Metaspace       used 67878K, committed 69376K, reserved 1114112K
  class space    used 7047K, committed 7680K, reserved 1048576K
GC Heap History (20 events):
Event: 137.956 GC heap before
{Heap before GC invocations=128 (full 3):
 PSYoungGen      total 11264K, used 11263K [0x00000000d5580000, 0x00000000d6580000, 0x0000000100000000)
  eden space 10240K, 100% used [0x00000000d5580000,0x00000000d5f80000,0x00000000d5f80000)
  from space 1024K, 99% used [0x00000000d6480000,0x00000000d657fcd0,0x00000000d6580000)
  to   space 2048K, 0% used [0x00000000d6180000,0x00000000d6180000,0x00000000d6380000)
 ParOldGen       total 112640K, used 112572K [0x0000000080000000, 0x0000000086e00000, 0x00000000d5580000)
  object space 112640K, 99% used [0x0000000080000000,0x0000000086def0f8,0x0000000086e00000)
 Metaspace       used 66409K, committed 67968K, reserved 1114112K
  class space    used 6978K, committed 7616K, reserved 1048576K
}
Event: 137.974 GC heap after
{Heap after GC invocations=128 (full 3):
 PSYoungGen      total 12288K, used 2048K [0x00000000d5580000, 0x00000000d6f80000, 0x0000000100000000)
  eden space 10240K, 0% used [0x00000000d5580000,0x00000000d5580000,0x00000000d5f80000)
  from space 2048K, 100% used [0x00000000d6180000,0x00000000d6380000,0x00000000d6380000)
  to   space 8192K, 0% used [0x00000000d6780000,0x00000000d6780000,0x00000000d6f80000)
 ParOldGen       total 117760K, used 117655K [0x0000000080000000, 0x0000000087300000, 0x00000000d5580000)
  object space 117760K, 99% used [0x0000000080000000,0x00000000872e5c48,0x0000000087300000)
 Metaspace       used 66409K, committed 67968K, reserved 1114112K
  class space    used 6978K, committed 7616K, reserved 1048576K
}
Event: 144.887 GC heap before
{Heap before GC invocations=129 (full 3):
 PSYoungGen      total 12288K, used 12287K [0x00000000d5580000, 0x00000000d6f80000, 0x0000000100000000)
  eden space 10240K, 99% used [0x00000000d5580000,0x00000000d5f7ffe8,0x00000000d5f80000)
  from space 2048K, 100% used [0x00000000d6180000,0x00000000d6380000,0x00000000d6380000)
  to   space 8192K, 0% used [0x00000000d6780000,0x00000000d6780000,0x00000000d6f80000)
 ParOldGen       total 117760K, used 117655K [0x0000000080000000, 0x0000000087300000, 0x00000000d5580000)
  object space 117760K, 99% used [0x0000000080000000,0x00000000872e5c48,0x0000000087300000)
 Metaspace       used 66546K, committed 68096K, reserved 1114112K
  class space    used 6992K, committed 7616K, reserved 1048576K
}
Event: 144.899 GC heap after
{Heap after GC invocations=129 (full 3):
 PSYoungGen      total 13312K, used 2772K [0x00000000d5580000, 0x00000000d6a80000, 0x0000000100000000)
  eden space 10240K, 0% used [0x00000000d5580000,0x00000000d5580000,0x00000000d5f80000)
  from space 3072K, 90% used [0x00000000d6780000,0x00000000d6a35250,0x00000000d6a80000)
  to   space 4608K, 0% used [0x00000000d6180000,0x00000000d6180000,0x00000000d6600000)
 ParOldGen       total 119808K, used 119723K [0x0000000080000000, 0x0000000087500000, 0x00000000d5580000)
  object space 119808K, 99% used [0x0000000080000000,0x00000000874eadb8,0x0000000087500000)
 Metaspace       used 66546K, committed 68096K, reserved 1114112K
  class space    used 6992K, committed 7616K, reserved 1048576K
}
Event: 145.842 GC heap before
{Heap before GC invocations=130 (full 3):
 PSYoungGen      total 13312K, used 13012K [0x00000000d5580000, 0x00000000d6a80000, 0x0000000100000000)
  eden space 10240K, 100% used [0x00000000d5580000,0x00000000d5f80000,0x00000000d5f80000)
  from space 3072K, 90% used [0x00000000d6780000,0x00000000d6a35250,0x00000000d6a80000)
  to   space 4608K, 0% used [0x00000000d6180000,0x00000000d6180000,0x00000000d6600000)
 ParOldGen       total 119808K, used 119723K [0x0000000080000000, 0x0000000087500000, 0x00000000d5580000)
  object space 119808K, 99% used [0x0000000080000000,0x00000000874eadb8,0x0000000087500000)
 Metaspace       used 66792K, committed 68288K, reserved 1114112K
  class space    used 7008K, committed 7616K, reserved 1048576K
}
Event: 145.852 GC heap after
{Heap after GC invocations=130 (full 3):
 PSYoungGen      total 14848K, used 4232K [0x00000000d5580000, 0x00000000d6880000, 0x0000000100000000)
  eden space 10240K, 0% used [0x00000000d5580000,0x00000000d5580000,0x00000000d5f80000)
  from space 4608K, 91% used [0x00000000d6180000,0x00000000d65a2378,0x00000000d6600000)
  to   space 2560K, 0% used [0x00000000d6600000,0x00000000d6600000,0x00000000d6880000)
 ParOldGen       total 121856K, used 121804K [0x0000000080000000, 0x0000000087700000, 0x00000000d5580000)
  object space 121856K, 99% used [0x0000000080000000,0x00000000876f3370,0x0000000087700000)
 Metaspace       used 66792K, committed 68288K, reserved 1114112K
  class space    used 7008K, committed 7616K, reserved 1048576K
}
Event: 150.441 GC heap before
{Heap before GC invocations=131 (full 3):
 PSYoungGen      total 14848K, used 14472K [0x00000000d5580000, 0x00000000d6880000, 0x0000000100000000)
  eden space 10240K, 100% used [0x00000000d5580000,0x00000000d5f80000,0x00000000d5f80000)
  from space 4608K, 91% used [0x00000000d6180000,0x00000000d65a2378,0x00000000d6600000)
  to   space 2560K, 0% used [0x00000000d6600000,0x00000000d6600000,0x00000000d6880000)
 ParOldGen       total 153600K, used 152524K [0x0000000080000000, 0x0000000089600000, 0x00000000d5580000)
  object space 153600K, 99% used [0x0000000080000000,0x00000000894f33a0,0x0000000089600000)
 Metaspace       used 66907K, committed 68416K, reserved 1114112K
  class space    used 7015K, committed 7680K, reserved 1048576K
}
Event: 150.445 GC heap after
{Heap after GC invocations=131 (full 3):
 PSYoungGen      total 10752K, used 224K [0x00000000d5580000, 0x00000000d6680000, 0x0000000100000000)
  eden space 10240K, 0% used [0x00000000d5580000,0x00000000d5580000,0x00000000d5f80000)
  from space 512K, 43% used [0x00000000d6600000,0x00000000d6638000,0x00000000d6680000)
  to   space 2048K, 0% used [0x00000000d6280000,0x00000000d6280000,0x00000000d6480000)
 ParOldGen       total 153600K, used 152884K [0x0000000080000000, 0x0000000089600000, 0x00000000d5580000)
  object space 153600K, 99% used [0x0000000080000000,0x000000008954d3c0,0x0000000089600000)
 Metaspace       used 66907K, committed 68416K, reserved 1114112K
  class space    used 7015K, committed 7680K, reserved 1048576K
}
Event: 153.550 GC heap before
{Heap before GC invocations=132 (full 3):
 PSYoungGen      total 10752K, used 10464K [0x00000000d5580000, 0x00000000d6680000, 0x0000000100000000)
  eden space 10240K, 100% used [0x00000000d5580000,0x00000000d5f80000,0x00000000d5f80000)
  from space 512K, 43% used [0x00000000d6600000,0x00000000d6638000,0x00000000d6680000)
  to   space 2048K, 0% used [0x00000000d6280000,0x00000000d6280000,0x00000000d6480000)
 ParOldGen       total 153600K, used 152884K [0x0000000080000000, 0x0000000089600000, 0x00000000d5580000)
  object space 153600K, 99% used [0x0000000080000000,0x000000008954d3c0,0x0000000089600000)
 Metaspace       used 67097K, committed 68672K, reserved 1114112K
  class space    used 7023K, committed 7680K, reserved 1048576K
}
Event: 153.554 GC heap after
{Heap after GC invocations=132 (full 3):
 PSYoungGen      total 12288K, used 931K [0x00000000d5580000, 0x00000000d6680000, 0x0000000100000000)
  eden space 10240K, 0% used [0x00000000d5580000,0x00000000d5580000,0x00000000d5f80000)
  from space 2048K, 45% used [0x00000000d6280000,0x00000000d6368f10,0x00000000d6480000)
  to   space 1536K, 0% used [0x00000000d6500000,0x00000000d6500000,0x00000000d6680000)
 ParOldGen       total 153600K, used 152964K [0x0000000080000000, 0x0000000089600000, 0x00000000d5580000)
  object space 153600K, 99% used [0x0000000080000000,0x00000000895613c0,0x0000000089600000)
 Metaspace       used 67097K, committed 68672K, reserved 1114112K
  class space    used 7023K, committed 7680K, reserved 1048576K
}
Event: 156.371 GC heap before
{Heap before GC invocations=133 (full 3):
 PSYoungGen      total 12288K, used 11171K [0x00000000d5580000, 0x00000000d6680000, 0x0000000100000000)
  eden space 10240K, 100% used [0x00000000d5580000,0x00000000d5f80000,0x00000000d5f80000)
  from space 2048K, 45% used [0x00000000d6280000,0x00000000d6368f10,0x00000000d6480000)
  to   space 1536K, 0% used [0x00000000d6500000,0x00000000d6500000,0x00000000d6680000)
 ParOldGen       total 153600K, used 152964K [0x0000000080000000, 0x0000000089600000, 0x00000000d5580000)
  object space 153600K, 99% used [0x0000000080000000,0x00000000895613c0,0x0000000089600000)
 Metaspace       used 67201K, committed 68800K, reserved 1114112K
  class space    used 7024K, committed 7680K, reserved 1048576K
}
Event: 156.387 GC heap after
{Heap after GC invocations=133 (full 3):
 PSYoungGen      total 11776K, used 1337K [0x00000000d5580000, 0x00000000d6680000, 0x0000000100000000)
  eden space 10240K, 0% used [0x00000000d5580000,0x00000000d5580000,0x00000000d5f80000)
  from space 1536K, 87% used [0x00000000d6500000,0x00000000d664e430,0x00000000d6680000)
  to   space 1536K, 0% used [0x00000000d6380000,0x00000000d6380000,0x00000000d6500000)
 ParOldGen       total 153600K, used 153116K [0x0000000080000000, 0x0000000089600000, 0x00000000d5580000)
  object space 153600K, 99% used [0x0000000080000000,0x00000000895873c0,0x0000000089600000)
 Metaspace       used 67201K, committed 68800K, reserved 1114112K
  class space    used 7024K, committed 7680K, reserved 1048576K
}
Event: 160.171 GC heap before
{Heap before GC invocations=134 (full 3):
 PSYoungGen      total 11776K, used 11483K [0x00000000d5580000, 0x00000000d6680000, 0x0000000100000000)
  eden space 10240K, 99% used [0x00000000d5580000,0x00000000d5f68918,0x00000000d5f80000)
  from space 1536K, 87% used [0x00000000d6500000,0x00000000d664e430,0x00000000d6680000)
  to   space 1536K, 0% used [0x00000000d6380000,0x00000000d6380000,0x00000000d6500000)
 ParOldGen       total 153600K, used 153116K [0x0000000080000000, 0x0000000089600000, 0x00000000d5580000)
  object space 153600K, 99% used [0x0000000080000000,0x00000000895873c0,0x0000000089600000)
 Metaspace       used 67464K, committed 68992K, reserved 1114112K
  class space    used 7042K, committed 7680K, reserved 1048576K
}
Event: 160.180 GC heap after
{Heap after GC invocations=134 (full 3):
 PSYoungGen      total 11776K, used 1507K [0x00000000d5580000, 0x00000000d6780000, 0x0000000100000000)
  eden space 10240K, 0% used [0x00000000d5580000,0x00000000d5580000,0x00000000d5f80000)
  from space 1536K, 98% used [0x00000000d6380000,0x00000000d64f8d70,0x00000000d6500000)
  to   space 2560K, 0% used [0x00000000d6500000,0x00000000d6500000,0x00000000d6780000)
 ParOldGen       total 155136K, used 155024K [0x0000000080000000, 0x0000000089780000, 0x00000000d5580000)
  object space 155136K, 99% used [0x0000000080000000,0x0000000089764120,0x0000000089780000)
 Metaspace       used 67464K, committed 68992K, reserved 1114112K
  class space    used 7042K, committed 7680K, reserved 1048576K
}
Event: 164.757 GC heap before
{Heap before GC invocations=135 (full 3):
 PSYoungGen      total 11776K, used 11747K [0x00000000d5580000, 0x00000000d6780000, 0x0000000100000000)
  eden space 10240K, 100% used [0x00000000d5580000,0x00000000d5f80000,0x00000000d5f80000)
  from space 1536K, 98% used [0x00000000d6380000,0x00000000d64f8d70,0x00000000d6500000)
  to   space 2560K, 0% used [0x00000000d6500000,0x00000000d6500000,0x00000000d6780000)
 ParOldGen       total 155136K, used 155024K [0x0000000080000000, 0x0000000089780000, 0x00000000d5580000)
  object space 155136K, 99% used [0x0000000080000000,0x0000000089764120,0x0000000089780000)
 Metaspace       used 67575K, committed 69120K, reserved 1114112K
  class space    used 7043K, committed 7680K, reserved 1048576K
}
Event: 164.765 GC heap after
{Heap after GC invocations=135 (full 3):
 PSYoungGen      total 12800K, used 2545K [0x00000000d5580000, 0x00000000d6880000, 0x0000000100000000)
  eden space 10240K, 0% used [0x00000000d5580000,0x00000000d5580000,0x00000000d5f80000)
  from space 2560K, 99% used [0x00000000d6500000,0x00000000d677c630,0x00000000d6780000)
  to   space 4608K, 0% used [0x00000000d5f80000,0x00000000d5f80000,0x00000000d6400000)
 ParOldGen       total 156672K, used 156578K [0x0000000080000000, 0x0000000089900000, 0x00000000d5580000)
  object space 156672K, 99% used [0x0000000080000000,0x00000000898e8980,0x0000000089900000)
 Metaspace       used 67575K, committed 69120K, reserved 1114112K
  class space    used 7043K, committed 7680K, reserved 1048576K
}
Event: 167.695 GC heap before
{Heap before GC invocations=136 (full 3):
 PSYoungGen      total 12800K, used 12785K [0x00000000d5580000, 0x00000000d6880000, 0x0000000100000000)
  eden space 10240K, 100% used [0x00000000d5580000,0x00000000d5f80000,0x00000000d5f80000)
  from space 2560K, 99% used [0x00000000d6500000,0x00000000d677c630,0x00000000d6780000)
  to   space 4608K, 0% used [0x00000000d5f80000,0x00000000d5f80000,0x00000000d6400000)
 ParOldGen       total 156672K, used 156578K [0x0000000080000000, 0x0000000089900000, 0x00000000d5580000)
  object space 156672K, 99% used [0x0000000080000000,0x00000000898e8980,0x0000000089900000)
 Metaspace       used 67643K, committed 69184K, reserved 1114112K
  class space    used 7044K, committed 7680K, reserved 1048576K
}
Event: 167.707 GC heap after
{Heap after GC invocations=136 (full 3):
 PSYoungGen      total 11264K, used 1012K [0x00000000d5580000, 0x00000000d6580000, 0x0000000100000000)
  eden space 10240K, 0% used [0x00000000d5580000,0x00000000d5580000,0x00000000d5f80000)
  from space 1024K, 98% used [0x00000000d5f80000,0x00000000d607d200,0x00000000d6080000)
  to   space 2560K, 0% used [0x00000000d6300000,0x00000000d6300000,0x00000000d6580000)
 ParOldGen       total 159232K, used 159094K [0x0000000080000000, 0x0000000089b80000, 0x00000000d5580000)
  object space 159232K, 99% used [0x0000000080000000,0x0000000089b5db08,0x0000000089b80000)
 Metaspace       used 67643K, committed 69184K, reserved 1114112K
  class space    used 7044K, committed 7680K, reserved 1048576K
}
Event: 171.976 GC heap before
{Heap before GC invocations=137 (full 3):
 PSYoungGen      total 11264K, used 11252K [0x00000000d5580000, 0x00000000d6580000, 0x0000000100000000)
  eden space 10240K, 100% used [0x00000000d5580000,0x00000000d5f80000,0x00000000d5f80000)
  from space 1024K, 98% used [0x00000000d5f80000,0x00000000d607d200,0x00000000d6080000)
  to   space 2560K, 0% used [0x00000000d6300000,0x00000000d6300000,0x00000000d6580000)
 ParOldGen       total 190976K, used 189814K [0x0000000080000000, 0x000000008ba80000, 0x00000000d5580000)
  object space 190976K, 99% used [0x0000000080000000,0x000000008b95db38,0x000000008ba80000)
 Metaspace       used 67731K, committed 69248K, reserved 1114112K
  class space    used 7045K, committed 7680K, reserved 1048576K
}
Event: 171.982 GC heap after
{Heap after GC invocations=137 (full 3):
 PSYoungGen      total 10752K, used 356K [0x00000000d5580000, 0x00000000d6380000, 0x0000000100000000)
  eden space 10240K, 0% used [0x00000000d5580000,0x00000000d5580000,0x00000000d5f80000)
  from space 512K, 69% used [0x00000000d6300000,0x00000000d6359210,0x00000000d6380000)
  to   space 1024K, 0% used [0x00000000d6180000,0x00000000d6180000,0x00000000d6280000)
 ParOldGen       total 190976K, used 190206K [0x0000000080000000, 0x000000008ba80000, 0x00000000d5580000)
  object space 190976K, 99% used [0x0000000080000000,0x000000008b9bfb38,0x000000008ba80000)
 Metaspace       used 67731K, committed 69248K, reserved 1114112K
  class space    used 7045K, committed 7680K, reserved 1048576K
}

