# JRE version: Java(TM) SE Runtime Environment (17.0.12+8) (build 17.0.12+8-LTS-286)
# Java VM: Java HotSpot(TM) 64-Bit Server VM (17.0.12+8-LTS-286, mixed mode, emulated-client, sharing, tiered, compressed oops, compressed class ptrs, g1 gc, windows-amd64)
GC Precious Log:
 CPUs: 2 total, 2 available
 Memory: 3935M
 Large Page Support: Disabled
 NUMA Support: Disabled
 Compressed Oops: Enabled (32-bit)
 Heap Region Size: 1M
 Heap Min Capacity: 8M
 Heap Initial Capacity: 62M
 Heap Max Capacity: 984M
 Pre-touch: Disabled
 Parallel Workers: 2
 Concurrent Workers: 1
 Concurrent Refinement Workers: 2
 Periodic GC: Disabled
Heap:
 garbage-first heap   total 81920K, used 53939K [0x00000000c2800000, 0x0000000100000000)
  region size 1024K, 27 young (27648K), 4 survivors (4096K)
 Metaspace       used 74966K, committed 75712K, reserved 1114112K
  class space    used 10676K, committed 11008K, reserved 1048576K
GC Heap History (20 events):
Event: 10526.870 GC heap before
{Heap before GC invocations=193 (full 3):
 garbage-first heap   total 81920K, used 66507K [0x00000000c2800000, 0x0000000100000000)
  region size 1024K, 33 young (33792K), 2 survivors (2048K)
 Metaspace       used 74335K, committed 75072K, reserved 1114112K
  class space    used 10607K, committed 10944K, reserved 1048576K
}
Event: 10526.876 GC heap after
{Heap after GC invocations=194 (full 3):
 garbage-first heap   total 81920K, used 35181K [0x00000000c2800000, 0x0000000100000000)
  region size 1024K, 2 young (2048K), 2 survivors (2048K)
 Metaspace       used 74335K, committed 75072K, reserved 1114112K
  class space    used 10607K, committed 10944K, reserved 1048576K
}
Event: 10532.054 GC heap before
{Heap before GC invocations=194 (full 3):
 garbage-first heap   total 81920K, used 37229K [0x00000000c2800000, 0x0000000100000000)
  region size 1024K, 4 young (4096K), 2 survivors (2048K)
 Metaspace       used 74335K, committed 75072K, reserved 1114112K
  class space    used 10607K, committed 10944K, reserved 1048576K
}
Event: 10532.074 GC heap after
{Heap after GC invocations=195 (full 3):
 garbage-first heap   total 81920K, used 32457K [0x00000000c2800000, 0x0000000100000000)
  region size 1024K, 1 young (1024K), 1 survivors (1024K)
 Metaspace       used 74335K, committed 75072K, reserved 1114112K
  class space    used 10607K, committed 10944K, reserved 1048576K
}
Event: 10627.898 GC heap before
{Heap before GC invocations=195 (full 3):
 garbage-first heap   total 81920K, used 68297K [0x00000000c2800000, 0x0000000100000000)
  region size 1024K, 36 young (36864K), 1 survivors (1024K)
 Metaspace       used 74335K, committed 75072K, reserved 1114112K
  class space    used 10607K, committed 10944K, reserved 1048576K
}
Event: 10627.963 GC heap after
{Heap after GC invocations=196 (full 3):
 garbage-first heap   total 81920K, used 32293K [0x00000000c2800000, 0x0000000100000000)
  region size 1024K, 1 young (1024K), 1 survivors (1024K)
 Metaspace       used 74335K, committed 75072K, reserved 1114112K
  class space    used 10607K, committed 10944K, reserved 1048576K
}
Event: 10713.747 GC heap before
{Heap before GC invocations=196 (full 3):
 garbage-first heap   total 81920K, used 68133K [0x00000000c2800000, 0x0000000100000000)
  region size 1024K, 37 young (37888K), 1 survivors (1024K)
 Metaspace       used 74361K, committed 75072K, reserved 1114112K
  class space    used 10614K, committed 10944K, reserved 1048576K
}
Event: 10713.752 GC heap after
{Heap after GC invocations=197 (full 3):
 garbage-first heap   total 81920K, used 32972K [0x00000000c2800000, 0x0000000100000000)
  region size 1024K, 1 young (1024K), 1 survivors (1024K)
 Metaspace       used 74361K, committed 75072K, reserved 1114112K
  class space    used 10614K, committed 10944K, reserved 1048576K
}
Event: 10807.734 GC heap before
{Heap before GC invocations=197 (full 3):
 garbage-first heap   total 81920K, used 68812K [0x00000000c2800000, 0x0000000100000000)
  region size 1024K, 36 young (36864K), 1 survivors (1024K)
 Metaspace       used 74361K, committed 75072K, reserved 1114112K
  class space    used 10614K, committed 10944K, reserved 1048576K
}
Event: 10807.826 GC heap after
{Heap after GC invocations=198 (full 3):
 garbage-first heap   total 81920K, used 32671K [0x00000000c2800000, 0x0000000100000000)
  region size 1024K, 1 young (1024K), 1 survivors (1024K)
 Metaspace       used 74361K, committed 75072K, reserved 1114112K
  class space    used 10614K, committed 10944K, reserved 1048576K
}
Event: 10861.633 GC heap before
{Heap before GC invocations=199 (full 3):
 garbage-first heap   total 81920K, used 54175K [0x00000000c2800000, 0x0000000100000000)
  region size 1024K, 24 young (24576K), 1 survivors (1024K)
 Metaspace       used 74368K, committed 75072K, reserved 1114112K
  class space    used 10616K, committed 10944K, reserved 1048576K
}
Event: 10862.558 GC heap after
{Heap after GC invocations=200 (full 4):
 garbage-first heap   total 81920K, used 26462K [0x00000000c2800000, 0x0000000100000000)
  region size 1024K, 0 young (0K), 0 survivors (0K)
 Metaspace       used 74368K, committed 75072K, reserved 1114112K
  class space    used 10616K, committed 10944K, reserved 1048576K
}
Event: 10873.441 GC heap before
{Heap before GC invocations=200 (full 4):
 garbage-first heap   total 81920K, used 68446K [0x00000000c2800000, 0x0000000100000000)
  region size 1024K, 42 young (43008K), 0 survivors (0K)
 Metaspace       used 74469K, committed 75264K, reserved 1114112K
  class space    used 10632K, committed 11008K, reserved 1048576K
}
Event: 10873.509 GC heap after
{Heap after GC invocations=201 (full 4):
 garbage-first heap   total 81920K, used 30475K [0x00000000c2800000, 0x0000000100000000)
  region size 1024K, 4 young (4096K), 4 survivors (4096K)
 Metaspace       used 74469K, committed 75264K, reserved 1114112K
  class space    used 10632K, committed 11008K, reserved 1048576K
}
Event: 10877.540 GC heap before
{Heap before GC invocations=202 (full 4):
 garbage-first heap   total 81920K, used 67339K [0x00000000c2800000, 0x0000000100000000)
  region size 1024K, 40 young (40960K), 4 survivors (4096K)
 Metaspace       used 74719K, committed 75456K, reserved 1114112K
  class space    used 10652K, committed 11008K, reserved 1048576K
}
Event: 10877.572 GC heap after
{Heap after GC invocations=203 (full 4):
 garbage-first heap   total 81920K, used 34981K [0x00000000c2800000, 0x0000000100000000)
  region size 1024K, 5 young (5120K), 5 survivors (5120K)
 Metaspace       used 74719K, committed 75456K, reserved 1114112K
  class space    used 10652K, committed 11008K, reserved 1048576K
}
Event: 10883.604 GC heap before
{Heap before GC invocations=203 (full 4):
 garbage-first heap   total 81920K, used 39077K [0x00000000c2800000, 0x0000000100000000)
  region size 1024K, 10 young (10240K), 5 survivors (5120K)
 Metaspace       used 74722K, committed 75456K, reserved 1114112K
  class space    used 10653K, committed 11008K, reserved 1048576K
}
Event: 10883.708 GC heap after
{Heap after GC invocations=204 (full 5):
 garbage-first heap   total 81920K, used 27922K [0x00000000c2800000, 0x0000000100000000)
  region size 1024K, 0 young (0K), 0 survivors (0K)
 Metaspace       used 74693K, committed 75456K, reserved 1114112K
  class space    used 10646K, committed 11008K, reserved 1048576K
}
Event: 10884.968 GC heap before
{Heap before GC invocations=204 (full 5):
 garbage-first heap   total 81920K, used 64786K [0x00000000c2800000, 0x0000000100000000)
  region size 1024K, 36 young (36864K), 0 survivors (0K)
 Metaspace       used 74779K, committed 75520K, reserved 1114112K
  class space    used 10662K, committed 11008K, reserved 1048576K
}
Event: 10884.977 GC heap after
{Heap after GC invocations=205 (full 5):
 garbage-first heap   total 81920K, used 31411K [0x00000000c2800000, 0x0000000100000000)
  region size 1024K, 4 young (4096K), 4 survivors (4096K)
 Metaspace       used 74779K, committed 75520K, reserved 1114112K
  class space    used 10662K, committed 11008K, reserved 1048576K
}

