# JRE version: OpenJDK Runtime Environment Temurin-21.0.9+10 (21.0.9+10) (build 21.0.9+10-LTS)
# Java VM: OpenJDK 64-Bit Server VM Temurin-21.0.9+10 (21.0.9+10-LTS, mixed mode, sharing, tiered, compressed oops, compressed class ptrs, parallel gc, windows-amd64)
GC Precious Log:
 CardTable entry size: 512
 CPUs: 2 total, 2 available
 Memory: 3935M
 Large Page Support: Disabled
 NUMA Support: Disabled
 Compressed Oops: Enabled (32-bit)
 Alignments: Space 512K, Generation 512K, Heap 2M
 Heap Min Capacity: 100M
 Heap Initial Capacity: 100M
 Heap Max Capacity: 2G
 Pre-touch: Disabled
 Parallel Workers: 2
Heap:
 PSYoungGen      total 81408K, used 38240K [0x00000000d5580000, 0x00000000db880000, 0x0000000100000000)
  eden space 73728K, 41% used [0x00000000d5580000,0x00000000d735f908,0x00000000d9d80000)
  from space 7680K, 99% used [0x00000000da900000,0x00000000db0789b8,0x00000000db080000)
  to   space 11776K, 0% used [0x00000000d9d80000,0x00000000d9d80000,0x00000000da900000)
 ParOldGen       total 1153536K, used 237639K [0x0000000080000000, 0x00000000c6680000, 0x00000000d5580000)
  object space 1153536K, 20% used [0x0000000080000000,0x000000008e811f80,0x00000000c6680000)
 Metaspace       used 81545K, committed 83072K, reserved 1179648K
  class space    used 8373K, committed 9088K, reserved 1048576K
GC Heap History (20 events):
Event: 6238.816 GC heap before
{Heap before GC invocations=1327 (full 4):
 PSYoungGen      total 35840K, used 35808K [0x00000000d5580000, 0x00000000d8400000, 0x0000000100000000)
  eden space 33280K, 100% used [0x00000000d5580000,0x00000000d7600000,0x00000000d7600000)
  from space 2560K, 98% used [0x00000000d7b80000,0x00000000d7df83c0,0x00000000d7e00000)
  to   space 5632K, 0% used [0x00000000d7600000,0x00000000d7600000,0x00000000d7b80000)
 ParOldGen       total 1153536K, used 216334K [0x0000000080000000, 0x00000000c6680000, 0x00000000d5580000)
  object space 1153536K, 18% used [0x0000000080000000,0x000000008d3438b8,0x00000000c6680000)
 Metaspace       used 81233K, committed 82752K, reserved 1179648K
  class space    used 8369K, committed 9088K, reserved 1048576K
}
Event: 6239.281 GC heap after
{Heap after GC invocations=1327 (full 4):
 PSYoungGen      total 38912K, used 5098K [0x00000000d5580000, 0x00000000d8780000, 0x0000000100000000)
  eden space 33280K, 0% used [0x00000000d5580000,0x00000000d5580000,0x00000000d7600000)
  from space 5632K, 90% used [0x00000000d7600000,0x00000000d7afaa08,0x00000000d7b80000)
  to   space 5632K, 0% used [0x00000000d8200000,0x00000000d8200000,0x00000000d8780000)
 ParOldGen       total 1153536K, used 218590K [0x0000000080000000, 0x00000000c6680000, 0x00000000d5580000)
  object space 1153536K, 18% used [0x0000000080000000,0x000000008d5778b8,0x00000000c6680000)
 Metaspace       used 81233K, committed 82752K, reserved 1179648K
  class space    used 8369K, committed 9088K, reserved 1048576K
}
Event: 6241.731 GC heap before
{Heap before GC invocations=1328 (full 4):
 PSYoungGen      total 38912K, used 38378K [0x00000000d5580000, 0x00000000d8780000, 0x0000000100000000)
  eden space 33280K, 100% used [0x00000000d5580000,0x00000000d7600000,0x00000000d7600000)
  from space 5632K, 90% used [0x00000000d7600000,0x00000000d7afaa08,0x00000000d7b80000)
  to   space 5632K, 0% used [0x00000000d8200000,0x00000000d8200000,0x00000000d8780000)
 ParOldGen       total 1153536K, used 218590K [0x0000000080000000, 0x00000000c6680000, 0x00000000d5580000)
  object space 1153536K, 18% used [0x0000000080000000,0x000000008d5778b8,0x00000000c6680000)
 Metaspace       used 81250K, committed 82816K, reserved 1179648K
  class space    used 8369K, committed 9088K, reserved 1048576K
}
Event: 6242.216 GC heap after
{Heap after GC invocations=1328 (full 4):
 PSYoungGen      total 41984K, used 1937K [0x00000000d5580000, 0x00000000d8400000, 0x0000000100000000)
  eden space 39936K, 0% used [0x00000000d5580000,0x00000000d5580000,0x00000000d7c80000)
  from space 2048K, 94% used [0x00000000d8200000,0x00000000d83e46e8,0x00000000d8400000)
  to   space 3584K, 0% used [0x00000000d7d00000,0x00000000d7d00000,0x00000000d8080000)
 ParOldGen       total 1153536K, used 221713K [0x0000000080000000, 0x00000000c6680000, 0x00000000d5580000)
  object space 1153536K, 19% used [0x0000000080000000,0x000000008d8844d0,0x00000000c6680000)
 Metaspace       used 81250K, committed 82816K, reserved 1179648K
  class space    used 8369K, committed 9088K, reserved 1048576K
}
Event: 6243.719 GC heap before
{Heap before GC invocations=1329 (full 4):
 PSYoungGen      total 41984K, used 41516K [0x00000000d5580000, 0x00000000d8400000, 0x0000000100000000)
  eden space 39936K, 99% used [0x00000000d5580000,0x00000000d7c26bc8,0x00000000d7c80000)
  from space 2048K, 94% used [0x00000000d8200000,0x00000000d83e46e8,0x00000000d8400000)
  to   space 3584K, 0% used [0x00000000d7d00000,0x00000000d7d00000,0x00000000d8080000)
 ParOldGen       total 1153536K, used 221713K [0x0000000080000000, 0x00000000c6680000, 0x00000000d5580000)
  object space 1153536K, 19% used [0x0000000080000000,0x000000008d8844d0,0x00000000c6680000)
 Metaspace       used 81250K, committed 82816K, reserved 1179648K
  class space    used 8369K, committed 9088K, reserved 1048576K
}
Event: 6243.798 GC heap after
{Heap after GC invocations=1329 (full 4):
 PSYoungGen      total 44032K, used 1272K [0x00000000d5580000, 0x00000000d8880000, 0x0000000100000000)
  eden space 40448K, 0% used [0x00000000d5580000,0x00000000d5580000,0x00000000d7d00000)
  from space 3584K, 35% used [0x00000000d7d00000,0x00000000d7e3e3f8,0x00000000d8080000)
  to   space 2048K, 0% used [0x00000000d8680000,0x00000000d8680000,0x00000000d8880000)
 ParOldGen       total 1153536K, used 222712K [0x0000000080000000, 0x00000000c6680000, 0x00000000d5580000)
  object space 1153536K, 19% used [0x0000000080000000,0x000000008d97e3a0,0x00000000c6680000)
 Metaspace       used 81250K, committed 82816K, reserved 1179648K
  class space    used 8369K, committed 9088K, reserved 1048576K
}
Event: 6244.494 GC heap before
{Heap before GC invocations=1330 (full 4):
 PSYoungGen      total 44032K, used 41720K [0x00000000d5580000, 0x00000000d8880000, 0x0000000100000000)
  eden space 40448K, 100% used [0x00000000d5580000,0x00000000d7d00000,0x00000000d7d00000)
  from space 3584K, 35% used [0x00000000d7d00000,0x00000000d7e3e3f8,0x00000000d8080000)
  to   space 2048K, 0% used [0x00000000d8680000,0x00000000d8680000,0x00000000d8880000)
 ParOldGen       total 1153536K, used 222712K [0x0000000080000000, 0x00000000c6680000, 0x00000000d5580000)
  object space 1153536K, 19% used [0x0000000080000000,0x000000008d97e3a0,0x00000000c6680000)
 Metaspace       used 81250K, committed 82816K, reserved 1179648K
  class space    used 8369K, committed 9088K, reserved 1048576K
}
Event: 6244.724 GC heap after
{Heap after GC invocations=1330 (full 4):
 PSYoungGen      total 47616K, used 2024K [0x00000000d5580000, 0x00000000d8e00000, 0x0000000100000000)
  eden space 45568K, 0% used [0x00000000d5580000,0x00000000d5580000,0x00000000d8200000)
  from space 2048K, 98% used [0x00000000d8680000,0x00000000d887a328,0x00000000d8880000)
  to   space 4608K, 0% used [0x00000000d8200000,0x00000000d8200000,0x00000000d8680000)
 ParOldGen       total 1153536K, used 224411K [0x0000000080000000, 0x00000000c6680000, 0x00000000d5580000)
  object space 1153536K, 19% used [0x0000000080000000,0x000000008db26de0,0x00000000c6680000)
 Metaspace       used 81250K, committed 82816K, reserved 1179648K
  class space    used 8369K, committed 9088K, reserved 1048576K
}
Event: 6245.635 GC heap before
{Heap before GC invocations=1331 (full 4):
 PSYoungGen      total 47616K, used 47592K [0x00000000d5580000, 0x00000000d8e00000, 0x0000000100000000)
  eden space 45568K, 100% used [0x00000000d5580000,0x00000000d8200000,0x00000000d8200000)
  from space 2048K, 98% used [0x00000000d8680000,0x00000000d887a328,0x00000000d8880000)
  to   space 4608K, 0% used [0x00000000d8200000,0x00000000d8200000,0x00000000d8680000)
 ParOldGen       total 1153536K, used 224411K [0x0000000080000000, 0x00000000c6680000, 0x00000000d5580000)
  object space 1153536K, 19% used [0x0000000080000000,0x000000008db26de0,0x00000000c6680000)
 Metaspace       used 81251K, committed 82816K, reserved 1179648K
  class space    used 8369K, committed 9088K, reserved 1048576K
}
Event: 6245.932 GC heap after
{Heap after GC invocations=1331 (full 4):
 PSYoungGen      total 50176K, used 1650K [0x00000000d5580000, 0x00000000d9000000, 0x0000000100000000)
  eden space 45568K, 0% used [0x00000000d5580000,0x00000000d5580000,0x00000000d8200000)
  from space 4608K, 35% used [0x00000000d8200000,0x00000000d839ca38,0x00000000d8680000)
  to   space 2560K, 0% used [0x00000000d8d80000,0x00000000d8d80000,0x00000000d9000000)
 ParOldGen       total 1153536K, used 226402K [0x0000000080000000, 0x00000000c6680000, 0x00000000d5580000)
  object space 1153536K, 19% used [0x0000000080000000,0x000000008dd18a88,0x00000000c6680000)
 Metaspace       used 81251K, committed 82816K, reserved 1179648K
  class space    used 8369K, committed 9088K, reserved 1048576K
}
Event: 6246.768 GC heap before
{Heap before GC invocations=1332 (full 4):
 PSYoungGen      total 50176K, used 47218K [0x00000000d5580000, 0x00000000d9000000, 0x0000000100000000)
  eden space 45568K, 100% used [0x00000000d5580000,0x00000000d8200000,0x00000000d8200000)
  from space 4608K, 35% used [0x00000000d8200000,0x00000000d839ca38,0x00000000d8680000)
  to   space 2560K, 0% used [0x00000000d8d80000,0x00000000d8d80000,0x00000000d9000000)
 ParOldGen       total 1153536K, used 226402K [0x0000000080000000, 0x00000000c6680000, 0x00000000d5580000)
  object space 1153536K, 19% used [0x0000000080000000,0x000000008dd18a88,0x00000000c6680000)
 Metaspace       used 81251K, committed 82816K, reserved 1179648K
  class space    used 8369K, committed 9088K, reserved 1048576K
}
Event: 6246.939 GC heap after
{Heap after GC invocations=1332 (full 4):
 PSYoungGen      total 56832K, used 1853K [0x00000000d5580000, 0x00000000d8f80000, 0x0000000100000000)
  eden space 54784K, 0% used [0x00000000d5580000,0x00000000d5580000,0x00000000d8b00000)
  from space 2048K, 90% used [0x00000000d8d80000,0x00000000d8f4f698,0x00000000d8f80000)
  to   space 2048K, 0% used [0x00000000d8b80000,0x00000000d8b80000,0x00000000d8d80000)
 ParOldGen       total 1153536K, used 227949K [0x0000000080000000, 0x00000000c6680000, 0x00000000d5580000)
  object space 1153536K, 19% used [0x0000000080000000,0x000000008de9b5d8,0x00000000c6680000)
 Metaspace       used 81251K, committed 82816K, reserved 1179648K
  class space    used 8369K, committed 9088K, reserved 1048576K
}
Event: 6247.297 GC heap before
{Heap before GC invocations=1333 (full 4):
 PSYoungGen      total 56832K, used 56637K [0x00000000d5580000, 0x00000000d8f80000, 0x0000000100000000)
  eden space 54784K, 100% used [0x00000000d5580000,0x00000000d8b00000,0x00000000d8b00000)
  from space 2048K, 90% used [0x00000000d8d80000,0x00000000d8f4f698,0x00000000d8f80000)
  to   space 2048K, 0% used [0x00000000d8b80000,0x00000000d8b80000,0x00000000d8d80000)
 ParOldGen       total 1153536K, used 227949K [0x0000000080000000, 0x00000000c6680000, 0x00000000d5580000)
  object space 1153536K, 19% used [0x0000000080000000,0x000000008de9b5d8,0x00000000c6680000)
 Metaspace       used 81263K, committed 82816K, reserved 1179648K
  class space    used 8369K, committed 9088K, reserved 1048576K
}
Event: 6247.728 GC heap after
{Heap after GC invocations=1333 (full 4):
 PSYoungGen      total 57344K, used 886K [0x00000000d5580000, 0x00000000d9900000, 0x0000000100000000)
  eden space 55296K, 0% used [0x00000000d5580000,0x00000000d5580000,0x00000000d8b80000)
  from space 2048K, 43% used [0x00000000d8b80000,0x00000000d8c5d808,0x00000000d8d80000)
  to   space 1536K, 0% used [0x00000000d9780000,0x00000000d9780000,0x00000000d9900000)
 ParOldGen       total 1153536K, used 229747K [0x0000000080000000, 0x00000000c6680000, 0x00000000d5580000)
  object space 1153536K, 19% used [0x0000000080000000,0x000000008e05cc98,0x00000000c6680000)
 Metaspace       used 81263K, committed 82816K, reserved 1179648K
  class space    used 8369K, committed 9088K, reserved 1048576K
}
Event: 6248.427 GC heap before
{Heap before GC invocations=1334 (full 4):
 PSYoungGen      total 57344K, used 56182K [0x00000000d5580000, 0x00000000d9900000, 0x0000000100000000)
  eden space 55296K, 100% used [0x00000000d5580000,0x00000000d8b80000,0x00000000d8b80000)
  from space 2048K, 43% used [0x00000000d8b80000,0x00000000d8c5d808,0x00000000d8d80000)
  to   space 1536K, 0% used [0x00000000d9780000,0x00000000d9780000,0x00000000d9900000)
 ParOldGen       total 1153536K, used 229747K [0x0000000080000000, 0x00000000c6680000, 0x00000000d5580000)
  object space 1153536K, 19% used [0x0000000080000000,0x000000008e05cc98,0x00000000c6680000)
 Metaspace       used 81279K, committed 82816K, reserved 1179648K
  class space    used 8369K, committed 9088K, reserved 1048576K
}
Event: 6248.687 GC heap after
{Heap after GC invocations=1334 (full 4):
 PSYoungGen      total 66048K, used 1534K [0x00000000d5580000, 0x00000000d9c80000, 0x0000000100000000)
  eden space 64512K, 0% used [0x00000000d5580000,0x00000000d5580000,0x00000000d9480000)
  from space 1536K, 99% used [0x00000000d9780000,0x00000000d98ffab0,0x00000000d9900000)
  to   space 3072K, 0% used [0x00000000d9480000,0x00000000d9480000,0x00000000d9780000)
 ParOldGen       total 1153536K, used 230879K [0x0000000080000000, 0x00000000c6680000, 0x00000000d5580000)
  object space 1153536K, 20% used [0x0000000080000000,0x000000008e177f50,0x00000000c6680000)
 Metaspace       used 81279K, committed 82816K, reserved 1179648K
  class space    used 8369K, committed 9088K, reserved 1048576K
}
Event: 6251.576 GC heap before
{Heap before GC invocations=1335 (full 4):
 PSYoungGen      total 66048K, used 66046K [0x00000000d5580000, 0x00000000d9c80000, 0x0000000100000000)
  eden space 64512K, 100% used [0x00000000d5580000,0x00000000d9480000,0x00000000d9480000)
  from space 1536K, 99% used [0x00000000d9780000,0x00000000d98ffab0,0x00000000d9900000)
  to   space 3072K, 0% used [0x00000000d9480000,0x00000000d9480000,0x00000000d9780000)
 ParOldGen       total 1153536K, used 230879K [0x0000000080000000, 0x00000000c6680000, 0x00000000d5580000)
  object space 1153536K, 20% used [0x0000000080000000,0x000000008e177f50,0x00000000c6680000)
 Metaspace       used 81463K, committed 83008K, reserved 1179648K
  class space    used 8373K, committed 9088K, reserved 1048576K
}
Event: 6251.939 GC heap after
{Heap after GC invocations=1335 (full 4):
 PSYoungGen      total 67584K, used 3062K [0x00000000d5580000, 0x00000000db080000, 0x0000000100000000)
  eden space 64512K, 0% used [0x00000000d5580000,0x00000000d5580000,0x00000000d9480000)
  from space 3072K, 99% used [0x00000000d9480000,0x00000000d977d828,0x00000000d9780000)
  to   space 7680K, 0% used [0x00000000da900000,0x00000000da900000,0x00000000db080000)
 ParOldGen       total 1153536K, used 234574K [0x0000000080000000, 0x00000000c6680000, 0x00000000d5580000)
  object space 1153536K, 20% used [0x0000000080000000,0x000000008e513a88,0x00000000c6680000)
 Metaspace       used 81463K, committed 83008K, reserved 1179648K
  class space    used 8373K, committed 9088K, reserved 1048576K
}
Event: 6255.074 GC heap before
{Heap before GC invocations=1336 (full 4):
 PSYoungGen      total 67584K, used 67366K [0x00000000d5580000, 0x00000000db080000, 0x0000000100000000)
  eden space 64512K, 99% used [0x00000000d5580000,0x00000000d944c028,0x00000000d9480000)
  from space 3072K, 99% used [0x00000000d9480000,0x00000000d977d828,0x00000000d9780000)
  to   space 7680K, 0% used [0x00000000da900000,0x00000000da900000,0x00000000db080000)
 ParOldGen       total 1153536K, used 234574K [0x0000000080000000, 0x00000000c6680000, 0x00000000d5580000)
  object space 1153536K, 20% used [0x0000000080000000,0x000000008e513a88,0x00000000c6680000)
 Metaspace       used 81501K, committed 83072K, reserved 1179648K
  class space    used 8373K, committed 9088K, reserved 1048576K
}
Event: 6255.977 GC heap after
{Heap after GC invocations=1336 (full 4):
 PSYoungGen      total 81408K, used 7650K [0x00000000d5580000, 0x00000000db880000, 0x0000000100000000)
  eden space 73728K, 0% used [0x00000000d5580000,0x00000000d5580000,0x00000000d9d80000)
  from space 7680K, 99% used [0x00000000da900000,0x00000000db0789b8,0x00000000db080000)
  to   space 11776K, 0% used [0x00000000d9d80000,0x00000000d9d80000,0x00000000da900000)
 ParOldGen       total 1153536K, used 237639K [0x0000000080000000, 0x00000000c6680000, 0x00000000d5580000)
  object space 1153536K, 20% used [0x0000000080000000,0x000000008e811f80,0x00000000c6680000)
 Metaspace       used 81501K, committed 83072K, reserved 1179648K
  class space    used 8373K, committed 9088K, reserved 1048576K
}

