# JRE version: OpenJDK Runtime Environment Temurin-21.0.9+10 (21.0.9+10) (build 21.0.9+10-LTS)
# Java VM: OpenJDK 64-Bit Server VM Temurin-21.0.9+10 (21.0.9+10-LTS, mixed mode, sharing, tiered, compressed oops, compressed class ptrs, parallel gc, windows-amd64)
GC Precious Log:
 CardTable entry size: 512
 CPUs: 2 total, 2 available
 Memory: 3935M
 Large Page Support: Disabled
 NUMA Support: Disabled
 Compressed Oops: Enabled (32-bit)
 Alignments: Space 512K, Generation 512K, Heap 2M
 Heap Min Capacity: 100M
 Heap Initial Capacity: 100M
 Heap Max Capacity: 2G
 Pre-touch: Disabled
 Parallel Workers: 2
Heap:
 PSYoungGen      total 10240K, used 4218K [0x00000000d5580000, 0x00000000d6100000, 0x0000000100000000)
  eden space 8704K, 35% used [0x00000000d5580000,0x00000000d588e958,0x00000000d5e00000)
  from space 1536K, 70% used [0x00000000d5e00000,0x00000000d5f10000,0x00000000d5f80000)
  to   space 1536K, 0% used [0x00000000d5f80000,0x00000000d5f80000,0x00000000d6100000)
 ParOldGen       total 77312K, used 76809K [0x0000000080000000, 0x0000000084b80000, 0x00000000d5580000)
  object space 77312K, 99% used [0x0000000080000000,0x0000000084b02678,0x0000000084b80000)
 Metaspace       used 66676K, committed 68352K, reserved 1114112K
  class space    used 6893K, committed 7616K, reserved 1048576K
GC Heap History (20 events):
Event: 76726.494 GC heap before
{Heap before GC invocations=181 (full 3):
 PSYoungGen      total 9216K, used 8864K [0x00000000d5580000, 0x00000000d6180000, 0x0000000100000000)
  eden space 8704K, 100% used [0x00000000d5580000,0x00000000d5e00000,0x00000000d5e00000)
  from space 512K, 31% used [0x00000000d6080000,0x00000000d60a8000,0x00000000d6100000)
  to   space 512K, 0% used [0x00000000d6100000,0x00000000d6100000,0x00000000d6180000)
 ParOldGen       total 75264K, used 73147K [0x0000000080000000, 0x0000000084980000, 0x00000000d5580000)
  object space 75264K, 97% used [0x0000000080000000,0x000000008476ec78,0x0000000084980000)
 Metaspace       used 66536K, committed 68224K, reserved 1114112K
  class space    used 6892K, committed 7616K, reserved 1048576K
}
Event: 76726.506 GC heap after
{Heap after GC invocations=181 (full 3):
 PSYoungGen      total 9216K, used 224K [0x00000000d5580000, 0x00000000d6180000, 0x0000000100000000)
  eden space 8704K, 0% used [0x00000000d5580000,0x00000000d5580000,0x00000000d5e00000)
  from space 512K, 43% used [0x00000000d6100000,0x00000000d6138020,0x00000000d6180000)
  to   space 512K, 0% used [0x00000000d6080000,0x00000000d6080000,0x00000000d6100000)
 ParOldGen       total 75264K, used 73163K [0x0000000080000000, 0x0000000084980000, 0x00000000d5580000)
  object space 75264K, 97% used [0x0000000080000000,0x0000000084772c78,0x0000000084980000)
 Metaspace       used 66536K, committed 68224K, reserved 1114112K
  class space    used 6892K, committed 7616K, reserved 1048576K
}
Event: 76835.978 GC heap before
{Heap before GC invocations=182 (full 3):
 PSYoungGen      total 9216K, used 8928K [0x00000000d5580000, 0x00000000d6180000, 0x0000000100000000)
  eden space 8704K, 100% used [0x00000000d5580000,0x00000000d5e00000,0x00000000d5e00000)
  from space 512K, 43% used [0x00000000d6100000,0x00000000d6138020,0x00000000d6180000)
  to   space 512K, 0% used [0x00000000d6080000,0x00000000d6080000,0x00000000d6100000)
 ParOldGen       total 75264K, used 73163K [0x0000000080000000, 0x0000000084980000, 0x00000000d5580000)
  object space 75264K, 97% used [0x0000000080000000,0x0000000084772c78,0x0000000084980000)
 Metaspace       used 66538K, committed 68224K, reserved 1114112K
  class space    used 6892K, committed 7616K, reserved 1048576K
}
Event: 76835.994 GC heap after
{Heap after GC invocations=182 (full 3):
 PSYoungGen      total 9216K, used 160K [0x00000000d5580000, 0x00000000d6180000, 0x0000000100000000)
  eden space 8704K, 0% used [0x00000000d5580000,0x00000000d5580000,0x00000000d5e00000)
  from space 512K, 31% used [0x00000000d6080000,0x00000000d60a8000,0x00000000d6100000)
  to   space 512K, 0% used [0x00000000d6100000,0x00000000d6100000,0x00000000d6180000)
 ParOldGen       total 75264K, used 73243K [0x0000000080000000, 0x0000000084980000, 0x00000000d5580000)
  object space 75264K, 97% used [0x0000000080000000,0x0000000084786c98,0x0000000084980000)
 Metaspace       used 66538K, committed 68224K, reserved 1114112K
  class space    used 6892K, committed 7616K, reserved 1048576K
}
Event: 76921.731 GC heap before
{Heap before GC invocations=183 (full 3):
 PSYoungGen      total 9216K, used 8864K [0x00000000d5580000, 0x00000000d6180000, 0x0000000100000000)
  eden space 8704K, 100% used [0x00000000d5580000,0x00000000d5e00000,0x00000000d5e00000)
  from space 512K, 31% used [0x00000000d6080000,0x00000000d60a8000,0x00000000d6100000)
  to   space 512K, 0% used [0x00000000d6100000,0x00000000d6100000,0x00000000d6180000)
 ParOldGen       total 75264K, used 73243K [0x0000000080000000, 0x0000000084980000, 0x00000000d5580000)
  object space 75264K, 97% used [0x0000000080000000,0x0000000084786c98,0x0000000084980000)
 Metaspace       used 66540K, committed 68224K, reserved 1114112K
  class space    used 6892K, committed 7616K, reserved 1048576K
}
Event: 76921.748 GC heap after
{Heap after GC invocations=183 (full 3):
 PSYoungGen      total 9216K, used 256K [0x00000000d5580000, 0x00000000d6180000, 0x0000000100000000)
  eden space 8704K, 0% used [0x00000000d5580000,0x00000000d5580000,0x00000000d5e00000)
  from space 512K, 50% used [0x00000000d6100000,0x00000000d6140020,0x00000000d6180000)
  to   space 512K, 0% used [0x00000000d6080000,0x00000000d6080000,0x00000000d6100000)
 ParOldGen       total 75264K, used 73259K [0x0000000080000000, 0x0000000084980000, 0x00000000d5580000)
  object space 75264K, 97% used [0x0000000080000000,0x000000008478ac98,0x0000000084980000)
 Metaspace       used 66540K, committed 68224K, reserved 1114112K
  class space    used 6892K, committed 7616K, reserved 1048576K
}
Event: 76958.232 GC heap before
{Heap before GC invocations=184 (full 3):
 PSYoungGen      total 9216K, used 8959K [0x00000000d5580000, 0x00000000d6180000, 0x0000000100000000)
  eden space 8704K, 99% used [0x00000000d5580000,0x00000000d5dfffc0,0x00000000d5e00000)
  from space 512K, 50% used [0x00000000d6100000,0x00000000d6140020,0x00000000d6180000)
  to   space 512K, 0% used [0x00000000d6080000,0x00000000d6080000,0x00000000d6100000)
 ParOldGen       total 75264K, used 73259K [0x0000000080000000, 0x0000000084980000, 0x00000000d5580000)
  object space 75264K, 97% used [0x0000000080000000,0x000000008478ac98,0x0000000084980000)
 Metaspace       used 66543K, committed 68224K, reserved 1114112K
  class space    used 6892K, committed 7616K, reserved 1048576K
}
Event: 76958.297 GC heap after
{Heap after GC invocations=184 (full 3):
 PSYoungGen      total 9216K, used 256K [0x00000000d5580000, 0x00000000d6180000, 0x0000000100000000)
  eden space 8704K, 0% used [0x00000000d5580000,0x00000000d5580000,0x00000000d5e00000)
  from space 512K, 50% used [0x00000000d6080000,0x00000000d60c0020,0x00000000d6100000)
  to   space 512K, 0% used [0x00000000d6100000,0x00000000d6100000,0x00000000d6180000)
 ParOldGen       total 75264K, used 73339K [0x0000000080000000, 0x0000000084980000, 0x00000000d5580000)
  object space 75264K, 97% used [0x0000000080000000,0x000000008479ecb8,0x0000000084980000)
 Metaspace       used 66543K, committed 68224K, reserved 1114112K
  class space    used 6892K, committed 7616K, reserved 1048576K
}
Event: 77286.511 GC heap before
{Heap before GC invocations=185 (full 3):
 PSYoungGen      total 9216K, used 8930K [0x00000000d5580000, 0x00000000d6180000, 0x0000000100000000)
  eden space 8704K, 99% used [0x00000000d5580000,0x00000000d5df89b0,0x00000000d5e00000)
  from space 512K, 50% used [0x00000000d6080000,0x00000000d60c0020,0x00000000d6100000)
  to   space 512K, 0% used [0x00000000d6100000,0x00000000d6100000,0x00000000d6180000)
 ParOldGen       total 75264K, used 73339K [0x0000000080000000, 0x0000000084980000, 0x00000000d5580000)
  object space 75264K, 97% used [0x0000000080000000,0x000000008479ecb8,0x0000000084980000)
 Metaspace       used 66562K, committed 68224K, reserved 1114112K
  class space    used 6893K, committed 7616K, reserved 1048576K
}
Event: 77286.856 GC heap after
{Heap after GC invocations=185 (full 3):
 PSYoungGen      total 9216K, used 484K [0x00000000d5580000, 0x00000000d6180000, 0x0000000100000000)
  eden space 8704K, 0% used [0x00000000d5580000,0x00000000d5580000,0x00000000d5e00000)
  from space 512K, 94% used [0x00000000d6100000,0x00000000d6179198,0x00000000d6180000)
  to   space 1536K, 0% used [0x00000000d5e80000,0x00000000d5e80000,0x00000000d6000000)
 ParOldGen       total 75264K, used 73925K [0x0000000080000000, 0x0000000084980000, 0x00000000d5580000)
  object space 75264K, 98% used [0x0000000080000000,0x0000000084831720,0x0000000084980000)
 Metaspace       used 66562K, committed 68224K, reserved 1114112K
  class space    used 6893K, committed 7616K, reserved 1048576K
}
Event: 77297.874 GC heap before
{Heap before GC invocations=186 (full 3):
 PSYoungGen      total 9216K, used 9188K [0x00000000d5580000, 0x00000000d6180000, 0x0000000100000000)
  eden space 8704K, 100% used [0x00000000d5580000,0x00000000d5e00000,0x00000000d5e00000)
  from space 512K, 94% used [0x00000000d6100000,0x00000000d6179198,0x00000000d6180000)
  to   space 1536K, 0% used [0x00000000d5e80000,0x00000000d5e80000,0x00000000d6000000)
 ParOldGen       total 75264K, used 73925K [0x0000000080000000, 0x0000000084980000, 0x00000000d5580000)
  object space 75264K, 98% used [0x0000000080000000,0x0000000084831720,0x0000000084980000)
 Metaspace       used 66563K, committed 68224K, reserved 1114112K
  class space    used 6893K, committed 7616K, reserved 1048576K
}
Event: 77297.948 GC heap after
{Heap after GC invocations=186 (full 3):
 PSYoungGen      total 10240K, used 587K [0x00000000d5580000, 0x00000000d6180000, 0x0000000100000000)
  eden space 8704K, 0% used [0x00000000d5580000,0x00000000d5580000,0x00000000d5e00000)
  from space 1536K, 38% used [0x00000000d5e80000,0x00000000d5f12d68,0x00000000d6000000)
  to   space 1024K, 0% used [0x00000000d6080000,0x00000000d6080000,0x00000000d6180000)
 ParOldGen       total 75264K, used 74362K [0x0000000080000000, 0x0000000084980000, 0x00000000d5580000)
  object space 75264K, 98% used [0x0000000080000000,0x000000008489e8c8,0x0000000084980000)
 Metaspace       used 66563K, committed 68224K, reserved 1114112K
  class space    used 6893K, committed 7616K, reserved 1048576K
}
Event: 77305.697 GC heap before
{Heap before GC invocations=187 (full 3):
 PSYoungGen      total 10240K, used 9291K [0x00000000d5580000, 0x00000000d6180000, 0x0000000100000000)
  eden space 8704K, 100% used [0x00000000d5580000,0x00000000d5e00000,0x00000000d5e00000)
  from space 1536K, 38% used [0x00000000d5e80000,0x00000000d5f12d68,0x00000000d6000000)
  to   space 1024K, 0% used [0x00000000d6080000,0x00000000d6080000,0x00000000d6180000)
 ParOldGen       total 75264K, used 74362K [0x0000000080000000, 0x0000000084980000, 0x00000000d5580000)
  object space 75264K, 98% used [0x0000000080000000,0x000000008489e8c8,0x0000000084980000)
 Metaspace       used 66568K, committed 68224K, reserved 1114112K
  class space    used 6893K, committed 7616K, reserved 1048576K
}
Event: 77305.994 GC heap after
{Heap after GC invocations=187 (full 3):
 PSYoungGen      total 9728K, used 659K [0x00000000d5580000, 0x00000000d6180000, 0x0000000100000000)
  eden space 8704K, 0% used [0x00000000d5580000,0x00000000d5580000,0x00000000d5e00000)
  from space 1024K, 64% used [0x00000000d6080000,0x00000000d6124ef8,0x00000000d6180000)
  to   space 1024K, 0% used [0x00000000d5f80000,0x00000000d5f80000,0x00000000d6080000)
 ParOldGen       total 75264K, used 74787K [0x0000000080000000, 0x0000000084980000, 0x00000000d5580000)
  object space 75264K, 99% used [0x0000000080000000,0x0000000084908cf8,0x0000000084980000)
 Metaspace       used 66568K, committed 68224K, reserved 1114112K
  class space    used 6893K, committed 7616K, reserved 1048576K
}
Event: 77311.550 GC heap before
{Heap before GC invocations=188 (full 3):
 PSYoungGen      total 9728K, used 9363K [0x00000000d5580000, 0x00000000d6180000, 0x0000000100000000)
  eden space 8704K, 100% used [0x00000000d5580000,0x00000000d5e00000,0x00000000d5e00000)
  from space 1024K, 64% used [0x00000000d6080000,0x00000000d6124ef8,0x00000000d6180000)
  to   space 1024K, 0% used [0x00000000d5f80000,0x00000000d5f80000,0x00000000d6080000)
 ParOldGen       total 75264K, used 74787K [0x0000000080000000, 0x0000000084980000, 0x00000000d5580000)
  object space 75264K, 99% used [0x0000000080000000,0x0000000084908cf8,0x0000000084980000)
 Metaspace       used 66569K, committed 68224K, reserved 1114112K
  class space    used 6893K, committed 7616K, reserved 1048576K
}
Event: 77312.084 GC heap after
{Heap after GC invocations=188 (full 3):
 PSYoungGen      total 9728K, used 999K [0x00000000d5580000, 0x00000000d6300000, 0x0000000100000000)
  eden space 8704K, 0% used [0x00000000d5580000,0x00000000d5580000,0x00000000d5e00000)
  from space 1024K, 97% used [0x00000000d5f80000,0x00000000d6079fa8,0x00000000d6080000)
  to   space 2560K, 0% used [0x00000000d6080000,0x00000000d6080000,0x00000000d6300000)
 ParOldGen       total 75776K, used 75697K [0x0000000080000000, 0x0000000084a00000, 0x00000000d5580000)
  object space 75776K, 99% used [0x0000000080000000,0x00000000849ec518,0x0000000084a00000)
 Metaspace       used 66569K, committed 68224K, reserved 1114112K
  class space    used 6893K, committed 7616K, reserved 1048576K
}
Event: 77323.243 GC heap before
{Heap before GC invocations=189 (full 3):
 PSYoungGen      total 9728K, used 9703K [0x00000000d5580000, 0x00000000d6300000, 0x0000000100000000)
  eden space 8704K, 100% used [0x00000000d5580000,0x00000000d5e00000,0x00000000d5e00000)
  from space 1024K, 97% used [0x00000000d5f80000,0x00000000d6079fa8,0x00000000d6080000)
  to   space 2560K, 0% used [0x00000000d6080000,0x00000000d6080000,0x00000000d6300000)
 ParOldGen       total 75776K, used 75697K [0x0000000080000000, 0x0000000084a00000, 0x00000000d5580000)
  object space 75776K, 99% used [0x0000000080000000,0x00000000849ec518,0x0000000084a00000)
 Metaspace       used 66586K, committed 68288K, reserved 1114112K
  class space    used 6893K, committed 7616K, reserved 1048576K
}
Event: 77323.348 GC heap after
{Heap after GC invocations=189 (full 3):
 PSYoungGen      total 11264K, used 2042K [0x00000000d5580000, 0x00000000d6300000, 0x0000000100000000)
  eden space 8704K, 0% used [0x00000000d5580000,0x00000000d5580000,0x00000000d5e00000)
  from space 2560K, 79% used [0x00000000d6080000,0x00000000d627e990,0x00000000d6300000)
  to   space 2560K, 0% used [0x00000000d5e00000,0x00000000d5e00000,0x00000000d6080000)
 ParOldGen       total 77312K, used 76657K [0x0000000080000000, 0x0000000084b80000, 0x00000000d5580000)
  object space 77312K, 99% used [0x0000000080000000,0x0000000084adc658,0x0000000084b80000)
 Metaspace       used 66586K, committed 68288K, reserved 1114112K
  class space    used 6893K, committed 7616K, reserved 1048576K
}
Event: 77369.971 GC heap before
{Heap before GC invocations=190 (full 3):
 PSYoungGen      total 11264K, used 10746K [0x00000000d5580000, 0x00000000d6300000, 0x0000000100000000)
  eden space 8704K, 100% used [0x00000000d5580000,0x00000000d5e00000,0x00000000d5e00000)
  from space 2560K, 79% used [0x00000000d6080000,0x00000000d627e990,0x00000000d6300000)
  to   space 2560K, 0% used [0x00000000d5e00000,0x00000000d5e00000,0x00000000d6080000)
 ParOldGen       total 77312K, used 76657K [0x0000000080000000, 0x0000000084b80000, 0x00000000d5580000)
  object space 77312K, 99% used [0x0000000080000000,0x0000000084adc658,0x0000000084b80000)
 Metaspace       used 66676K, committed 68352K, reserved 1114112K
  class space    used 6893K, committed 7616K, reserved 1048576K
}
Event: 77370.053 GC heap after
{Heap after GC invocations=190 (full 3):
 PSYoungGen      total 10240K, used 1088K [0x00000000d5580000, 0x00000000d6100000, 0x0000000100000000)
  eden space 8704K, 0% used [0x00000000d5580000,0x00000000d5580000,0x00000000d5e00000)
  from space 1536K, 70% used [0x00000000d5e00000,0x00000000d5f10000,0x00000000d5f80000)
  to   space 1536K, 0% used [0x00000000d5f80000,0x00000000d5f80000,0x00000000d6100000)
 ParOldGen       total 77312K, used 76809K [0x0000000080000000, 0x0000000084b80000, 0x00000000d5580000)
  object space 77312K, 99% used [0x0000000080000000,0x0000000084b02678,0x0000000084b80000)
 Metaspace       used 66676K, committed 68352K, reserved 1114112K
  class space    used 6893K, committed 7616K, reserved 1048576K
}

