# JRE version: OpenJDK Runtime Environment Temurin-21.0.9+10 (21.0.9+10) (build 21.0.9+10-LTS)
# Java VM: OpenJDK 64-Bit Server VM Temurin-21.0.9+10 (21.0.9+10-LTS, mixed mode, sharing, tiered, compressed oops, compressed class ptrs, parallel gc, windows-amd64)
GC Precious Log:
 CardTable entry size: 512
 CPUs: 2 total, 2 available
 Memory: 3935M
 Large Page Support: Disabled
 NUMA Support: Disabled
 Compressed Oops: Enabled (32-bit)
 Alignments: Space 512K, Generation 512K, Heap 2M
 Heap Min Capacity: 100M
 Heap Initial Capacity: 100M
 Heap Max Capacity: 2G
 Pre-touch: Disabled
 Parallel Workers: 2
Heap:
 PSYoungGen      total 3072K, used 1232K [0x00000000d5580000, 0x00000000d5a00000, 0x0000000100000000)
  eden space 2048K, 24% used [0x00000000d5580000,0x00000000d55fc3c0,0x00000000d5780000)
  from space 1024K, 71% used [0x00000000d5800000,0x00000000d58b8000,0x00000000d5900000)
  to   space 1024K, 0% used [0x00000000d5900000,0x00000000d5900000,0x00000000d5a00000)
 ParOldGen       total 790016K, used 789889K [0x0000000080000000, 0x00000000b0380000, 0x00000000d5580000)
  object space 790016K, 99% used [0x0000000080000000,0x00000000b0360578,0x00000000b0380000)
 Metaspace       used 72364K, committed 73920K, reserved 1179648K
  class space    used 7571K, committed 8256K, reserved 1048576K
GC Heap History (20 events):
Event: 582.879 GC heap before
{Heap before GC invocations=1023 (full 3):
 PSYoungGen      total 4096K, used 3761K [0x00000000d5580000, 0x00000000d5b80000, 0x0000000100000000)
  eden space 2048K, 100% used [0x00000000d5580000,0x00000000d5780000,0x00000000d5780000)
  from space 2048K, 83% used [0x00000000d5780000,0x00000000d592c710,0x00000000d5980000)
  to   space 2048K, 0% used [0x00000000d5980000,0x00000000d5980000,0x00000000d5b80000)
 ParOldGen       total 780800K, used 780761K [0x0000000080000000, 0x00000000afa80000, 0x00000000d5580000)
  object space 780800K, 99% used [0x0000000080000000,0x00000000afa766d8,0x00000000afa80000)
 Metaspace       used 71750K, committed 73280K, reserved 1179648K
  class space    used 7480K, committed 8128K, reserved 1048576K
}
Event: 582.923 GC heap after
{Heap after GC invocations=1023 (full 3):
 PSYoungGen      total 3072K, used 1024K [0x00000000d5580000, 0x00000000d5a80000, 0x0000000100000000)
  eden space 2048K, 0% used [0x00000000d5580000,0x00000000d5580000,0x00000000d5780000)
  from space 1024K, 100% used [0x00000000d5980000,0x00000000d5a80000,0x00000000d5a80000)
  to   space 1536K, 0% used [0x00000000d5780000,0x00000000d5780000,0x00000000d5900000)
 ParOldGen       total 782848K, used 782442K [0x0000000080000000, 0x00000000afc80000, 0x00000000d5580000)
  object space 782848K, 99% used [0x0000000080000000,0x00000000afc1a8d8,0x00000000afc80000)
 Metaspace       used 71750K, committed 73280K, reserved 1179648K
  class space    used 7480K, committed 8128K, reserved 1048576K
}
Event: 584.086 GC heap before
{Heap before GC invocations=1024 (full 3):
 PSYoungGen      total 3072K, used 3072K [0x00000000d5580000, 0x00000000d5a80000, 0x0000000100000000)
  eden space 2048K, 100% used [0x00000000d5580000,0x00000000d5780000,0x00000000d5780000)
  from space 1024K, 100% used [0x00000000d5980000,0x00000000d5a80000,0x00000000d5a80000)
  to   space 1536K, 0% used [0x00000000d5780000,0x00000000d5780000,0x00000000d5900000)
 ParOldGen       total 782848K, used 782442K [0x0000000080000000, 0x00000000afc80000, 0x00000000d5580000)
  object space 782848K, 99% used [0x0000000080000000,0x00000000afc1a8d8,0x00000000afc80000)
 Metaspace       used 71819K, committed 73408K, reserved 1179648K
  class space    used 7495K, committed 8192K, reserved 1048576K
}
Event: 584.179 GC heap after
{Heap after GC invocations=1024 (full 3):
 PSYoungGen      total 3584K, used 160K [0x00000000d5580000, 0x00000000d5a00000, 0x0000000100000000)
  eden space 2048K, 0% used [0x00000000d5580000,0x00000000d5580000,0x00000000d5780000)
  from space 1536K, 10% used [0x00000000d5780000,0x00000000d57a8000,0x00000000d5900000)
  to   space 1024K, 0% used [0x00000000d5900000,0x00000000d5900000,0x00000000d5a00000)
 ParOldGen       total 783872K, used 783444K [0x0000000080000000, 0x00000000afd80000, 0x00000000d5580000)
  object space 783872K, 99% used [0x0000000080000000,0x00000000afd15000,0x00000000afd80000)
 Metaspace       used 71819K, committed 73408K, reserved 1179648K
  class space    used 7495K, committed 8192K, reserved 1048576K
}
Event: 584.732 GC heap before
{Heap before GC invocations=1025 (full 3):
 PSYoungGen      total 3584K, used 2207K [0x00000000d5580000, 0x00000000d5a00000, 0x0000000100000000)
  eden space 2048K, 99% used [0x00000000d5580000,0x00000000d577fff0,0x00000000d5780000)
  from space 1536K, 10% used [0x00000000d5780000,0x00000000d57a8000,0x00000000d5900000)
  to   space 1024K, 0% used [0x00000000d5900000,0x00000000d5900000,0x00000000d5a00000)
 ParOldGen       total 783872K, used 783444K [0x0000000080000000, 0x00000000afd80000, 0x00000000d5580000)
  object space 783872K, 99% used [0x0000000080000000,0x00000000afd15000,0x00000000afd80000)
 Metaspace       used 71868K, committed 73472K, reserved 1179648K
  class space    used 7501K, committed 8192K, reserved 1048576K
}
Event: 584.737 GC heap after
{Heap after GC invocations=1025 (full 3):
 PSYoungGen      total 2560K, used 128K [0x00000000d5580000, 0x00000000d5980000, 0x0000000100000000)
  eden space 2048K, 0% used [0x00000000d5580000,0x00000000d5580000,0x00000000d5780000)
  from space 512K, 25% used [0x00000000d5900000,0x00000000d5920020,0x00000000d5980000)
  to   space 512K, 0% used [0x00000000d5880000,0x00000000d5880000,0x00000000d5900000)
 ParOldGen       total 783872K, used 783524K [0x0000000080000000, 0x00000000afd80000, 0x00000000d5580000)
  object space 783872K, 99% used [0x0000000080000000,0x00000000afd29000,0x00000000afd80000)
 Metaspace       used 71868K, committed 73472K, reserved 1179648K
  class space    used 7501K, committed 8192K, reserved 1048576K
}
Event: 587.003 GC heap before
{Heap before GC invocations=1026 (full 3):
 PSYoungGen      total 2560K, used 2173K [0x00000000d5580000, 0x00000000d5980000, 0x0000000100000000)
  eden space 2048K, 99% used [0x00000000d5580000,0x00000000d577f688,0x00000000d5780000)
  from space 512K, 25% used [0x00000000d5900000,0x00000000d5920020,0x00000000d5980000)
  to   space 512K, 0% used [0x00000000d5880000,0x00000000d5880000,0x00000000d5900000)
 ParOldGen       total 783872K, used 783524K [0x0000000080000000, 0x00000000afd80000, 0x00000000d5580000)
  object space 783872K, 99% used [0x0000000080000000,0x00000000afd29000,0x00000000afd80000)
 Metaspace       used 72121K, committed 73664K, reserved 1179648K
  class space    used 7531K, committed 8192K, reserved 1048576K
}
Event: 587.391 GC heap after
{Heap after GC invocations=1026 (full 3):
 PSYoungGen      total 2560K, used 160K [0x00000000d5580000, 0x00000000d5980000, 0x0000000100000000)
  eden space 2048K, 0% used [0x00000000d5580000,0x00000000d5580000,0x00000000d5780000)
  from space 512K, 31% used [0x00000000d5880000,0x00000000d58a8020,0x00000000d5900000)
  to   space 512K, 0% used [0x00000000d5900000,0x00000000d5900000,0x00000000d5980000)
 ParOldGen       total 783872K, used 783628K [0x0000000080000000, 0x00000000afd80000, 0x00000000d5580000)
  object space 783872K, 99% used [0x0000000080000000,0x00000000afd43020,0x00000000afd80000)
 Metaspace       used 72121K, committed 73664K, reserved 1179648K
  class space    used 7531K, committed 8192K, reserved 1048576K
}
Event: 593.922 GC heap before
{Heap before GC invocations=1027 (full 3):
 PSYoungGen      total 2560K, used 2208K [0x00000000d5580000, 0x00000000d5980000, 0x0000000100000000)
  eden space 2048K, 100% used [0x00000000d5580000,0x00000000d5780000,0x00000000d5780000)
  from space 512K, 31% used [0x00000000d5880000,0x00000000d58a8020,0x00000000d5900000)
  to   space 512K, 0% used [0x00000000d5900000,0x00000000d5900000,0x00000000d5980000)
 ParOldGen       total 783872K, used 783628K [0x0000000080000000, 0x00000000afd80000, 0x00000000d5580000)
  object space 783872K, 99% used [0x0000000080000000,0x00000000afd43020,0x00000000afd80000)
 Metaspace       used 72215K, committed 73856K, reserved 1179648K
  class space    used 7541K, committed 8256K, reserved 1048576K
}
Event: 594.098 GC heap after
{Heap after GC invocations=1027 (full 3):
 PSYoungGen      total 2560K, used 180K [0x00000000d5580000, 0x00000000d5980000, 0x0000000100000000)
  eden space 2048K, 0% used [0x00000000d5580000,0x00000000d5580000,0x00000000d5780000)
  from space 512K, 35% used [0x00000000d5900000,0x00000000d592d200,0x00000000d5980000)
  to   space 512K, 0% used [0x00000000d5880000,0x00000000d5880000,0x00000000d5900000)
 ParOldGen       total 783872K, used 783732K [0x0000000080000000, 0x00000000afd80000, 0x00000000d5580000)
  object space 783872K, 99% used [0x0000000080000000,0x00000000afd5d040,0x00000000afd80000)
 Metaspace       used 72215K, committed 73856K, reserved 1179648K
  class space    used 7541K, committed 8256K, reserved 1048576K
}
Event: 595.177 GC heap before
{Heap before GC invocations=1028 (full 3):
 PSYoungGen      total 2560K, used 2186K [0x00000000d5580000, 0x00000000d5980000, 0x0000000100000000)
  eden space 2048K, 97% used [0x00000000d5580000,0x00000000d5775958,0x00000000d5780000)
  from space 512K, 35% used [0x00000000d5900000,0x00000000d592d200,0x00000000d5980000)
  to   space 512K, 0% used [0x00000000d5880000,0x00000000d5880000,0x00000000d5900000)
 ParOldGen       total 783872K, used 783732K [0x0000000080000000, 0x00000000afd80000, 0x00000000d5580000)
  object space 783872K, 99% used [0x0000000080000000,0x00000000afd5d040,0x00000000afd80000)
 Metaspace       used 72219K, committed 73856K, reserved 1179648K
  class space    used 7541K, committed 8256K, reserved 1048576K
}
Event: 595.190 GC heap after
{Heap after GC invocations=1028 (full 3):
 PSYoungGen      total 2560K, used 504K [0x00000000d5580000, 0x00000000d5b80000, 0x0000000100000000)
  eden space 2048K, 0% used [0x00000000d5580000,0x00000000d5580000,0x00000000d5780000)
  from space 512K, 98% used [0x00000000d5880000,0x00000000d58fe0e0,0x00000000d5900000)
  to   space 2048K, 0% used [0x00000000d5980000,0x00000000d5980000,0x00000000d5b80000)
 ParOldGen       total 784896K, used 784767K [0x0000000080000000, 0x00000000afe80000, 0x00000000d5580000)
  object space 784896K, 99% used [0x0000000080000000,0x00000000afe5fc70,0x00000000afe80000)
 Metaspace       used 72219K, committed 73856K, reserved 1179648K
  class space    used 7541K, committed 8256K, reserved 1048576K
}
Event: 595.350 GC heap before
{Heap before GC invocations=1029 (full 3):
 PSYoungGen      total 2560K, used 2552K [0x00000000d5580000, 0x00000000d5b80000, 0x0000000100000000)
  eden space 2048K, 100% used [0x00000000d5580000,0x00000000d5780000,0x00000000d5780000)
  from space 512K, 98% used [0x00000000d5880000,0x00000000d58fe0e0,0x00000000d5900000)
  to   space 2048K, 0% used [0x00000000d5980000,0x00000000d5980000,0x00000000d5b80000)
 ParOldGen       total 784896K, used 784767K [0x0000000080000000, 0x00000000afe80000, 0x00000000d5580000)
  object space 784896K, 99% used [0x0000000080000000,0x00000000afe5fc70,0x00000000afe80000)
 Metaspace       used 72219K, committed 73856K, reserved 1179648K
  class space    used 7541K, committed 8256K, reserved 1048576K
}
Event: 595.356 GC heap after
{Heap after GC invocations=1029 (full 3):
 PSYoungGen      total 4096K, used 1807K [0x00000000d5580000, 0x00000000d5b80000, 0x0000000100000000)
  eden space 2048K, 0% used [0x00000000d5580000,0x00000000d5580000,0x00000000d5780000)
  from space 2048K, 88% used [0x00000000d5980000,0x00000000d5b43e60,0x00000000d5b80000)
  to   space 2048K, 0% used [0x00000000d5780000,0x00000000d5780000,0x00000000d5980000)
 ParOldGen       total 785408K, used 785282K [0x0000000080000000, 0x00000000aff00000, 0x00000000d5580000)
  object space 785408K, 99% used [0x0000000080000000,0x00000000afee0bb8,0x00000000aff00000)
 Metaspace       used 72219K, committed 73856K, reserved 1179648K
  class space    used 7541K, committed 8256K, reserved 1048576K
}
Event: 595.953 GC heap before
{Heap before GC invocations=1030 (full 3):
 PSYoungGen      total 4096K, used 3855K [0x00000000d5580000, 0x00000000d5b80000, 0x0000000100000000)
  eden space 2048K, 100% used [0x00000000d5580000,0x00000000d5780000,0x00000000d5780000)
  from space 2048K, 88% used [0x00000000d5980000,0x00000000d5b43e60,0x00000000d5b80000)
  to   space 2048K, 0% used [0x00000000d5780000,0x00000000d5780000,0x00000000d5980000)
 ParOldGen       total 785408K, used 785282K [0x0000000080000000, 0x00000000aff00000, 0x00000000d5580000)
  object space 785408K, 99% used [0x0000000080000000,0x00000000afee0bb8,0x00000000aff00000)
 Metaspace       used 72220K, committed 73856K, reserved 1179648K
  class space    used 7541K, committed 8256K, reserved 1048576K
}
Event: 596.010 GC heap after
{Heap after GC invocations=1030 (full 3):
 PSYoungGen      total 4096K, used 1768K [0x00000000d5580000, 0x00000000d5b80000, 0x0000000100000000)
  eden space 2048K, 0% used [0x00000000d5580000,0x00000000d5580000,0x00000000d5780000)
  from space 2048K, 86% used [0x00000000d5780000,0x00000000d593a388,0x00000000d5980000)
  to   space 2048K, 0% used [0x00000000d5980000,0x00000000d5980000,0x00000000d5b80000)
 ParOldGen       total 787456K, used 787039K [0x0000000080000000, 0x00000000b0100000, 0x00000000d5580000)
  object space 787456K, 99% used [0x0000000080000000,0x00000000b0097dd8,0x00000000b0100000)
 Metaspace       used 72220K, committed 73856K, reserved 1179648K
  class space    used 7541K, committed 8256K, reserved 1048576K
}
Event: 601.485 GC heap before
{Heap before GC invocations=1031 (full 3):
 PSYoungGen      total 4096K, used 3816K [0x00000000d5580000, 0x00000000d5b80000, 0x0000000100000000)
  eden space 2048K, 100% used [0x00000000d5580000,0x00000000d5780000,0x00000000d5780000)
  from space 2048K, 86% used [0x00000000d5780000,0x00000000d593a388,0x00000000d5980000)
  to   space 2048K, 0% used [0x00000000d5980000,0x00000000d5980000,0x00000000d5b80000)
 ParOldGen       total 787456K, used 787039K [0x0000000080000000, 0x00000000b0100000, 0x00000000d5580000)
  object space 787456K, 99% used [0x0000000080000000,0x00000000b0097dd8,0x00000000b0100000)
 Metaspace       used 72318K, committed 73920K, reserved 1179648K
  class space    used 7567K, committed 8256K, reserved 1048576K
}
Event: 601.535 GC heap after
{Heap after GC invocations=1031 (full 3):
 PSYoungGen      total 3584K, used 1155K [0x00000000d5580000, 0x00000000d5b00000, 0x0000000100000000)
  eden space 2048K, 0% used [0x00000000d5580000,0x00000000d5580000,0x00000000d5780000)
  from space 1536K, 75% used [0x00000000d5980000,0x00000000d5aa0e58,0x00000000d5b00000)
  to   space 1536K, 0% used [0x00000000d5800000,0x00000000d5800000,0x00000000d5980000)
 ParOldGen       total 788992K, used 788774K [0x0000000080000000, 0x00000000b0280000, 0x00000000d5580000)
  object space 788992K, 99% used [0x0000000080000000,0x00000000b0249988,0x00000000b0280000)
 Metaspace       used 72318K, committed 73920K, reserved 1179648K
  class space    used 7567K, committed 8256K, reserved 1048576K
}
Event: 602.904 GC heap before
{Heap before GC invocations=1032 (full 3):
 PSYoungGen      total 3584K, used 3203K [0x00000000d5580000, 0x00000000d5b00000, 0x0000000100000000)
  eden space 2048K, 100% used [0x00000000d5580000,0x00000000d5780000,0x00000000d5780000)
  from space 1536K, 75% used [0x00000000d5980000,0x00000000d5aa0e58,0x00000000d5b00000)
  to   space 1536K, 0% used [0x00000000d5800000,0x00000000d5800000,0x00000000d5980000)
 ParOldGen       total 788992K, used 788774K [0x0000000080000000, 0x00000000b0280000, 0x00000000d5580000)
  object space 788992K, 99% used [0x0000000080000000,0x00000000b0249988,0x00000000b0280000)
 Metaspace       used 72329K, committed 73920K, reserved 1179648K
  class space    used 7568K, committed 8256K, reserved 1048576K
}
Event: 602.960 GC heap after
{Heap after GC invocations=1032 (full 3):
 PSYoungGen      total 3072K, used 736K [0x00000000d5580000, 0x00000000d5a00000, 0x0000000100000000)
  eden space 2048K, 0% used [0x00000000d5580000,0x00000000d5580000,0x00000000d5780000)
  from space 1024K, 71% used [0x00000000d5800000,0x00000000d58b8000,0x00000000d5900000)
  to   space 1024K, 0% used [0x00000000d5900000,0x00000000d5900000,0x00000000d5a00000)
 ParOldGen       total 790016K, used 789889K [0x0000000080000000, 0x00000000b0380000, 0x00000000d5580000)
  object space 790016K, 99% used [0x0000000080000000,0x00000000b0360578,0x00000000b0380000)
 Metaspace       used 72329K, committed 73920K, reserved 1179648K
  class space    used 7568K, committed 8256K, reserved 1048576K
}

