# JRE version: OpenJDK Runtime Environment Temurin-21.0.9+10 (21.0.9+10) (build 21.0.9+10-LTS)
# Java VM: OpenJDK 64-Bit Server VM Temurin-21.0.9+10 (21.0.9+10-LTS, mixed mode, sharing, tiered, compressed oops, compressed class ptrs, parallel gc, windows-amd64)
GC Precious Log:
 CardTable entry size: 512
 CPUs: 2 total, 2 available
 Memory: 3935M
 Large Page Support: Disabled
 NUMA Support: Disabled
 Compressed Oops: Enabled (32-bit)
 Alignments: Space 512K, Generation 512K, Heap 2M
 Heap Min Capacity: 100M
 Heap Initial Capacity: 100M
 Heap Max Capacity: 2G
 Pre-touch: Disabled
 Parallel Workers: 2
Heap:
 PSYoungGen      total 13312K, used 12992K [0x00000000d5580000, 0x00000000d6400000, 0x0000000100000000)
  eden space 12800K, 100% used [0x00000000d5580000,0x00000000d6200000,0x00000000d6200000)
  from space 512K, 37% used [0x00000000d6380000,0x00000000d63b0000,0x00000000d6400000)
  to   space 512K, 25% used [0x00000000d6300000,0x00000000d6320000,0x00000000d6380000)
 ParOldGen       total 80384K, used 75633K [0x0000000080000000, 0x0000000084e80000, 0x00000000d5580000)
  object space 80384K, 94% used [0x0000000080000000,0x00000000849dc448,0x0000000084e80000)
 Metaspace       used 64023K, committed 65536K, reserved 1114112K
  class space    used 6730K, committed 7360K, reserved 1048576K
GC Heap History (20 events):
Event: 497.812 GC heap before
{Heap before GC invocations=88 (full 3):
 PSYoungGen      total 13312K, used 13296K [0x00000000d5580000, 0x00000000d6400000, 0x0000000100000000)
  eden space 12800K, 100% used [0x00000000d5580000,0x00000000d6200000,0x00000000d6200000)
  from space 512K, 96% used [0x00000000d6380000,0x00000000d63fc220,0x00000000d6400000)
  to   space 1024K, 0% used [0x00000000d6200000,0x00000000d6200000,0x00000000d6300000)
 ParOldGen       total 80384K, used 63742K [0x0000000080000000, 0x0000000084e80000, 0x00000000d5580000)
  object space 80384K, 79% used [0x0000000080000000,0x0000000083e3f9e0,0x0000000084e80000)
 Metaspace       used 63600K, committed 65088K, reserved 1114112K
  class space    used 6690K, committed 7296K, reserved 1048576K
}
Event: 497.815 GC heap after
{Heap after GC invocations=88 (full 3):
 PSYoungGen      total 13824K, used 244K [0x00000000d5580000, 0x00000000d6400000, 0x0000000100000000)
  eden space 12800K, 0% used [0x00000000d5580000,0x00000000d5580000,0x00000000d6200000)
  from space 1024K, 23% used [0x00000000d6200000,0x00000000d623d2c0,0x00000000d6300000)
  to   space 512K, 0% used [0x00000000d6380000,0x00000000d6380000,0x00000000d6400000)
 ParOldGen       total 80384K, used 64144K [0x0000000080000000, 0x0000000084e80000, 0x00000000d5580000)
  object space 80384K, 79% used [0x0000000080000000,0x0000000083ea4088,0x0000000084e80000)
 Metaspace       used 63600K, committed 65088K, reserved 1114112K
  class space    used 6690K, committed 7296K, reserved 1048576K
}
Event: 497.858 GC heap before
{Heap before GC invocations=89 (full 3):
 PSYoungGen      total 13824K, used 13044K [0x00000000d5580000, 0x00000000d6400000, 0x0000000100000000)
  eden space 12800K, 100% used [0x00000000d5580000,0x00000000d6200000,0x00000000d6200000)
  from space 1024K, 23% used [0x00000000d6200000,0x00000000d623d2c0,0x00000000d6300000)
  to   space 512K, 0% used [0x00000000d6380000,0x00000000d6380000,0x00000000d6400000)
 ParOldGen       total 80384K, used 64144K [0x0000000080000000, 0x0000000084e80000, 0x00000000d5580000)
  object space 80384K, 79% used [0x0000000080000000,0x0000000083ea4088,0x0000000084e80000)
 Metaspace       used 63642K, committed 65152K, reserved 1114112K
  class space    used 6692K, committed 7296K, reserved 1048576K
}
Event: 497.861 GC heap after
{Heap after GC invocations=89 (full 3):
 PSYoungGen      total 13312K, used 288K [0x00000000d5580000, 0x00000000d6400000, 0x0000000100000000)
  eden space 12800K, 0% used [0x00000000d5580000,0x00000000d5580000,0x00000000d6200000)
  from space 512K, 56% used [0x00000000d6380000,0x00000000d63c8000,0x00000000d6400000)
  to   space 512K, 0% used [0x00000000d6300000,0x00000000d6300000,0x00000000d6380000)
 ParOldGen       total 80384K, used 64346K [0x0000000080000000, 0x0000000084e80000, 0x00000000d5580000)
  object space 80384K, 80% used [0x0000000080000000,0x0000000083ed6910,0x0000000084e80000)
 Metaspace       used 63642K, committed 65152K, reserved 1114112K
  class space    used 6692K, committed 7296K, reserved 1048576K
}
Event: 498.161 GC heap before
{Heap before GC invocations=90 (full 3):
 PSYoungGen      total 13312K, used 13088K [0x00000000d5580000, 0x00000000d6400000, 0x0000000100000000)
  eden space 12800K, 100% used [0x00000000d5580000,0x00000000d6200000,0x00000000d6200000)
  from space 512K, 56% used [0x00000000d6380000,0x00000000d63c8000,0x00000000d6400000)
  to   space 512K, 0% used [0x00000000d6300000,0x00000000d6300000,0x00000000d6380000)
 ParOldGen       total 80384K, used 64346K [0x0000000080000000, 0x0000000084e80000, 0x00000000d5580000)
  object space 80384K, 80% used [0x0000000080000000,0x0000000083ed6910,0x0000000084e80000)
 Metaspace       used 63723K, committed 65216K, reserved 1114112K
  class space    used 6703K, committed 7296K, reserved 1048576K
}
Event: 498.163 GC heap after
{Heap after GC invocations=90 (full 3):
 PSYoungGen      total 13312K, used 502K [0x00000000d5580000, 0x00000000d6400000, 0x0000000100000000)
  eden space 12800K, 0% used [0x00000000d5580000,0x00000000d5580000,0x00000000d6200000)
  from space 512K, 98% used [0x00000000d6300000,0x00000000d637d900,0x00000000d6380000)
  to   space 512K, 0% used [0x00000000d6380000,0x00000000d6380000,0x00000000d6400000)
 ParOldGen       total 80384K, used 64542K [0x0000000080000000, 0x0000000084e80000, 0x00000000d5580000)
  object space 80384K, 80% used [0x0000000080000000,0x0000000083f07b10,0x0000000084e80000)
 Metaspace       used 63723K, committed 65216K, reserved 1114112K
  class space    used 6703K, committed 7296K, reserved 1048576K
}
Event: 498.440 GC heap before
{Heap before GC invocations=91 (full 3):
 PSYoungGen      total 13312K, used 13302K [0x00000000d5580000, 0x00000000d6400000, 0x0000000100000000)
  eden space 12800K, 100% used [0x00000000d5580000,0x00000000d6200000,0x00000000d6200000)
  from space 512K, 98% used [0x00000000d6300000,0x00000000d637d900,0x00000000d6380000)
  to   space 512K, 0% used [0x00000000d6380000,0x00000000d6380000,0x00000000d6400000)
 ParOldGen       total 80384K, used 64542K [0x0000000080000000, 0x0000000084e80000, 0x00000000d5580000)
  object space 80384K, 80% used [0x0000000080000000,0x0000000083f07b10,0x0000000084e80000)
 Metaspace       used 63743K, committed 65216K, reserved 1114112K
  class space    used 6703K, committed 7296K, reserved 1048576K
}
Event: 498.443 GC heap after
{Heap after GC invocations=91 (full 3):
 PSYoungGen      total 13312K, used 448K [0x00000000d5580000, 0x00000000d6400000, 0x0000000100000000)
  eden space 12800K, 0% used [0x00000000d5580000,0x00000000d5580000,0x00000000d6200000)
  from space 512K, 87% used [0x00000000d6380000,0x00000000d63f0000,0x00000000d6400000)
  to   space 512K, 0% used [0x00000000d6300000,0x00000000d6300000,0x00000000d6380000)
 ParOldGen       total 80384K, used 64987K [0x0000000080000000, 0x0000000084e80000, 0x00000000d5580000)
  object space 80384K, 80% used [0x0000000080000000,0x0000000083f76d28,0x0000000084e80000)
 Metaspace       used 63743K, committed 65216K, reserved 1114112K
  class space    used 6703K, committed 7296K, reserved 1048576K
}
Event: 498.498 GC heap before
{Heap before GC invocations=92 (full 3):
 PSYoungGen      total 13312K, used 13248K [0x00000000d5580000, 0x00000000d6400000, 0x0000000100000000)
  eden space 12800K, 100% used [0x00000000d5580000,0x00000000d6200000,0x00000000d6200000)
  from space 512K, 87% used [0x00000000d6380000,0x00000000d63f0000,0x00000000d6400000)
  to   space 512K, 0% used [0x00000000d6300000,0x00000000d6300000,0x00000000d6380000)
 ParOldGen       total 80384K, used 64987K [0x0000000080000000, 0x0000000084e80000, 0x00000000d5580000)
  object space 80384K, 80% used [0x0000000080000000,0x0000000083f76d28,0x0000000084e80000)
 Metaspace       used 63743K, committed 65216K, reserved 1114112K
  class space    used 6703K, committed 7296K, reserved 1048576K
}
Event: 498.510 GC heap after
{Heap after GC invocations=92 (full 3):
 PSYoungGen      total 13312K, used 496K [0x00000000d5580000, 0x00000000d6500000, 0x0000000100000000)
  eden space 12800K, 0% used [0x00000000d5580000,0x00000000d5580000,0x00000000d6200000)
  from space 512K, 96% used [0x00000000d6300000,0x00000000d637c010,0x00000000d6380000)
  to   space 1536K, 0% used [0x00000000d6380000,0x00000000d6380000,0x00000000d6500000)
 ParOldGen       total 80384K, used 65611K [0x0000000080000000, 0x0000000084e80000, 0x00000000d5580000)
  object space 80384K, 81% used [0x0000000080000000,0x0000000084012d28,0x0000000084e80000)
 Metaspace       used 63743K, committed 65216K, reserved 1114112K
  class space    used 6703K, committed 7296K, reserved 1048576K
}
Event: 498.925 GC heap before
{Heap before GC invocations=93 (full 3):
 PSYoungGen      total 13312K, used 13296K [0x00000000d5580000, 0x00000000d6500000, 0x0000000100000000)
  eden space 12800K, 100% used [0x00000000d5580000,0x00000000d6200000,0x00000000d6200000)
  from space 512K, 96% used [0x00000000d6300000,0x00000000d637c010,0x00000000d6380000)
  to   space 1536K, 0% used [0x00000000d6380000,0x00000000d6380000,0x00000000d6500000)
 ParOldGen       total 80384K, used 65611K [0x0000000080000000, 0x0000000084e80000, 0x00000000d5580000)
  object space 80384K, 81% used [0x0000000080000000,0x0000000084012d28,0x0000000084e80000)
 Metaspace       used 63833K, committed 65344K, reserved 1114112K
  class space    used 6714K, committed 7296K, reserved 1048576K
}
Event: 498.927 GC heap after
{Heap after GC invocations=93 (full 3):
 PSYoungGen      total 13312K, used 480K [0x00000000d5580000, 0x00000000d6400000, 0x0000000100000000)
  eden space 12800K, 0% used [0x00000000d5580000,0x00000000d5580000,0x00000000d6200000)
  from space 512K, 93% used [0x00000000d6380000,0x00000000d63f8000,0x00000000d6400000)
  to   space 1024K, 0% used [0x00000000d6200000,0x00000000d6200000,0x00000000d6300000)
 ParOldGen       total 80384K, used 66115K [0x0000000080000000, 0x0000000084e80000, 0x00000000d5580000)
  object space 80384K, 82% used [0x0000000080000000,0x0000000084090d38,0x0000000084e80000)
 Metaspace       used 63833K, committed 65344K, reserved 1114112K
  class space    used 6714K, committed 7296K, reserved 1048576K
}
Event: 498.998 GC heap before
{Heap before GC invocations=94 (full 3):
 PSYoungGen      total 13312K, used 13280K [0x00000000d5580000, 0x00000000d6400000, 0x0000000100000000)
  eden space 12800K, 100% used [0x00000000d5580000,0x00000000d6200000,0x00000000d6200000)
  from space 512K, 93% used [0x00000000d6380000,0x00000000d63f8000,0x00000000d6400000)
  to   space 1024K, 0% used [0x00000000d6200000,0x00000000d6200000,0x00000000d6300000)
 ParOldGen       total 80384K, used 66115K [0x0000000080000000, 0x0000000084e80000, 0x00000000d5580000)
  object space 80384K, 82% used [0x0000000080000000,0x0000000084090d38,0x0000000084e80000)
 Metaspace       used 63833K, committed 65344K, reserved 1114112K
  class space    used 6714K, committed 7296K, reserved 1048576K
}
Event: 499.004 GC heap after
{Heap after GC invocations=94 (full 3):
 PSYoungGen      total 13824K, used 288K [0x00000000d5580000, 0x00000000d6400000, 0x0000000100000000)
  eden space 12800K, 0% used [0x00000000d5580000,0x00000000d5580000,0x00000000d6200000)
  from space 1024K, 28% used [0x00000000d6200000,0x00000000d6248000,0x00000000d6300000)
  to   space 512K, 0% used [0x00000000d6380000,0x00000000d6380000,0x00000000d6400000)
 ParOldGen       total 80384K, used 66555K [0x0000000080000000, 0x0000000084e80000, 0x00000000d5580000)
  object space 80384K, 82% used [0x0000000080000000,0x00000000840fed38,0x0000000084e80000)
 Metaspace       used 63833K, committed 65344K, reserved 1114112K
  class space    used 6714K, committed 7296K, reserved 1048576K
}
Event: 499.429 GC heap before
{Heap before GC invocations=95 (full 3):
 PSYoungGen      total 13824K, used 13088K [0x00000000d5580000, 0x00000000d6400000, 0x0000000100000000)
  eden space 12800K, 100% used [0x00000000d5580000,0x00000000d6200000,0x00000000d6200000)
  from space 1024K, 28% used [0x00000000d6200000,0x00000000d6248000,0x00000000d6300000)
  to   space 512K, 0% used [0x00000000d6380000,0x00000000d6380000,0x00000000d6400000)
 ParOldGen       total 80384K, used 66555K [0x0000000080000000, 0x0000000084e80000, 0x00000000d5580000)
  object space 80384K, 82% used [0x0000000080000000,0x00000000840fed38,0x0000000084e80000)
 Metaspace       used 63995K, committed 65536K, reserved 1114112K
  class space    used 6726K, committed 7360K, reserved 1048576K
}
Event: 499.435 GC heap after
{Heap after GC invocations=95 (full 3):
 PSYoungGen      total 13312K, used 320K [0x00000000d5580000, 0x00000000d6400000, 0x0000000100000000)
  eden space 12800K, 0% used [0x00000000d5580000,0x00000000d5580000,0x00000000d6200000)
  from space 512K, 62% used [0x00000000d6380000,0x00000000d63d0000,0x00000000d6400000)
  to   space 512K, 0% used [0x00000000d6300000,0x00000000d6300000,0x00000000d6380000)
 ParOldGen       total 80384K, used 66816K [0x0000000080000000, 0x0000000084e80000, 0x00000000d5580000)
  object space 80384K, 83% used [0x0000000080000000,0x0000000084140090,0x0000000084e80000)
 Metaspace       used 63995K, committed 65536K, reserved 1114112K
  class space    used 6726K, committed 7360K, reserved 1048576K
}
Event: 499.561 GC heap before
{Heap before GC invocations=96 (full 3):
 PSYoungGen      total 13312K, used 13120K [0x00000000d5580000, 0x00000000d6400000, 0x0000000100000000)
  eden space 12800K, 100% used [0x00000000d5580000,0x00000000d6200000,0x00000000d6200000)
  from space 512K, 62% used [0x00000000d6380000,0x00000000d63d0000,0x00000000d6400000)
  to   space 512K, 0% used [0x00000000d6300000,0x00000000d6300000,0x00000000d6380000)
 ParOldGen       total 80384K, used 66816K [0x0000000080000000, 0x0000000084e80000, 0x00000000d5580000)
  object space 80384K, 83% used [0x0000000080000000,0x0000000084140090,0x0000000084e80000)
 Metaspace       used 64003K, committed 65536K, reserved 1114112K
  class space    used 6727K, committed 7360K, reserved 1048576K
}
Event: 499.563 GC heap after
{Heap after GC invocations=96 (full 3):
 PSYoungGen      total 13312K, used 256K [0x00000000d5580000, 0x00000000d6400000, 0x0000000100000000)
  eden space 12800K, 0% used [0x00000000d5580000,0x00000000d5580000,0x00000000d6200000)
  from space 512K, 50% used [0x00000000d6300000,0x00000000d6340000,0x00000000d6380000)
  to   space 512K, 0% used [0x00000000d6380000,0x00000000d6380000,0x00000000d6400000)
 ParOldGen       total 80384K, used 67080K [0x0000000080000000, 0x0000000084e80000, 0x00000000d5580000)
  object space 80384K, 83% used [0x0000000080000000,0x0000000084182090,0x0000000084e80000)
 Metaspace       used 64003K, committed 65536K, reserved 1114112K
  class space    used 6727K, committed 7360K, reserved 1048576K
}
Event: 500.224 GC heap before
{Heap before GC invocations=97 (full 3):
 PSYoungGen      total 13312K, used 13056K [0x00000000d5580000, 0x00000000d6400000, 0x0000000100000000)
  eden space 12800K, 100% used [0x00000000d5580000,0x00000000d6200000,0x00000000d6200000)
  from space 512K, 50% used [0x00000000d6300000,0x00000000d6340000,0x00000000d6380000)
  to   space 512K, 0% used [0x00000000d6380000,0x00000000d6380000,0x00000000d6400000)
 ParOldGen       total 80384K, used 67080K [0x0000000080000000, 0x0000000084e80000, 0x00000000d5580000)
  object space 80384K, 83% used [0x0000000080000000,0x0000000084182090,0x0000000084e80000)
 Metaspace       used 64019K, committed 65536K, reserved 1114112K
  class space    used 6730K, committed 7360K, reserved 1048576K
}
Event: 500.227 GC heap after
{Heap after GC invocations=97 (full 3):
 PSYoungGen      total 13312K, used 288K [0x00000000d5580000, 0x00000000d6400000, 0x0000000100000000)
  eden space 12800K, 0% used [0x00000000d5580000,0x00000000d5580000,0x00000000d6200000)
  from space 512K, 56% used [0x00000000d6380000,0x00000000d63c8000,0x00000000d6400000)
  to   space 512K, 0% used [0x00000000d6300000,0x00000000d6300000,0x00000000d6380000)
 ParOldGen       total 80384K, used 68602K [0x0000000080000000, 0x0000000084e80000, 0x00000000d5580000)
  object space 80384K, 85% used [0x0000000080000000,0x00000000842fe810,0x0000000084e80000)
 Metaspace       used 64019K, committed 65536K, reserved 1114112K
  class space    used 6730K, committed 7360K, reserved 1048576K
}

