# JRE version: OpenJDK Runtime Environment Temurin-21.0.9+10 (21.0.9+10) (build 21.0.9+10-LTS)
# Java VM: OpenJDK 64-Bit Server VM Temurin-21.0.9+10 (21.0.9+10-LTS, mixed mode, sharing, tiered, compressed oops, compressed class ptrs, parallel gc, windows-amd64)
GC Precious Log:
 CardTable entry size: 512
 CPUs: 2 total, 2 available
 Memory: 3935M
 Large Page Support: Disabled
 NUMA Support: Disabled
 Compressed Oops: Enabled (32-bit)
 Alignments: Space 512K, Generation 512K, Heap 2M
 Heap Min Capacity: 100M
 Heap Initial Capacity: 100M
 Heap Max Capacity: 2G
 Pre-touch: Disabled
 Parallel Workers: 2
Heap:
 PSYoungGen      total 2048K, used 1053K [0x00000000d5580000, 0x00000000d5880000, 0x0000000100000000)
  eden space 1536K, 45% used [0x00000000d5580000,0x00000000d562f4a0,0x00000000d5700000)
  from space 512K, 68% used [0x00000000d5800000,0x00000000d5858000,0x00000000d5880000)
  to   space 512K, 0% used [0x00000000d5780000,0x00000000d5780000,0x00000000d5800000)
 ParOldGen       total 524288K, used 114775K [0x0000000080000000, 0x00000000a0000000, 0x00000000d5580000)
  object space 524288K, 21% used [0x0000000080000000,0x0000000087015e48,0x00000000a0000000)
 Metaspace       used 76064K, committed 78080K, reserved 1179648K
  class space    used 7676K, committed 8512K, reserved 1048576K
GC Heap History (20 events):
Event: 5562.956 GC heap before
{Heap before GC invocations=247 (full 3):
 PSYoungGen      total 2048K, used 1892K [0x00000000d5580000, 0x00000000d5880000, 0x0000000100000000)
  eden space 1536K, 100% used [0x00000000d5580000,0x00000000d5700000,0x00000000d5700000)
  from space 512K, 69% used [0x00000000d5780000,0x00000000d57d9210,0x00000000d5800000)
  to   space 512K, 0% used [0x00000000d5800000,0x00000000d5800000,0x00000000d5880000)
 ParOldGen       total 523264K, used 523099K [0x0000000080000000, 0x000000009ff00000, 0x00000000d5580000)
  object space 523264K, 99% used [0x0000000080000000,0x000000009fed6eb8,0x000000009ff00000)
 Metaspace       used 76381K, committed 78080K, reserved 1179648K
  class space    used 7773K, committed 8512K, reserved 1048576K
}
Event: 5562.961 GC heap after
{Heap after GC invocations=247 (full 3):
 PSYoungGen      total 2048K, used 352K [0x00000000d5580000, 0x00000000d5880000, 0x0000000100000000)
  eden space 1536K, 0% used [0x00000000d5580000,0x00000000d5580000,0x00000000d5700000)
  from space 512K, 68% used [0x00000000d5800000,0x00000000d5858000,0x00000000d5880000)
  to   space 512K, 0% used [0x00000000d5780000,0x00000000d5780000,0x00000000d5800000)
 ParOldGen       total 523776K, used 523439K [0x0000000080000000, 0x000000009ff80000, 0x00000000d5580000)
  object space 523776K, 99% used [0x0000000080000000,0x000000009ff2bd10,0x000000009ff80000)
 Metaspace       used 76381K, committed 78080K, reserved 1179648K
  class space    used 7773K, committed 8512K, reserved 1048576K
}
Event: 5563.099 GC heap before
{Heap before GC invocations=248 (full 3):
 PSYoungGen      total 2048K, used 1888K [0x00000000d5580000, 0x00000000d5880000, 0x0000000100000000)
  eden space 1536K, 100% used [0x00000000d5580000,0x00000000d5700000,0x00000000d5700000)
  from space 512K, 68% used [0x00000000d5800000,0x00000000d5858000,0x00000000d5880000)
  to   space 512K, 0% used [0x00000000d5780000,0x00000000d5780000,0x00000000d5800000)
 ParOldGen       total 523776K, used 523439K [0x0000000080000000, 0x000000009ff80000, 0x00000000d5580000)
  object space 523776K, 99% used [0x0000000080000000,0x000000009ff2bd10,0x000000009ff80000)
 Metaspace       used 76382K, committed 78080K, reserved 1179648K
  class space    used 7773K, committed 8512K, reserved 1048576K
}
Event: 5563.120 GC heap after
{Heap after GC invocations=248 (full 3):
 PSYoungGen      total 2048K, used 288K [0x00000000d5580000, 0x00000000d5880000, 0x0000000100000000)
  eden space 1536K, 0% used [0x00000000d5580000,0x00000000d5580000,0x00000000d5700000)
  from space 512K, 56% used [0x00000000d5780000,0x00000000d57c8000,0x00000000d5800000)
  to   space 512K, 0% used [0x00000000d5800000,0x00000000d5800000,0x00000000d5880000)
 ParOldGen       total 523776K, used 523751K [0x0000000080000000, 0x000000009ff80000, 0x00000000d5580000)
  object space 523776K, 99% used [0x0000000080000000,0x000000009ff79d10,0x000000009ff80000)
 Metaspace       used 76382K, committed 78080K, reserved 1179648K
  class space    used 7773K, committed 8512K, reserved 1048576K
}
Event: 5563.429 GC heap before
{Heap before GC invocations=249 (full 3):
 PSYoungGen      total 2048K, used 1223K [0x00000000d5580000, 0x00000000d5880000, 0x0000000100000000)
  eden space 1536K, 60% used [0x00000000d5580000,0x00000000d5669d00,0x00000000d5700000)
  from space 512K, 56% used [0x00000000d5780000,0x00000000d57c8000,0x00000000d5800000)
  to   space 512K, 0% used [0x00000000d5800000,0x00000000d5800000,0x00000000d5880000)
 ParOldGen       total 523776K, used 523751K [0x0000000080000000, 0x000000009ff80000, 0x00000000d5580000)
  object space 523776K, 99% used [0x0000000080000000,0x000000009ff79d10,0x000000009ff80000)
 Metaspace       used 76399K, committed 78080K, reserved 1179648K
  class space    used 7773K, committed 8512K, reserved 1048576K
}
Event: 5563.434 GC heap after
{Heap after GC invocations=249 (full 3):
 PSYoungGen      total 2048K, used 160K [0x00000000d5580000, 0x00000000d5880000, 0x0000000100000000)
  eden space 1536K, 0% used [0x00000000d5580000,0x00000000d5580000,0x00000000d5700000)
  from space 512K, 31% used [0x00000000d5800000,0x00000000d5828000,0x00000000d5880000)
  to   space 512K, 0% used [0x00000000d5780000,0x00000000d5780000,0x00000000d5800000)
 ParOldGen       total 524288K, used 523979K [0x0000000080000000, 0x00000000a0000000, 0x00000000d5580000)
  object space 524288K, 99% used [0x0000000080000000,0x000000009ffb2f48,0x00000000a0000000)
 Metaspace       used 76399K, committed 78080K, reserved 1179648K
  class space    used 7773K, committed 8512K, reserved 1048576K
}
Event: 5563.434 GC heap before
{Heap before GC invocations=250 (full 4):
 PSYoungGen      total 2048K, used 160K [0x00000000d5580000, 0x00000000d5880000, 0x0000000100000000)
  eden space 1536K, 0% used [0x00000000d5580000,0x00000000d5580000,0x00000000d5700000)
  from space 512K, 31% used [0x00000000d5800000,0x00000000d5828000,0x00000000d5880000)
  to   space 512K, 0% used [0x00000000d5780000,0x00000000d5780000,0x00000000d5800000)
 ParOldGen       total 524288K, used 523979K [0x0000000080000000, 0x00000000a0000000, 0x00000000d5580000)
  object space 524288K, 99% used [0x0000000080000000,0x000000009ffb2f48,0x00000000a0000000)
 Metaspace       used 76399K, committed 78080K, reserved 1179648K
  class space    used 7773K, committed 8512K, reserved 1048576K
}
Event: 5571.357 GC heap after
{Heap after GC invocations=250 (full 4):
 PSYoungGen      total 2048K, used 0K [0x00000000d5580000, 0x00000000d5880000, 0x0000000100000000)
  eden space 1536K, 0% used [0x00000000d5580000,0x00000000d5580000,0x00000000d5700000)
  from space 512K, 0% used [0x00000000d5800000,0x00000000d5800000,0x00000000d5880000)
  to   space 512K, 0% used [0x00000000d5780000,0x00000000d5780000,0x00000000d5800000)
 ParOldGen       total 524288K, used 113724K [0x0000000080000000, 0x00000000a0000000, 0x00000000d5580000)
  object space 524288K, 21% used [0x0000000080000000,0x0000000086f0f070,0x00000000a0000000)
 Metaspace       used 76046K, committed 78080K, reserved 1179648K
  class space    used 7676K, committed 8512K, reserved 1048576K
}
Event: 5572.362 GC heap before
{Heap before GC invocations=251 (full 4):
 PSYoungGen      total 2048K, used 1536K [0x00000000d5580000, 0x00000000d5880000, 0x0000000100000000)
  eden space 1536K, 100% used [0x00000000d5580000,0x00000000d5700000,0x00000000d5700000)
  from space 512K, 0% used [0x00000000d5800000,0x00000000d5800000,0x00000000d5880000)
  to   space 512K, 0% used [0x00000000d5780000,0x00000000d5780000,0x00000000d5800000)
 ParOldGen       total 524288K, used 113724K [0x0000000080000000, 0x00000000a0000000, 0x00000000d5580000)
  object space 524288K, 21% used [0x0000000080000000,0x0000000086f0f070,0x00000000a0000000)
 Metaspace       used 76047K, committed 78080K, reserved 1179648K
  class space    used 7676K, committed 8512K, reserved 1048576K
}
Event: 5572.369 GC heap after
{Heap after GC invocations=251 (full 4):
 PSYoungGen      total 2048K, used 64K [0x00000000d5580000, 0x00000000d5880000, 0x0000000100000000)
  eden space 1536K, 0% used [0x00000000d5580000,0x00000000d5580000,0x00000000d5700000)
  from space 512K, 12% used [0x00000000d5780000,0x00000000d5790000,0x00000000d5800000)
  to   space 512K, 0% used [0x00000000d5800000,0x00000000d5800000,0x00000000d5880000)
 ParOldGen       total 524288K, used 113724K [0x0000000080000000, 0x00000000a0000000, 0x00000000d5580000)
  object space 524288K, 21% used [0x0000000080000000,0x0000000086f0f070,0x00000000a0000000)
 Metaspace       used 76047K, committed 78080K, reserved 1179648K
  class space    used 7676K, committed 8512K, reserved 1048576K
}
Event: 5572.673 GC heap before
{Heap before GC invocations=252 (full 4):
 PSYoungGen      total 2048K, used 1600K [0x00000000d5580000, 0x00000000d5880000, 0x0000000100000000)
  eden space 1536K, 100% used [0x00000000d5580000,0x00000000d5700000,0x00000000d5700000)
  from space 512K, 12% used [0x00000000d5780000,0x00000000d5790000,0x00000000d5800000)
  to   space 512K, 0% used [0x00000000d5800000,0x00000000d5800000,0x00000000d5880000)
 ParOldGen       total 524288K, used 113724K [0x0000000080000000, 0x00000000a0000000, 0x00000000d5580000)
  object space 524288K, 21% used [0x0000000080000000,0x0000000086f0f070,0x00000000a0000000)
 Metaspace       used 76052K, committed 78080K, reserved 1179648K
  class space    used 7676K, committed 8512K, reserved 1048576K
}
Event: 5572.693 GC heap after
{Heap after GC invocations=252 (full 4):
 PSYoungGen      total 2048K, used 128K [0x00000000d5580000, 0x00000000d5880000, 0x0000000100000000)
  eden space 1536K, 0% used [0x00000000d5580000,0x00000000d5580000,0x00000000d5700000)
  from space 512K, 25% used [0x00000000d5800000,0x00000000d5820000,0x00000000d5880000)
  to   space 512K, 0% used [0x00000000d5780000,0x00000000d5780000,0x00000000d5800000)
 ParOldGen       total 524288K, used 113740K [0x0000000080000000, 0x00000000a0000000, 0x00000000d5580000)
  object space 524288K, 21% used [0x0000000080000000,0x0000000086f13070,0x00000000a0000000)
 Metaspace       used 76052K, committed 78080K, reserved 1179648K
  class space    used 7676K, committed 8512K, reserved 1048576K
}
Event: 5575.432 GC heap before
{Heap before GC invocations=253 (full 4):
 PSYoungGen      total 2048K, used 1664K [0x00000000d5580000, 0x00000000d5880000, 0x0000000100000000)
  eden space 1536K, 100% used [0x00000000d5580000,0x00000000d5700000,0x00000000d5700000)
  from space 512K, 25% used [0x00000000d5800000,0x00000000d5820000,0x00000000d5880000)
  to   space 512K, 0% used [0x00000000d5780000,0x00000000d5780000,0x00000000d5800000)
 ParOldGen       total 524288K, used 113740K [0x0000000080000000, 0x00000000a0000000, 0x00000000d5580000)
  object space 524288K, 21% used [0x0000000080000000,0x0000000086f13070,0x00000000a0000000)
 Metaspace       used 76052K, committed 78080K, reserved 1179648K
  class space    used 7676K, committed 8512K, reserved 1048576K
}
Event: 5575.434 GC heap after
{Heap after GC invocations=253 (full 4):
 PSYoungGen      total 2048K, used 292K [0x00000000d5580000, 0x00000000d5880000, 0x0000000100000000)
  eden space 1536K, 0% used [0x00000000d5580000,0x00000000d5580000,0x00000000d5700000)
  from space 512K, 57% used [0x00000000d5780000,0x00000000d57c9210,0x00000000d5800000)
  to   space 512K, 0% used [0x00000000d5800000,0x00000000d5800000,0x00000000d5880000)
 ParOldGen       total 524288K, used 113772K [0x0000000080000000, 0x00000000a0000000, 0x00000000d5580000)
  object space 524288K, 21% used [0x0000000080000000,0x0000000086f1b070,0x00000000a0000000)
 Metaspace       used 76052K, committed 78080K, reserved 1179648K
  class space    used 7676K, committed 8512K, reserved 1048576K
}
Event: 5575.453 GC heap before
{Heap before GC invocations=254 (full 4):
 PSYoungGen      total 2048K, used 1828K [0x00000000d5580000, 0x00000000d5880000, 0x0000000100000000)
  eden space 1536K, 100% used [0x00000000d5580000,0x00000000d5700000,0x00000000d5700000)
  from space 512K, 57% used [0x00000000d5780000,0x00000000d57c9210,0x00000000d5800000)
  to   space 512K, 0% used [0x00000000d5800000,0x00000000d5800000,0x00000000d5880000)
 ParOldGen       total 524288K, used 113772K [0x0000000080000000, 0x00000000a0000000, 0x00000000d5580000)
  object space 524288K, 21% used [0x0000000080000000,0x0000000086f1b070,0x00000000a0000000)
 Metaspace       used 76052K, committed 78080K, reserved 1179648K
  class space    used 7676K, committed 8512K, reserved 1048576K
}
Event: 5575.458 GC heap after
{Heap after GC invocations=254 (full 4):
 PSYoungGen      total 2048K, used 352K [0x00000000d5580000, 0x00000000d5880000, 0x0000000100000000)
  eden space 1536K, 0% used [0x00000000d5580000,0x00000000d5580000,0x00000000d5700000)
  from space 512K, 68% used [0x00000000d5800000,0x00000000d5858000,0x00000000d5880000)
  to   space 512K, 0% used [0x00000000d5780000,0x00000000d5780000,0x00000000d5800000)
 ParOldGen       total 524288K, used 114053K [0x0000000080000000, 0x00000000a0000000, 0x00000000d5580000)
  object space 524288K, 21% used [0x0000000080000000,0x0000000086f614b8,0x00000000a0000000)
 Metaspace       used 76052K, committed 78080K, reserved 1179648K
  class space    used 7676K, committed 8512K, reserved 1048576K
}
Event: 5575.495 GC heap before
{Heap before GC invocations=255 (full 4):
 PSYoungGen      total 2048K, used 1888K [0x00000000d5580000, 0x00000000d5880000, 0x0000000100000000)
  eden space 1536K, 100% used [0x00000000d5580000,0x00000000d5700000,0x00000000d5700000)
  from space 512K, 68% used [0x00000000d5800000,0x00000000d5858000,0x00000000d5880000)
  to   space 512K, 0% used [0x00000000d5780000,0x00000000d5780000,0x00000000d5800000)
 ParOldGen       total 524288K, used 114053K [0x0000000080000000, 0x00000000a0000000, 0x00000000d5580000)
  object space 524288K, 21% used [0x0000000080000000,0x0000000086f614b8,0x00000000a0000000)
 Metaspace       used 76056K, committed 78080K, reserved 1179648K
  class space    used 7676K, committed 8512K, reserved 1048576K
}
Event: 5575.499 GC heap after
{Heap after GC invocations=255 (full 4):
 PSYoungGen      total 2048K, used 420K [0x00000000d5580000, 0x00000000d5880000, 0x0000000100000000)
  eden space 1536K, 0% used [0x00000000d5580000,0x00000000d5580000,0x00000000d5700000)
  from space 512K, 82% used [0x00000000d5780000,0x00000000d57e9210,0x00000000d5800000)
  to   space 512K, 0% used [0x00000000d5800000,0x00000000d5800000,0x00000000d5880000)
 ParOldGen       total 524288K, used 114365K [0x0000000080000000, 0x00000000a0000000, 0x00000000d5580000)
  object space 524288K, 21% used [0x0000000080000000,0x0000000086faf4b8,0x00000000a0000000)
 Metaspace       used 76056K, committed 78080K, reserved 1179648K
  class space    used 7676K, committed 8512K, reserved 1048576K
}
Event: 5575.518 GC heap before
{Heap before GC invocations=256 (full 4):
 PSYoungGen      total 2048K, used 1956K [0x00000000d5580000, 0x00000000d5880000, 0x0000000100000000)
  eden space 1536K, 100% used [0x00000000d5580000,0x00000000d5700000,0x00000000d5700000)
  from space 512K, 82% used [0x00000000d5780000,0x00000000d57e9210,0x00000000d5800000)
  to   space 512K, 0% used [0x00000000d5800000,0x00000000d5800000,0x00000000d5880000)
 ParOldGen       total 524288K, used 114365K [0x0000000080000000, 0x00000000a0000000, 0x00000000d5580000)
  object space 524288K, 21% used [0x0000000080000000,0x0000000086faf4b8,0x00000000a0000000)
 Metaspace       used 76056K, committed 78080K, reserved 1179648K
  class space    used 7676K, committed 8512K, reserved 1048576K
}
Event: 5575.524 GC heap after
{Heap after GC invocations=256 (full 4):
 PSYoungGen      total 2048K, used 352K [0x00000000d5580000, 0x00000000d5880000, 0x0000000100000000)
  eden space 1536K, 0% used [0x00000000d5580000,0x00000000d5580000,0x00000000d5700000)
  from space 512K, 68% used [0x00000000d5800000,0x00000000d5858000,0x00000000d5880000)
  to   space 512K, 0% used [0x00000000d5780000,0x00000000d5780000,0x00000000d5800000)
 ParOldGen       total 524288K, used 114775K [0x0000000080000000, 0x00000000a0000000, 0x00000000d5580000)
  object space 524288K, 21% used [0x0000000080000000,0x0000000087015e48,0x00000000a0000000)
 Metaspace       used 76056K, committed 78080K, reserved 1179648K
  class space    used 7676K, committed 8512K, reserved 1048576K
}

