# JRE version: OpenJDK Runtime Environment Temurin-21.0.9+10 (21.0.9+10) (build 21.0.9+10-LTS)
# Java VM: OpenJDK 64-Bit Server VM Temurin-21.0.9+10 (21.0.9+10-LTS, mixed mode, sharing, tiered, compressed oops, compressed class ptrs, parallel gc, windows-amd64)
GC Precious Log:
 CardTable entry size: 512
 CPUs: 2 total, 2 available
 Memory: 3935M
 Large Page Support: Disabled
 NUMA Support: Disabled
 Compressed Oops: Enabled (32-bit)
 Alignments: Space 512K, Generation 512K, Heap 2M
 Heap Min Capacity: 100M
 Heap Initial Capacity: 100M
 Heap Max Capacity: 2G
 Pre-touch: Disabled
 Parallel Workers: 2
Heap:
 PSYoungGen      total 3072K, used 1003K [0x00000000d5580000, 0x00000000d5a80000, 0x0000000100000000)
  eden space 2560K, 36% used [0x00000000d5580000,0x00000000d566ae90,0x00000000d5800000)
  from space 512K, 12% used [0x00000000d5a00000,0x00000000d5a10000,0x00000000d5a80000)
  to   space 512K, 0% used [0x00000000d5980000,0x00000000d5980000,0x00000000d5a00000)
 ParOldGen       total 296448K, used 295729K [0x0000000080000000, 0x0000000092180000, 0x00000000d5580000)
  object space 296448K, 99% used [0x0000000080000000,0x00000000920cc4b0,0x0000000092180000)
 Metaspace       used 78435K, committed 80128K, reserved 1179648K
  class space    used 7902K, committed 8640K, reserved 1048576K
GC Heap History (20 events):
Event: 2450.493 GC heap before
{Heap before GC invocations=329 (full 4):
 PSYoungGen      total 3072K, used 2880K [0x00000000d5580000, 0x00000000d5b00000, 0x0000000100000000)
  eden space 2560K, 100% used [0x00000000d5580000,0x00000000d5800000,0x00000000d5800000)
  from space 512K, 62% used [0x00000000d5a80000,0x00000000d5ad0000,0x00000000d5b00000)
  to   space 512K, 0% used [0x00000000d5a00000,0x00000000d5a00000,0x00000000d5a80000)
 ParOldGen       total 259584K, used 259089K [0x0000000080000000, 0x000000008fd80000, 0x00000000d5580000)
  object space 259584K, 99% used [0x0000000080000000,0x000000008fd046b0,0x000000008fd80000)
 Metaspace       used 78398K, committed 80064K, reserved 1179648K
  class space    used 7902K, committed 8640K, reserved 1048576K
}
Event: 2450.498 GC heap after
{Heap after GC invocations=329 (full 4):
 PSYoungGen      total 3072K, used 304K [0x00000000d5580000, 0x00000000d5b00000, 0x0000000100000000)
  eden space 2560K, 0% used [0x00000000d5580000,0x00000000d5580000,0x00000000d5800000)
  from space 512K, 59% used [0x00000000d5a00000,0x00000000d5a4c050,0x00000000d5a80000)
  to   space 512K, 0% used [0x00000000d5a80000,0x00000000d5a80000,0x00000000d5b00000)
 ParOldGen       total 259584K, used 259369K [0x0000000080000000, 0x000000008fd80000, 0x00000000d5580000)
  object space 259584K, 99% used [0x0000000080000000,0x000000008fd4a6b0,0x000000008fd80000)
 Metaspace       used 78398K, committed 80064K, reserved 1179648K
  class space    used 7902K, committed 8640K, reserved 1048576K
}
Event: 2450.569 GC heap before
{Heap before GC invocations=330 (full 4):
 PSYoungGen      total 3072K, used 2864K [0x00000000d5580000, 0x00000000d5b00000, 0x0000000100000000)
  eden space 2560K, 100% used [0x00000000d5580000,0x00000000d5800000,0x00000000d5800000)
  from space 512K, 59% used [0x00000000d5a00000,0x00000000d5a4c050,0x00000000d5a80000)
  to   space 512K, 0% used [0x00000000d5a80000,0x00000000d5a80000,0x00000000d5b00000)
 ParOldGen       total 259584K, used 259369K [0x0000000080000000, 0x000000008fd80000, 0x00000000d5580000)
  object space 259584K, 99% used [0x0000000080000000,0x000000008fd4a6b0,0x000000008fd80000)
 Metaspace       used 78398K, committed 80064K, reserved 1179648K
  class space    used 7902K, committed 8640K, reserved 1048576K
}
Event: 2450.574 GC heap after
{Heap after GC invocations=330 (full 4):
 PSYoungGen      total 3072K, used 442K [0x00000000d5580000, 0x00000000d5b00000, 0x0000000100000000)
  eden space 2560K, 0% used [0x00000000d5580000,0x00000000d5580000,0x00000000d5800000)
  from space 512K, 86% used [0x00000000d5a80000,0x00000000d5aee900,0x00000000d5b00000)
  to   space 512K, 0% used [0x00000000d5a00000,0x00000000d5a00000,0x00000000d5a80000)
 ParOldGen       total 259584K, used 259561K [0x0000000080000000, 0x000000008fd80000, 0x00000000d5580000)
  object space 259584K, 99% used [0x0000000080000000,0x000000008fd7a6f0,0x000000008fd80000)
 Metaspace       used 78398K, committed 80064K, reserved 1179648K
  class space    used 7902K, committed 8640K, reserved 1048576K
}
Event: 2451.200 GC heap before
{Heap before GC invocations=331 (full 4):
 PSYoungGen      total 3072K, used 3002K [0x00000000d5580000, 0x00000000d5b00000, 0x0000000100000000)
  eden space 2560K, 99% used [0x00000000d5580000,0x00000000d57fffe8,0x00000000d5800000)
  from space 512K, 86% used [0x00000000d5a80000,0x00000000d5aee900,0x00000000d5b00000)
  to   space 512K, 0% used [0x00000000d5a00000,0x00000000d5a00000,0x00000000d5a80000)
 ParOldGen       total 259584K, used 259561K [0x0000000080000000, 0x000000008fd80000, 0x00000000d5580000)
  object space 259584K, 99% used [0x0000000080000000,0x000000008fd7a6f0,0x000000008fd80000)
 Metaspace       used 78406K, committed 80128K, reserved 1179648K
  class space    used 7902K, committed 8640K, reserved 1048576K
}
Event: 2451.207 GC heap after
{Heap after GC invocations=331 (full 4):
 PSYoungGen      total 3072K, used 320K [0x00000000d5580000, 0x00000000d5b00000, 0x0000000100000000)
  eden space 2560K, 0% used [0x00000000d5580000,0x00000000d5580000,0x00000000d5800000)
  from space 512K, 62% used [0x00000000d5a00000,0x00000000d5a50020,0x00000000d5a80000)
  to   space 512K, 0% used [0x00000000d5a80000,0x00000000d5a80000,0x00000000d5b00000)
 ParOldGen       total 260096K, used 259974K [0x0000000080000000, 0x000000008fe00000, 0x00000000d5580000)
  object space 260096K, 99% used [0x0000000080000000,0x000000008fde1900,0x000000008fe00000)
 Metaspace       used 78406K, committed 80128K, reserved 1179648K
  class space    used 7902K, committed 8640K, reserved 1048576K
}
Event: 2452.763 GC heap before
{Heap before GC invocations=332 (full 4):
 PSYoungGen      total 3072K, used 2880K [0x00000000d5580000, 0x00000000d5b00000, 0x0000000100000000)
  eden space 2560K, 100% used [0x00000000d5580000,0x00000000d5800000,0x00000000d5800000)
  from space 512K, 62% used [0x00000000d5a00000,0x00000000d5a50020,0x00000000d5a80000)
  to   space 512K, 0% used [0x00000000d5a80000,0x00000000d5a80000,0x00000000d5b00000)
 ParOldGen       total 260096K, used 259974K [0x0000000080000000, 0x000000008fe00000, 0x00000000d5580000)
  object space 260096K, 99% used [0x0000000080000000,0x000000008fde1900,0x000000008fe00000)
 Metaspace       used 78407K, committed 80128K, reserved 1179648K
  class space    used 7902K, committed 8640K, reserved 1048576K
}
Event: 2452.769 GC heap after
{Heap after GC invocations=332 (full 4):
 PSYoungGen      total 3072K, used 499K [0x00000000d5580000, 0x00000000d5d00000, 0x0000000100000000)
  eden space 2560K, 0% used [0x00000000d5580000,0x00000000d5580000,0x00000000d5800000)
  from space 512K, 97% used [0x00000000d5a80000,0x00000000d5afcef8,0x00000000d5b00000)
  to   space 2560K, 0% used [0x00000000d5800000,0x00000000d5800000,0x00000000d5a80000)
 ParOldGen       total 261632K, used 261370K [0x0000000080000000, 0x000000008ff80000, 0x00000000d5580000)
  object space 261632K, 99% used [0x0000000080000000,0x000000008ff3e800,0x000000008ff80000)
 Metaspace       used 78407K, committed 80128K, reserved 1179648K
  class space    used 7902K, committed 8640K, reserved 1048576K
}
Event: 2452.857 GC heap before
{Heap before GC invocations=333 (full 4):
 PSYoungGen      total 3072K, used 3059K [0x00000000d5580000, 0x00000000d5d00000, 0x0000000100000000)
  eden space 2560K, 99% used [0x00000000d5580000,0x00000000d57fffe8,0x00000000d5800000)
  from space 512K, 97% used [0x00000000d5a80000,0x00000000d5afcef8,0x00000000d5b00000)
  to   space 2560K, 0% used [0x00000000d5800000,0x00000000d5800000,0x00000000d5a80000)
 ParOldGen       total 261632K, used 261370K [0x0000000080000000, 0x000000008ff80000, 0x00000000d5580000)
  object space 261632K, 99% used [0x0000000080000000,0x000000008ff3e800,0x000000008ff80000)
 Metaspace       used 78407K, committed 80128K, reserved 1179648K
  class space    used 7902K, committed 8640K, reserved 1048576K
}
Event: 2452.862 GC heap after
{Heap after GC invocations=333 (full 4):
 PSYoungGen      total 5120K, used 2161K [0x00000000d5580000, 0x00000000d5d00000, 0x0000000100000000)
  eden space 2560K, 0% used [0x00000000d5580000,0x00000000d5580000,0x00000000d5800000)
  from space 2560K, 84% used [0x00000000d5800000,0x00000000d5a1c788,0x00000000d5a80000)
  to   space 2560K, 0% used [0x00000000d5a80000,0x00000000d5a80000,0x00000000d5d00000)
 ParOldGen       total 262144K, used 261847K [0x0000000080000000, 0x0000000090000000, 0x00000000d5580000)
  object space 262144K, 99% used [0x0000000080000000,0x000000008ffb5f48,0x0000000090000000)
 Metaspace       used 78407K, committed 80128K, reserved 1179648K
  class space    used 7902K, committed 8640K, reserved 1048576K
}
Event: 2452.977 GC heap before
{Heap before GC invocations=334 (full 4):
 PSYoungGen      total 5120K, used 4721K [0x00000000d5580000, 0x00000000d5d00000, 0x0000000100000000)
  eden space 2560K, 100% used [0x00000000d5580000,0x00000000d5800000,0x00000000d5800000)
  from space 2560K, 84% used [0x00000000d5800000,0x00000000d5a1c788,0x00000000d5a80000)
  to   space 2560K, 0% used [0x00000000d5a80000,0x00000000d5a80000,0x00000000d5d00000)
 ParOldGen       total 262144K, used 261847K [0x0000000080000000, 0x0000000090000000, 0x00000000d5580000)
  object space 262144K, 99% used [0x0000000080000000,0x000000008ffb5f48,0x0000000090000000)
 Metaspace       used 78408K, committed 80128K, reserved 1179648K
  class space    used 7902K, committed 8640K, reserved 1048576K
}
Event: 2452.988 GC heap after
{Heap after GC invocations=334 (full 4):
 PSYoungGen      total 3584K, used 724K [0x00000000d5580000, 0x00000000d5b80000, 0x0000000100000000)
  eden space 2560K, 0% used [0x00000000d5580000,0x00000000d5580000,0x00000000d5800000)
  from space 1024K, 70% used [0x00000000d5a80000,0x00000000d5b35220,0x00000000d5b80000)
  to   space 1536K, 0% used [0x00000000d5880000,0x00000000d5880000,0x00000000d5a00000)
 ParOldGen       total 264192K, used 263967K [0x0000000080000000, 0x0000000090200000, 0x00000000d5580000)
  object space 264192K, 99% used [0x0000000080000000,0x00000000901c7e08,0x0000000090200000)
 Metaspace       used 78408K, committed 80128K, reserved 1179648K
  class space    used 7902K, committed 8640K, reserved 1048576K
}
Event: 2453.032 GC heap before
{Heap before GC invocations=335 (full 4):
 PSYoungGen      total 3584K, used 3284K [0x00000000d5580000, 0x00000000d5b80000, 0x0000000100000000)
  eden space 2560K, 100% used [0x00000000d5580000,0x00000000d5800000,0x00000000d5800000)
  from space 1024K, 70% used [0x00000000d5a80000,0x00000000d5b35220,0x00000000d5b80000)
  to   space 1536K, 0% used [0x00000000d5880000,0x00000000d5880000,0x00000000d5a00000)
 ParOldGen       total 264192K, used 263967K [0x0000000080000000, 0x0000000090200000, 0x00000000d5580000)
  object space 264192K, 99% used [0x0000000080000000,0x00000000901c7e08,0x0000000090200000)
 Metaspace       used 78408K, committed 80128K, reserved 1179648K
  class space    used 7902K, committed 8640K, reserved 1048576K
}
Event: 2453.040 GC heap after
{Heap after GC invocations=335 (full 4):
 PSYoungGen      total 4096K, used 356K [0x00000000d5580000, 0x00000000d5b00000, 0x0000000100000000)
  eden space 2560K, 0% used [0x00000000d5580000,0x00000000d5580000,0x00000000d5800000)
  from space 1536K, 23% used [0x00000000d5880000,0x00000000d58d9210,0x00000000d5a00000)
  to   space 1024K, 0% used [0x00000000d5a00000,0x00000000d5a00000,0x00000000d5b00000)
 ParOldGen       total 264704K, used 264485K [0x0000000080000000, 0x0000000090280000, 0x00000000d5580000)
  object space 264704K, 99% used [0x0000000080000000,0x0000000090249460,0x0000000090280000)
 Metaspace       used 78408K, committed 80128K, reserved 1179648K
  class space    used 7902K, committed 8640K, reserved 1048576K
}
Event: 2453.209 GC heap before
{Heap before GC invocations=336 (full 4):
 PSYoungGen      total 4096K, used 2916K [0x00000000d5580000, 0x00000000d5b00000, 0x0000000100000000)
  eden space 2560K, 99% used [0x00000000d5580000,0x00000000d57ffff8,0x00000000d5800000)
  from space 1536K, 23% used [0x00000000d5880000,0x00000000d58d9210,0x00000000d5a00000)
  to   space 1024K, 0% used [0x00000000d5a00000,0x00000000d5a00000,0x00000000d5b00000)
 ParOldGen       total 264704K, used 264485K [0x0000000080000000, 0x0000000090280000, 0x00000000d5580000)
  object space 264704K, 99% used [0x0000000080000000,0x0000000090249460,0x0000000090280000)
 Metaspace       used 78423K, committed 80128K, reserved 1179648K
  class space    used 7902K, committed 8640K, reserved 1048576K
}
Event: 2453.213 GC heap after
{Heap after GC invocations=336 (full 4):
 PSYoungGen      total 3072K, used 288K [0x00000000d5580000, 0x00000000d5a80000, 0x0000000100000000)
  eden space 2560K, 0% used [0x00000000d5580000,0x00000000d5580000,0x00000000d5800000)
  from space 512K, 56% used [0x00000000d5a00000,0x00000000d5a48000,0x00000000d5a80000)
  to   space 512K, 0% used [0x00000000d5980000,0x00000000d5980000,0x00000000d5a00000)
 ParOldGen       total 264704K, used 264493K [0x0000000080000000, 0x0000000090280000, 0x00000000d5580000)
  object space 264704K, 99% used [0x0000000080000000,0x000000009024b460,0x0000000090280000)
 Metaspace       used 78423K, committed 80128K, reserved 1179648K
  class space    used 7902K, committed 8640K, reserved 1048576K
}
Event: 2454.625 GC heap before
{Heap before GC invocations=337 (full 4):
 PSYoungGen      total 3072K, used 2848K [0x00000000d5580000, 0x00000000d5a80000, 0x0000000100000000)
  eden space 2560K, 100% used [0x00000000d5580000,0x00000000d5800000,0x00000000d5800000)
  from space 512K, 56% used [0x00000000d5a00000,0x00000000d5a48000,0x00000000d5a80000)
  to   space 512K, 0% used [0x00000000d5980000,0x00000000d5980000,0x00000000d5a00000)
 ParOldGen       total 296448K, used 295213K [0x0000000080000000, 0x0000000092180000, 0x00000000d5580000)
  object space 296448K, 99% used [0x0000000080000000,0x000000009204b490,0x0000000092180000)
 Metaspace       used 78429K, committed 80128K, reserved 1179648K
  class space    used 7902K, committed 8640K, reserved 1048576K
}
Event: 2454.629 GC heap after
{Heap after GC invocations=337 (full 4):
 PSYoungGen      total 3072K, used 416K [0x00000000d5580000, 0x00000000d5a80000, 0x0000000100000000)
  eden space 2560K, 0% used [0x00000000d5580000,0x00000000d5580000,0x00000000d5800000)
  from space 512K, 81% used [0x00000000d5980000,0x00000000d59e8000,0x00000000d5a00000)
  to   space 512K, 0% used [0x00000000d5a00000,0x00000000d5a00000,0x00000000d5a80000)
 ParOldGen       total 296448K, used 295429K [0x0000000080000000, 0x0000000092180000, 0x00000000d5580000)
  object space 296448K, 99% used [0x0000000080000000,0x0000000092081490,0x0000000092180000)
 Metaspace       used 78429K, committed 80128K, reserved 1179648K
  class space    used 7902K, committed 8640K, reserved 1048576K
}
Event: 2458.436 GC heap before
{Heap before GC invocations=338 (full 4):
 PSYoungGen      total 3072K, used 2976K [0x00000000d5580000, 0x00000000d5a80000, 0x0000000100000000)
  eden space 2560K, 100% used [0x00000000d5580000,0x00000000d5800000,0x00000000d5800000)
  from space 512K, 81% used [0x00000000d5980000,0x00000000d59e8000,0x00000000d5a00000)
  to   space 512K, 0% used [0x00000000d5a00000,0x00000000d5a00000,0x00000000d5a80000)
 ParOldGen       total 296448K, used 295429K [0x0000000080000000, 0x0000000092180000, 0x00000000d5580000)
  object space 296448K, 99% used [0x0000000080000000,0x0000000092081490,0x0000000092180000)
 Metaspace       used 78432K, committed 80128K, reserved 1179648K
  class space    used 7902K, committed 8640K, reserved 1048576K
}
Event: 2458.440 GC heap after
{Heap after GC invocations=338 (full 4):
 PSYoungGen      total 3072K, used 64K [0x00000000d5580000, 0x00000000d5a80000, 0x0000000100000000)
  eden space 2560K, 0% used [0x00000000d5580000,0x00000000d5580000,0x00000000d5800000)
  from space 512K, 12% used [0x00000000d5a00000,0x00000000d5a10000,0x00000000d5a80000)
  to   space 512K, 0% used [0x00000000d5980000,0x00000000d5980000,0x00000000d5a00000)
 ParOldGen       total 296448K, used 295729K [0x0000000080000000, 0x0000000092180000, 0x00000000d5580000)
  object space 296448K, 99% used [0x0000000080000000,0x00000000920cc4b0,0x0000000092180000)
 Metaspace       used 78432K, committed 80128K, reserved 1179648K
  class space    used 7902K, committed 8640K, reserved 1048576K
}

