# JRE version: Java(TM) SE Runtime Environment (17.0.12+8) (build 17.0.12+8-LTS-286)
# Java VM: Java HotSpot(TM) 64-Bit Server VM (17.0.12+8-LTS-286, mixed mode, emulated-client, sharing, tiered, compressed oops, compressed class ptrs, g1 gc, windows-amd64)
GC Precious Log:
 CPUs: 2 total, 2 available
 Memory: 3935M
 Large Page Support: Disabled
 NUMA Support: Disabled
 Compressed Oops: Enabled (32-bit)
 Heap Region Size: 1M
 Heap Min Capacity: 8M
 Heap Initial Capacity: 62M
 Heap Max Capacity: 984M
 Pre-touch: Disabled
 Parallel Workers: 2
 Concurrent Workers: 1
 Concurrent Refinement Workers: 2
 Periodic GC: Disabled
Heap:
 garbage-first heap   total 55296K, used 30550K [0x00000000c2800000, 0x0000000100000000)
  region size 1024K, 14 young (14336K), 1 survivors (1024K)
 Metaspace       used 34074K, committed 34496K, reserved 1114112K
  class space    used 4882K, committed 5056K, reserved 1048576K
GC Heap History (18 events):
Event: 1.503 GC heap before
{Heap before GC invocations=0 (full 0):
 garbage-first heap   total 63488K, used 7168K [0x00000000c2800000, 0x0000000100000000)
  region size 1024K, 6 young (6144K), 0 survivors (0K)
 Metaspace       used 610K, committed 768K, reserved 1114112K
  class space    used 44K, committed 128K, reserved 1048576K
}
Event: 1.514 GC heap after
{Heap after GC invocations=1 (full 0):
 garbage-first heap   total 63488K, used 5546K [0x00000000c2800000, 0x0000000100000000)
  region size 1024K, 1 young (1024K), 1 survivors (1024K)
 Metaspace       used 610K, committed 768K, reserved 1114112K
  class space    used 44K, committed 128K, reserved 1048576K
}
Event: 2.574 GC heap before
{Heap before GC invocations=1 (full 0):
 garbage-first heap   total 63488K, used 8618K [0x00000000c2800000, 0x0000000100000000)
  region size 1024K, 4 young (4096K), 1 survivors (1024K)
 Metaspace       used 1504K, committed 1664K, reserved 1114112K
  class space    used 178K, committed 256K, reserved 1048576K
}
Event: 2.584 GC heap after
{Heap after GC invocations=2 (full 0):
 garbage-first heap   total 63488K, used 6384K [0x00000000c2800000, 0x0000000100000000)
  region size 1024K, 1 young (1024K), 1 survivors (1024K)
 Metaspace       used 1504K, committed 1664K, reserved 1114112K
  class space    used 178K, committed 256K, reserved 1048576K
}
Event: 6.632 GC heap before
{Heap before GC invocations=2 (full 0):
 garbage-first heap   total 63488K, used 14576K [0x00000000c2800000, 0x0000000100000000)
  region size 1024K, 9 young (9216K), 1 survivors (1024K)
 Metaspace       used 3919K, committed 4096K, reserved 1114112K
  class space    used 523K, committed 576K, reserved 1048576K
}
Event: 6.639 GC heap after
{Heap after GC invocations=3 (full 0):
 garbage-first heap   total 63488K, used 7027K [0x00000000c2800000, 0x0000000100000000)
  region size 1024K, 2 young (2048K), 2 survivors (2048K)
 Metaspace       used 3919K, committed 4096K, reserved 1114112K
  class space    used 523K, committed 576K, reserved 1048576K
}
Event: 17.594 GC heap before
{Heap before GC invocations=3 (full 0):
 garbage-first heap   total 63488K, used 36723K [0x00000000c2800000, 0x0000000100000000)
  region size 1024K, 32 young (32768K), 2 survivors (2048K)
 Metaspace       used 10884K, committed 11200K, reserved 1114112K
  class space    used 1473K, committed 1600K, reserved 1048576K
}
Event: 17.612 GC heap after
{Heap after GC invocations=4 (full 0):
 garbage-first heap   total 63488K, used 9550K [0x00000000c2800000, 0x0000000100000000)
  region size 1024K, 4 young (4096K), 4 survivors (4096K)
 Metaspace       used 10884K, committed 11200K, reserved 1114112K
  class space    used 1473K, committed 1600K, reserved 1048576K
}
Event: 23.531 GC heap before
{Heap before GC invocations=4 (full 0):
 garbage-first heap   total 63488K, used 40270K [0x00000000c2800000, 0x0000000100000000)
  region size 1024K, 35 young (35840K), 4 survivors (4096K)
 Metaspace       used 16546K, committed 16832K, reserved 1114112K
  class space    used 2260K, committed 2368K, reserved 1048576K
}
Event: 23.554 GC heap after
{Heap after GC invocations=5 (full 0):
 garbage-first heap   total 63488K, used 12847K [0x00000000c2800000, 0x0000000100000000)
  region size 1024K, 5 young (5120K), 5 survivors (5120K)
 Metaspace       used 16546K, committed 16832K, reserved 1114112K
  class space    used 2260K, committed 2368K, reserved 1048576K
}
Event: 28.899 GC heap before
{Heap before GC invocations=5 (full 0):
 garbage-first heap   total 63488K, used 42543K [0x00000000c2800000, 0x0000000100000000)
  region size 1024K, 34 young (34816K), 5 survivors (5120K)
 Metaspace       used 20299K, committed 20672K, reserved 1114112K
  class space    used 2831K, committed 3008K, reserved 1048576K
}
Event: 28.925 GC heap after
{Heap after GC invocations=6 (full 0):
 garbage-first heap   total 63488K, used 14909K [0x00000000c2800000, 0x0000000100000000)
  region size 1024K, 3 young (3072K), 3 survivors (3072K)
 Metaspace       used 20299K, committed 20672K, reserved 1114112K
  class space    used 2831K, committed 3008K, reserved 1048576K
}
Event: 31.098 GC heap before
{Heap before GC invocations=6 (full 0):
 garbage-first heap   total 63488K, used 21053K [0x00000000c2800000, 0x0000000100000000)
  region size 1024K, 10 young (10240K), 3 survivors (3072K)
 Metaspace       used 21110K, committed 21504K, reserved 1114112K
  class space    used 2968K, committed 3200K, reserved 1048576K
}
Event: 31.113 GC heap after
{Heap after GC invocations=7 (full 0):
 garbage-first heap   total 63488K, used 16091K [0x00000000c2800000, 0x0000000100000000)
  region size 1024K, 1 young (1024K), 1 survivors (1024K)
 Metaspace       used 21110K, committed 21504K, reserved 1114112K
  class space    used 2968K, committed 3200K, reserved 1048576K
}
Event: 41.344 GC heap before
{Heap before GC invocations=8 (full 0):
 garbage-first heap   total 55296K, used 46811K [0x00000000c2800000, 0x0000000100000000)
  region size 1024K, 31 young (31744K), 1 survivors (1024K)
 Metaspace       used 26289K, committed 26688K, reserved 1114112K
  class space    used 3714K, committed 3904K, reserved 1048576K
}
Event: 41.361 GC heap after
{Heap after GC invocations=9 (full 0):
 garbage-first heap   total 55296K, used 18402K [0x00000000c2800000, 0x0000000100000000)
  region size 1024K, 4 young (4096K), 4 survivors (4096K)
 Metaspace       used 26289K, committed 26688K, reserved 1114112K
  class space    used 3714K, committed 3904K, reserved 1048576K
}
Event: 46.320 GC heap before
{Heap before GC invocations=9 (full 0):
 garbage-first heap   total 55296K, used 39906K [0x00000000c2800000, 0x0000000100000000)
  region size 1024K, 26 young (26624K), 4 survivors (4096K)
 Metaspace       used 31303K, committed 31744K, reserved 1114112K
  class space    used 4457K, committed 4672K, reserved 1048576K
}
Event: 46.335 GC heap after
{Heap after GC invocations=10 (full 0):
 garbage-first heap   total 55296K, used 19286K [0x00000000c2800000, 0x0000000100000000)
  region size 1024K, 1 young (1024K), 1 survivors (1024K)
 Metaspace       used 31303K, committed 31744K, reserved 1114112K
  class space    used 4457K, committed 4672K, reserved 1048576K
}

