# JRE version: Java(TM) SE Runtime Environment (17.0.12+8) (build 17.0.12+8-LTS-286)
# Java VM: Java HotSpot(TM) 64-Bit Server VM (17.0.12+8-LTS-286, mixed mode, emulated-client, sharing, tiered, compressed oops, compressed class ptrs, g1 gc, windows-amd64)
GC Precious Log:
 CPUs: 2 total, 2 available
 Memory: 3935M
 Large Page Support: Disabled
 NUMA Support: Disabled
 Compressed Oops: Enabled (32-bit)
 Heap Region Size: 1M
 Heap Min Capacity: 8M
 Heap Initial Capacity: 62M
 Heap Max Capacity: 984M
 Pre-touch: Disabled
 Parallel Workers: 2
 Concurrent Workers: 1
 Concurrent Refinement Workers: 2
 Periodic GC: Disabled
Heap:
 garbage-first heap   total 58368K, used 33790K [0x00000000c2800000, 0x0000000100000000)
  region size 1024K, 18 young (18432K), 2 survivors (2048K)
 Metaspace       used 33746K, committed 34176K, reserved 1114112K
  class space    used 4884K, committed 5120K, reserved 1048576K
GC Heap History (18 events):
Event: 0.813 GC heap before
{Heap before GC invocations=0 (full 0):
 garbage-first heap   total 63488K, used 7168K [0x00000000c2800000, 0x0000000100000000)
  region size 1024K, 6 young (6144K), 0 survivors (0K)
 Metaspace       used 383K, committed 512K, reserved 1114112K
  class space    used 39K, committed 128K, reserved 1048576K
}
Event: 0.822 GC heap after
{Heap after GC invocations=1 (full 0):
 garbage-first heap   total 63488K, used 5679K [0x00000000c2800000, 0x0000000100000000)
  region size 1024K, 1 young (1024K), 1 survivors (1024K)
 Metaspace       used 383K, committed 512K, reserved 1114112K
  class space    used 39K, committed 128K, reserved 1048576K
}
Event: 1.258 GC heap before
{Heap before GC invocations=1 (full 0):
 garbage-first heap   total 63488K, used 7727K [0x00000000c2800000, 0x0000000100000000)
  region size 1024K, 4 young (4096K), 1 survivors (1024K)
 Metaspace       used 1443K, committed 1536K, reserved 1114112K
  class space    used 171K, committed 192K, reserved 1048576K
}
Event: 1.263 GC heap after
{Heap after GC invocations=2 (full 0):
 garbage-first heap   total 63488K, used 6490K [0x00000000c2800000, 0x0000000100000000)
  region size 1024K, 1 young (1024K), 1 survivors (1024K)
 Metaspace       used 1443K, committed 1536K, reserved 1114112K
  class space    used 171K, committed 192K, reserved 1048576K
}
Event: 2.656 GC heap before
{Heap before GC invocations=2 (full 0):
 garbage-first heap   total 63488K, used 14682K [0x00000000c2800000, 0x0000000100000000)
  region size 1024K, 9 young (9216K), 1 survivors (1024K)
 Metaspace       used 3440K, committed 3584K, reserved 1114112K
  class space    used 453K, committed 512K, reserved 1048576K
}
Event: 2.662 GC heap after
{Heap after GC invocations=3 (full 0):
 garbage-first heap   total 63488K, used 7068K [0x00000000c2800000, 0x0000000100000000)
  region size 1024K, 2 young (2048K), 2 survivors (2048K)
 Metaspace       used 3440K, committed 3584K, reserved 1114112K
  class space    used 453K, committed 512K, reserved 1048576K
}
Event: 5.258 GC heap before
{Heap before GC invocations=3 (full 0):
 garbage-first heap   total 63488K, used 37788K [0x00000000c2800000, 0x0000000100000000)
  region size 1024K, 33 young (33792K), 2 survivors (2048K)
 Metaspace       used 10250K, committed 10560K, reserved 1114112K
  class space    used 1408K, committed 1536K, reserved 1048576K
}
Event: 5.272 GC heap after
{Heap after GC invocations=4 (full 0):
 garbage-first heap   total 63488K, used 9661K [0x00000000c2800000, 0x0000000100000000)
  region size 1024K, 4 young (4096K), 4 survivors (4096K)
 Metaspace       used 10250K, committed 10560K, reserved 1114112K
  class space    used 1408K, committed 1536K, reserved 1048576K
}
Event: 8.322 GC heap before
{Heap before GC invocations=4 (full 0):
 garbage-first heap   total 63488K, used 40381K [0x00000000c2800000, 0x0000000100000000)
  region size 1024K, 35 young (35840K), 4 survivors (4096K)
 Metaspace       used 16727K, committed 16960K, reserved 1114112K
  class space    used 2273K, committed 2368K, reserved 1048576K
}
Event: 8.339 GC heap after
{Heap after GC invocations=5 (full 0):
 garbage-first heap   total 63488K, used 12924K [0x00000000c2800000, 0x0000000100000000)
  region size 1024K, 4 young (4096K), 4 survivors (4096K)
 Metaspace       used 16727K, committed 16960K, reserved 1114112K
  class space    used 2273K, committed 2368K, reserved 1048576K
}
Event: 10.390 GC heap before
{Heap before GC invocations=5 (full 0):
 garbage-first heap   total 63488K, used 41596K [0x00000000c2800000, 0x0000000100000000)
  region size 1024K, 33 young (33792K), 4 survivors (4096K)
 Metaspace       used 19594K, committed 19904K, reserved 1114112K
  class space    used 2708K, committed 2880K, reserved 1048576K
}
Event: 10.402 GC heap after
{Heap after GC invocations=6 (full 0):
 garbage-first heap   total 63488K, used 14404K [0x00000000c2800000, 0x0000000100000000)
  region size 1024K, 3 young (3072K), 3 survivors (3072K)
 Metaspace       used 19594K, committed 19904K, reserved 1114112K
  class space    used 2708K, committed 2880K, reserved 1048576K
}
Event: 11.606 GC heap before
{Heap before GC invocations=6 (full 0):
 garbage-first heap   total 63488K, used 25668K [0x00000000c2800000, 0x0000000100000000)
  region size 1024K, 15 young (15360K), 3 survivors (3072K)
 Metaspace       used 21143K, committed 21504K, reserved 1114112K
  class space    used 2944K, committed 3136K, reserved 1048576K
}
Event: 11.622 GC heap after
{Heap after GC invocations=7 (full 0):
 garbage-first heap   total 63488K, used 15578K [0x00000000c2800000, 0x0000000100000000)
  region size 1024K, 2 young (2048K), 2 survivors (2048K)
 Metaspace       used 21143K, committed 21504K, reserved 1114112K
  class space    used 2944K, committed 3136K, reserved 1048576K
}
Event: 15.981 GC heap before
{Heap before GC invocations=8 (full 0):
 garbage-first heap   total 58368K, used 47322K [0x00000000c2800000, 0x0000000100000000)
  region size 1024K, 33 young (33792K), 2 survivors (2048K)
 Metaspace       used 26087K, committed 26560K, reserved 1114112K
  class space    used 3666K, committed 3904K, reserved 1048576K
}
Event: 15.995 GC heap after
{Heap after GC invocations=9 (full 0):
 garbage-first heap   total 58368K, used 18008K [0x00000000c2800000, 0x0000000100000000)
  region size 1024K, 4 young (4096K), 4 survivors (4096K)
 Metaspace       used 26087K, committed 26560K, reserved 1114112K
  class space    used 3666K, committed 3904K, reserved 1048576K
}
Event: 18.283 GC heap before
{Heap before GC invocations=9 (full 0):
 garbage-first heap   total 58368K, used 43608K [0x00000000c2800000, 0x0000000100000000)
  region size 1024K, 29 young (29696K), 4 survivors (4096K)
 Metaspace       used 30650K, committed 31104K, reserved 1114112K
  class space    used 4347K, committed 4544K, reserved 1048576K
}
Event: 18.297 GC heap after
{Heap after GC invocations=10 (full 0):
 garbage-first heap   total 58368K, used 19454K [0x00000000c2800000, 0x0000000100000000)
  region size 1024K, 2 young (2048K), 2 survivors (2048K)
 Metaspace       used 30650K, committed 31104K, reserved 1114112K
  class space    used 4347K, committed 4544K, reserved 1048576K
}

