# JRE version: Java(TM) SE Runtime Environment (17.0.12+8) (build 17.0.12+8-LTS-286)
# Java VM: Java HotSpot(TM) 64-Bit Server VM (17.0.12+8-LTS-286, mixed mode, emulated-client, sharing, tiered, compressed oops, compressed class ptrs, g1 gc, windows-amd64)
GC Precious Log:
 CPUs: 2 total, 2 available
 Memory: 3935M
 Large Page Support: Disabled
 NUMA Support: Disabled
 Compressed Oops: Enabled (32-bit)
 Heap Region Size: 1M
 Heap Min Capacity: 8M
 Heap Initial Capacity: 62M
 Heap Max Capacity: 984M
 Pre-touch: Disabled
 Parallel Workers: 2
 Concurrent Workers: 1
 Concurrent Refinement Workers: 2
 Periodic GC: Disabled
Heap:
 garbage-first heap   total 63488K, used 33807K [0x00000000c2800000, 0x0000000100000000)
  region size 1024K, 2 young (2048K), 2 survivors (2048K)
 Metaspace       used 65490K, committed 66048K, reserved 1114112K
  class space    used 9465K, committed 9728K, reserved 1048576K
GC Heap History (20 events):
Event: 2304.562 GC heap after
{Heap after GC invocations=41 (full 1):
 garbage-first heap   total 58368K, used 23179K [0x00000000c2800000, 0x0000000100000000)
  region size 1024K, 0 young (0K), 0 survivors (0K)
 Metaspace       used 64780K, committed 65280K, reserved 1114112K
  class space    used 9365K, committed 9600K, reserved 1048576K
}
Event: 2319.050 GC heap before
{Heap before GC invocations=41 (full 1):
 garbage-first heap   total 58368K, used 49803K [0x00000000c2800000, 0x0000000100000000)
  region size 1024K, 26 young (26624K), 0 survivors (0K)
 Metaspace       used 64845K, committed 65280K, reserved 1114112K
  class space    used 9376K, committed 9600K, reserved 1048576K
}
Event: 2319.629 GC heap after
{Heap after GC invocations=42 (full 1):
 garbage-first heap   total 58368K, used 25857K [0x00000000c2800000, 0x0000000100000000)
  region size 1024K, 3 young (3072K), 3 survivors (3072K)
 Metaspace       used 64845K, committed 65280K, reserved 1114112K
  class space    used 9376K, committed 9600K, reserved 1048576K
}
Event: 2325.084 GC heap before
{Heap before GC invocations=43 (full 1):
 garbage-first heap   total 58368K, used 47361K [0x00000000c2800000, 0x0000000100000000)
  region size 1024K, 24 young (24576K), 3 survivors (3072K)
 Metaspace       used 65132K, committed 65664K, reserved 1114112K
  class space    used 9427K, committed 9664K, reserved 1048576K
}
Event: 2325.119 GC heap after
{Heap after GC invocations=44 (full 1):
 garbage-first heap   total 58368K, used 26458K [0x00000000c2800000, 0x0000000100000000)
  region size 1024K, 3 young (3072K), 3 survivors (3072K)
 Metaspace       used 65132K, committed 65664K, reserved 1114112K
  class space    used 9427K, committed 9664K, reserved 1048576K
}
Event: 2325.749 GC heap before
{Heap before GC invocations=44 (full 1):
 garbage-first heap   total 58368K, used 31578K [0x00000000c2800000, 0x0000000100000000)
  region size 1024K, 8 young (8192K), 3 survivors (3072K)
 Metaspace       used 65150K, committed 65664K, reserved 1114112K
  class space    used 9431K, committed 9664K, reserved 1048576K
}
Event: 2325.778 GC heap after
{Heap after GC invocations=45 (full 1):
 garbage-first heap   total 58368K, used 26746K [0x00000000c2800000, 0x0000000100000000)
  region size 1024K, 1 young (1024K), 1 survivors (1024K)
 Metaspace       used 65150K, committed 65664K, reserved 1114112K
  class space    used 9431K, committed 9664K, reserved 1048576K
}
Event: 2328.802 GC heap before
{Heap before GC invocations=46 (full 1):
 garbage-first heap   total 58368K, used 45178K [0x00000000c2800000, 0x0000000100000000)
  region size 1024K, 20 young (20480K), 1 survivors (1024K)
 Metaspace       used 65192K, committed 65728K, reserved 1114112K
  class space    used 9435K, committed 9664K, reserved 1048576K
}
Event: 2328.839 GC heap after
{Heap after GC invocations=47 (full 1):
 garbage-first heap   total 58368K, used 28345K [0x00000000c2800000, 0x0000000100000000)
  region size 1024K, 3 young (3072K), 3 survivors (3072K)
 Metaspace       used 65192K, committed 65728K, reserved 1114112K
  class space    used 9435K, committed 9664K, reserved 1048576K
}
Event: 2348.222 GC heap before
{Heap before GC invocations=47 (full 1):
 garbage-first heap   total 58368K, used 44729K [0x00000000c2800000, 0x0000000100000000)
  region size 1024K, 20 young (20480K), 3 survivors (3072K)
 Metaspace       used 65234K, committed 65792K, reserved 1114112K
  class space    used 9445K, committed 9664K, reserved 1048576K
}
Event: 2348.304 GC heap after
{Heap after GC invocations=48 (full 1):
 garbage-first heap   total 58368K, used 30043K [0x00000000c2800000, 0x0000000100000000)
  region size 1024K, 2 young (2048K), 2 survivors (2048K)
 Metaspace       used 65234K, committed 65792K, reserved 1114112K
  class space    used 9445K, committed 9664K, reserved 1048576K
}
Event: 2352.287 GC heap before
{Heap before GC invocations=49 (full 1):
 garbage-first heap   total 58368K, used 45403K [0x00000000c2800000, 0x0000000100000000)
  region size 1024K, 18 young (18432K), 2 survivors (2048K)
 Metaspace       used 65237K, committed 65792K, reserved 1114112K
  class space    used 9441K, committed 9664K, reserved 1048576K
}
Event: 2352.344 GC heap after
{Heap after GC invocations=50 (full 1):
 garbage-first heap   total 58368K, used 30864K [0x00000000c2800000, 0x0000000100000000)
  region size 1024K, 2 young (2048K), 2 survivors (2048K)
 Metaspace       used 65237K, committed 65792K, reserved 1114112K
  class space    used 9441K, committed 9664K, reserved 1048576K
}
Event: 2355.456 GC heap before
{Heap before GC invocations=50 (full 1):
 garbage-first heap   total 58368K, used 46224K [0x00000000c2800000, 0x0000000100000000)
  region size 1024K, 18 young (18432K), 2 survivors (2048K)
 Metaspace       used 65267K, committed 65792K, reserved 1114112K
  class space    used 9446K, committed 9664K, reserved 1048576K
}
Event: 2355.465 GC heap after
{Heap after GC invocations=51 (full 1):
 garbage-first heap   total 58368K, used 32109K [0x00000000c2800000, 0x0000000100000000)
  region size 1024K, 3 young (3072K), 3 survivors (3072K)
 Metaspace       used 65267K, committed 65792K, reserved 1114112K
  class space    used 9446K, committed 9664K, reserved 1048576K
}
Event: 2360.206 GC heap before
{Heap before GC invocations=52 (full 1):
 garbage-first heap   total 58368K, used 46445K [0x00000000c2800000, 0x0000000100000000)
  region size 1024K, 18 young (18432K), 3 survivors (3072K)
 Metaspace       used 65475K, committed 65984K, reserved 1114112K
  class space    used 9461K, committed 9664K, reserved 1048576K
}
Event: 2360.221 GC heap after
{Heap after GC invocations=53 (full 1):
 garbage-first heap   total 58368K, used 33697K [0x00000000c2800000, 0x0000000100000000)
  region size 1024K, 3 young (3072K), 3 survivors (3072K)
 Metaspace       used 65475K, committed 65984K, reserved 1114112K
  class space    used 9461K, committed 9664K, reserved 1048576K
}
Event: 2360.412 GC heap before
{Heap before GC invocations=53 (full 1):
 garbage-first heap   total 58368K, used 34721K [0x00000000c2800000, 0x0000000100000000)
  region size 1024K, 4 young (4096K), 3 survivors (3072K)
 Metaspace       used 65475K, committed 65984K, reserved 1114112K
  class space    used 9461K, committed 9664K, reserved 1048576K
}
Event: 2360.424 GC heap after
{Heap after GC invocations=54 (full 1):
 garbage-first heap   total 58368K, used 32339K [0x00000000c2800000, 0x0000000100000000)
  region size 1024K, 1 young (1024K), 1 survivors (1024K)
 Metaspace       used 65475K, committed 65984K, reserved 1114112K
  class space    used 9461K, committed 9664K, reserved 1048576K
}
Event: 2369.512 GC heap before
{Heap before GC invocations=54 (full 1):
 garbage-first heap   total 58368K, used 46675K [0x00000000c2800000, 0x0000000100000000)
  region size 1024K, 15 young (15360K), 1 survivors (1024K)
 Metaspace       used 65490K, committed 66048K, reserved 1114112K
  class space    used 9465K, committed 9728K, reserved 1048576K
}

