# JRE version: Java(TM) SE Runtime Environment (17.0.12+8) (build 17.0.12+8-LTS-286)
# Java VM: Java HotSpot(TM) 64-Bit Server VM (17.0.12+8-LTS-286, mixed mode, sharing, tiered, compressed oops, compressed class ptrs, g1 gc, windows-amd64)
GC Precious Log:
 CPUs: 2 total, 2 available
 Memory: 3935M
 Large Page Support: Disabled
 NUMA Support: Disabled
 Compressed Oops: Enabled (32-bit)
 Heap Region Size: 1M
 Heap Min Capacity: 8M
 Heap Initial Capacity: 62M
 Heap Max Capacity: 984M
 Pre-touch: Disabled
 Parallel Workers: 2
 Concurrent Workers: 1
 Concurrent Refinement Workers: 2
 Periodic GC: Disabled
Heap:
 garbage-first heap   total 63488K, used 20229K [0x00000000c2800000, 0x0000000100000000)
  region size 1024K, 17 young (17408K), 5 survivors (5120K)
 Metaspace       used 15062K, committed 15296K, reserved 1114112K
  class space    used 1817K, committed 1920K, reserved 1048576K
GC Heap History (10 events):
Event: 1.226 GC heap before
{Heap before GC invocations=0 (full 0):
 garbage-first heap   total 63488K, used 6144K [0x00000000c2800000, 0x0000000100000000)
  region size 1024K, 6 young (6144K), 0 survivors (0K)
 Metaspace       used 1777K, committed 1984K, reserved 1114112K
  class space    used 167K, committed 256K, reserved 1048576K
}
Event: 1.232 GC heap after
{Heap after GC invocations=1 (full 0):
 garbage-first heap   total 63488K, used 1985K [0x00000000c2800000, 0x0000000100000000)
  region size 1024K, 1 young (1024K), 1 survivors (1024K)
 Metaspace       used 1777K, committed 1984K, reserved 1114112K
  class space    used 167K, committed 256K, reserved 1048576K
}
Event: 1.873 GC heap before
{Heap before GC invocations=1 (full 0):
 garbage-first heap   total 63488K, used 6081K [0x00000000c2800000, 0x0000000100000000)
  region size 1024K, 5 young (5120K), 1 survivors (1024K)
 Metaspace       used 2716K, committed 2816K, reserved 1114112K
  class space    used 278K, committed 320K, reserved 1048576K
}
Event: 1.878 GC heap after
{Heap after GC invocations=2 (full 0):
 garbage-first heap   total 63488K, used 3072K [0x00000000c2800000, 0x0000000100000000)
  region size 1024K, 1 young (1024K), 1 survivors (1024K)
 Metaspace       used 2716K, committed 2816K, reserved 1114112K
  class space    used 278K, committed 320K, reserved 1048576K
}
Event: 3.190 GC heap before
{Heap before GC invocations=2 (full 0):
 garbage-first heap   total 63488K, used 13312K [0x00000000c2800000, 0x0000000100000000)
  region size 1024K, 11 young (11264K), 1 survivors (1024K)
 Metaspace       used 5388K, committed 5632K, reserved 1114112K
  class space    used 641K, committed 768K, reserved 1048576K
}
Event: 3.195 GC heap after
{Heap after GC invocations=3 (full 0):
 garbage-first heap   total 63488K, used 3684K [0x00000000c2800000, 0x0000000100000000)
  region size 1024K, 2 young (2048K), 2 survivors (2048K)
 Metaspace       used 5388K, committed 5632K, reserved 1114112K
  class space    used 641K, committed 768K, reserved 1048576K
}
Event: 5.680 GC heap before
{Heap before GC invocations=3 (full 0):
 garbage-first heap   total 63488K, used 38500K [0x00000000c2800000, 0x0000000100000000)
  region size 1024K, 36 young (36864K), 2 survivors (2048K)
 Metaspace       used 9631K, committed 9856K, reserved 1114112K
  class space    used 1166K, committed 1280K, reserved 1048576K
}
Event: 5.694 GC heap after
{Heap after GC invocations=4 (full 0):
 garbage-first heap   total 63488K, used 5260K [0x00000000c2800000, 0x0000000100000000)
  region size 1024K, 4 young (4096K), 4 survivors (4096K)
 Metaspace       used 9631K, committed 9856K, reserved 1114112K
  class space    used 1166K, committed 1280K, reserved 1048576K
}
Event: 11.825 GC heap before
{Heap before GC invocations=4 (full 0):
 garbage-first heap   total 63488K, used 39052K [0x00000000c2800000, 0x0000000100000000)
  region size 1024K, 37 young (37888K), 4 survivors (4096K)
 Metaspace       used 14729K, committed 14848K, reserved 1114112K
  class space    used 1783K, committed 1856K, reserved 1048576K
}
Event: 11.848 GC heap after
{Heap after GC invocations=5 (full 0):
 garbage-first heap   total 63488K, used 8965K [0x00000000c2800000, 0x0000000100000000)
  region size 1024K, 5 young (5120K), 5 survivors (5120K)
 Metaspace       used 14729K, committed 14848K, reserved 1114112K
  class space    used 1783K, committed 1856K, reserved 1048576K
}

