# JRE version: OpenJDK Runtime Environment Temurin-21.0.9+10 (21.0.9+10) (build 21.0.9+10-LTS)
# Java VM: OpenJDK 64-Bit Server VM Temurin-21.0.9+10 (21.0.9+10-LTS, mixed mode, sharing, tiered, compressed oops, compressed class ptrs, parallel gc, windows-amd64)
GC Precious Log:
 CardTable entry size: 512
 CPUs: 2 total, 2 available
 Memory: 3935M
 Large Page Support: Disabled
 NUMA Support: Disabled
 Compressed Oops: Enabled (32-bit)
 Alignments: Space 512K, Generation 512K, Heap 2M
 Heap Min Capacity: 100M
 Heap Initial Capacity: 100M
 Heap Max Capacity: 2G
 Pre-touch: Disabled
 Parallel Workers: 2
Heap:
 PSYoungGen      total 2048K, used 1887K [0x00000000d5580000, 0x00000000d5880000, 0x0000000100000000)
  eden space 1536K, 99% used [0x00000000d5580000,0x00000000d56ffff0,0x00000000d5700000)
  from space 512K, 68% used [0x00000000d5780000,0x00000000d57d8000,0x00000000d5800000)
  to   space 512K, 0% used [0x00000000d5800000,0x00000000d5800000,0x00000000d5880000)
 ParOldGen       total 194048K, used 194021K [0x0000000080000000, 0x000000008bd80000, 0x00000000d5580000)
  object space 194048K, 99% used [0x0000000080000000,0x000000008bd79498,0x000000008bd80000)
 Metaspace       used 73669K, committed 75392K, reserved 1179648K
  class space    used 7608K, committed 8384K, reserved 1048576K
GC Heap History (20 events):
Event: 702.605 GC heap before
{Heap before GC invocations=197 (full 3):
 PSYoungGen      total 2048K, used 1663K [0x00000000d5580000, 0x00000000d5880000, 0x0000000100000000)
  eden space 1536K, 99% used [0x00000000d5580000,0x00000000d56ffff8,0x00000000d5700000)
  from space 512K, 25% used [0x00000000d5780000,0x00000000d57a0000,0x00000000d5800000)
  to   space 512K, 0% used [0x00000000d5800000,0x00000000d5800000,0x00000000d5880000)
 ParOldGen       total 193024K, used 192062K [0x0000000080000000, 0x000000008bc80000, 0x00000000d5580000)
  object space 193024K, 99% used [0x0000000080000000,0x000000008bb8f8d0,0x000000008bc80000)
 Metaspace       used 73440K, committed 75136K, reserved 1179648K
  class space    used 7606K, committed 8320K, reserved 1048576K
}
Event: 702.608 GC heap after
{Heap after GC invocations=197 (full 3):
 PSYoungGen      total 2048K, used 212K [0x00000000d5580000, 0x00000000d5880000, 0x0000000100000000)
  eden space 1536K, 0% used [0x00000000d5580000,0x00000000d5580000,0x00000000d5700000)
  from space 512K, 41% used [0x00000000d5800000,0x00000000d5835200,0x00000000d5880000)
  to   space 512K, 0% used [0x00000000d5780000,0x00000000d5780000,0x00000000d5800000)
 ParOldGen       total 193024K, used 192173K [0x0000000080000000, 0x000000008bc80000, 0x00000000d5580000)
  object space 193024K, 99% used [0x0000000080000000,0x000000008bbab658,0x000000008bc80000)
 Metaspace       used 73440K, committed 75136K, reserved 1179648K
  class space    used 7606K, committed 8320K, reserved 1048576K
}
Event: 702.679 GC heap before
{Heap before GC invocations=198 (full 3):
 PSYoungGen      total 2048K, used 1748K [0x00000000d5580000, 0x00000000d5880000, 0x0000000100000000)
  eden space 1536K, 100% used [0x00000000d5580000,0x00000000d5700000,0x00000000d5700000)
  from space 512K, 41% used [0x00000000d5800000,0x00000000d5835200,0x00000000d5880000)
  to   space 512K, 0% used [0x00000000d5780000,0x00000000d5780000,0x00000000d5800000)
 ParOldGen       total 193024K, used 192173K [0x0000000080000000, 0x000000008bc80000, 0x00000000d5580000)
  object space 193024K, 99% used [0x0000000080000000,0x000000008bbab658,0x000000008bc80000)
 Metaspace       used 73442K, committed 75136K, reserved 1179648K
  class space    used 7606K, committed 8320K, reserved 1048576K
}
Event: 702.687 GC heap after
{Heap after GC invocations=198 (full 3):
 PSYoungGen      total 2048K, used 384K [0x00000000d5580000, 0x00000000d5880000, 0x0000000100000000)
  eden space 1536K, 0% used [0x00000000d5580000,0x00000000d5580000,0x00000000d5700000)
  from space 512K, 75% used [0x00000000d5780000,0x00000000d57e0000,0x00000000d5800000)
  to   space 512K, 0% used [0x00000000d5800000,0x00000000d5800000,0x00000000d5880000)
 ParOldGen       total 193024K, used 192350K [0x0000000080000000, 0x000000008bc80000, 0x00000000d5580000)
  object space 193024K, 99% used [0x0000000080000000,0x000000008bbd7930,0x000000008bc80000)
 Metaspace       used 73442K, committed 75136K, reserved 1179648K
  class space    used 7606K, committed 8320K, reserved 1048576K
}
Event: 705.144 GC heap before
{Heap before GC invocations=199 (full 3):
 PSYoungGen      total 2048K, used 1919K [0x00000000d5580000, 0x00000000d5880000, 0x0000000100000000)
  eden space 1536K, 99% used [0x00000000d5580000,0x00000000d56fffe0,0x00000000d5700000)
  from space 512K, 75% used [0x00000000d5780000,0x00000000d57e0000,0x00000000d5800000)
  to   space 512K, 0% used [0x00000000d5800000,0x00000000d5800000,0x00000000d5880000)
 ParOldGen       total 193024K, used 192350K [0x0000000080000000, 0x000000008bc80000, 0x00000000d5580000)
  object space 193024K, 99% used [0x0000000080000000,0x000000008bbd7930,0x000000008bc80000)
 Metaspace       used 73505K, committed 75264K, reserved 1179648K
  class space    used 7608K, committed 8384K, reserved 1048576K
}
Event: 705.152 GC heap after
{Heap after GC invocations=199 (full 3):
 PSYoungGen      total 2048K, used 96K [0x00000000d5580000, 0x00000000d5880000, 0x0000000100000000)
  eden space 1536K, 0% used [0x00000000d5580000,0x00000000d5580000,0x00000000d5700000)
  from space 512K, 18% used [0x00000000d5800000,0x00000000d5818000,0x00000000d5880000)
  to   space 512K, 0% used [0x00000000d5780000,0x00000000d5780000,0x00000000d5800000)
 ParOldGen       total 193024K, used 192702K [0x0000000080000000, 0x000000008bc80000, 0x00000000d5580000)
  object space 193024K, 99% used [0x0000000080000000,0x000000008bc2f930,0x000000008bc80000)
 Metaspace       used 73505K, committed 75264K, reserved 1179648K
  class space    used 7608K, committed 8384K, reserved 1048576K
}
Event: 705.810 GC heap before
{Heap before GC invocations=200 (full 3):
 PSYoungGen      total 2048K, used 1632K [0x00000000d5580000, 0x00000000d5880000, 0x0000000100000000)
  eden space 1536K, 100% used [0x00000000d5580000,0x00000000d5700000,0x00000000d5700000)
  from space 512K, 18% used [0x00000000d5800000,0x00000000d5818000,0x00000000d5880000)
  to   space 512K, 0% used [0x00000000d5780000,0x00000000d5780000,0x00000000d5800000)
 ParOldGen       total 193024K, used 192702K [0x0000000080000000, 0x000000008bc80000, 0x00000000d5580000)
  object space 193024K, 99% used [0x0000000080000000,0x000000008bc2f930,0x000000008bc80000)
 Metaspace       used 73511K, committed 75264K, reserved 1179648K
  class space    used 7608K, committed 8384K, reserved 1048576K
}
Event: 705.832 GC heap after
{Heap after GC invocations=200 (full 3):
 PSYoungGen      total 2048K, used 148K [0x00000000d5580000, 0x00000000d5880000, 0x0000000100000000)
  eden space 1536K, 0% used [0x00000000d5580000,0x00000000d5580000,0x00000000d5700000)
  from space 512K, 29% used [0x00000000d5780000,0x00000000d57a5200,0x00000000d5800000)
  to   space 512K, 0% used [0x00000000d5800000,0x00000000d5800000,0x00000000d5880000)
 ParOldGen       total 193024K, used 192774K [0x0000000080000000, 0x000000008bc80000, 0x00000000d5580000)
  object space 193024K, 99% used [0x0000000080000000,0x000000008bc41930,0x000000008bc80000)
 Metaspace       used 73511K, committed 75264K, reserved 1179648K
  class space    used 7608K, committed 8384K, reserved 1048576K
}
Event: 706.102 GC heap before
{Heap before GC invocations=201 (full 3):
 PSYoungGen      total 2048K, used 1684K [0x00000000d5580000, 0x00000000d5880000, 0x0000000100000000)
  eden space 1536K, 100% used [0x00000000d5580000,0x00000000d5700000,0x00000000d5700000)
  from space 512K, 29% used [0x00000000d5780000,0x00000000d57a5200,0x00000000d5800000)
  to   space 512K, 0% used [0x00000000d5800000,0x00000000d5800000,0x00000000d5880000)
 ParOldGen       total 193024K, used 192774K [0x0000000080000000, 0x000000008bc80000, 0x00000000d5580000)
  object space 193024K, 99% used [0x0000000080000000,0x000000008bc41930,0x000000008bc80000)
 Metaspace       used 73512K, committed 75264K, reserved 1179648K
  class space    used 7608K, committed 8384K, reserved 1048576K
}
Event: 706.106 GC heap after
{Heap after GC invocations=201 (full 3):
 PSYoungGen      total 2048K, used 336K [0x00000000d5580000, 0x00000000d5880000, 0x0000000100000000)
  eden space 1536K, 0% used [0x00000000d5580000,0x00000000d5580000,0x00000000d5700000)
  from space 512K, 65% used [0x00000000d5800000,0x00000000d5854010,0x00000000d5880000)
  to   space 512K, 0% used [0x00000000d5780000,0x00000000d5780000,0x00000000d5800000)
 ParOldGen       total 193024K, used 192890K [0x0000000080000000, 0x000000008bc80000, 0x00000000d5580000)
  object space 193024K, 99% used [0x0000000080000000,0x000000008bc5eb40,0x000000008bc80000)
 Metaspace       used 73512K, committed 75264K, reserved 1179648K
  class space    used 7608K, committed 8384K, reserved 1048576K
}
Event: 706.583 GC heap before
{Heap before GC invocations=202 (full 3):
 PSYoungGen      total 2048K, used 1872K [0x00000000d5580000, 0x00000000d5880000, 0x0000000100000000)
  eden space 1536K, 100% used [0x00000000d5580000,0x00000000d5700000,0x00000000d5700000)
  from space 512K, 65% used [0x00000000d5800000,0x00000000d5854010,0x00000000d5880000)
  to   space 512K, 0% used [0x00000000d5780000,0x00000000d5780000,0x00000000d5800000)
 ParOldGen       total 193024K, used 192890K [0x0000000080000000, 0x000000008bc80000, 0x00000000d5580000)
  object space 193024K, 99% used [0x0000000080000000,0x000000008bc5eb40,0x000000008bc80000)
 Metaspace       used 73522K, committed 75264K, reserved 1179648K
  class space    used 7608K, committed 8384K, reserved 1048576K
}
Event: 706.586 GC heap after
{Heap after GC invocations=202 (full 3):
 PSYoungGen      total 2048K, used 176K [0x00000000d5580000, 0x00000000d5880000, 0x0000000100000000)
  eden space 1536K, 0% used [0x00000000d5580000,0x00000000d5580000,0x00000000d5700000)
  from space 512K, 34% used [0x00000000d5780000,0x00000000d57ac030,0x00000000d5800000)
  to   space 512K, 0% used [0x00000000d5800000,0x00000000d5800000,0x00000000d5880000)
 ParOldGen       total 193024K, used 192906K [0x0000000080000000, 0x000000008bc80000, 0x00000000d5580000)
  object space 193024K, 99% used [0x0000000080000000,0x000000008bc62b40,0x000000008bc80000)
 Metaspace       used 73522K, committed 75264K, reserved 1179648K
  class space    used 7608K, committed 8384K, reserved 1048576K
}
Event: 706.639 GC heap before
{Heap before GC invocations=203 (full 3):
 PSYoungGen      total 2048K, used 1712K [0x00000000d5580000, 0x00000000d5880000, 0x0000000100000000)
  eden space 1536K, 100% used [0x00000000d5580000,0x00000000d5700000,0x00000000d5700000)
  from space 512K, 34% used [0x00000000d5780000,0x00000000d57ac030,0x00000000d5800000)
  to   space 512K, 0% used [0x00000000d5800000,0x00000000d5800000,0x00000000d5880000)
 ParOldGen       total 193024K, used 192906K [0x0000000080000000, 0x000000008bc80000, 0x00000000d5580000)
  object space 193024K, 99% used [0x0000000080000000,0x000000008bc62b40,0x000000008bc80000)
 Metaspace       used 73523K, committed 75264K, reserved 1179648K
  class space    used 7608K, committed 8384K, reserved 1048576K
}
Event: 706.650 GC heap after
{Heap after GC invocations=203 (full 3):
 PSYoungGen      total 2048K, used 394K [0x00000000d5580000, 0x00000000d5880000, 0x0000000100000000)
  eden space 1536K, 0% used [0x00000000d5580000,0x00000000d5580000,0x00000000d5700000)
  from space 512K, 77% used [0x00000000d5800000,0x00000000d5862910,0x00000000d5880000)
  to   space 512K, 0% used [0x00000000d5780000,0x00000000d5780000,0x00000000d5800000)
 ParOldGen       total 193536K, used 193026K [0x0000000080000000, 0x000000008bd00000, 0x00000000d5580000)
  object space 193536K, 99% used [0x0000000080000000,0x000000008bc80b70,0x000000008bd00000)
 Metaspace       used 73523K, committed 75264K, reserved 1179648K
  class space    used 7608K, committed 8384K, reserved 1048576K
}
Event: 707.105 GC heap before
{Heap before GC invocations=204 (full 3):
 PSYoungGen      total 2048K, used 1930K [0x00000000d5580000, 0x00000000d5880000, 0x0000000100000000)
  eden space 1536K, 100% used [0x00000000d5580000,0x00000000d5700000,0x00000000d5700000)
  from space 512K, 77% used [0x00000000d5800000,0x00000000d5862910,0x00000000d5880000)
  to   space 512K, 0% used [0x00000000d5780000,0x00000000d5780000,0x00000000d5800000)
 ParOldGen       total 193536K, used 193026K [0x0000000080000000, 0x000000008bd00000, 0x00000000d5580000)
  object space 193536K, 99% used [0x0000000080000000,0x000000008bc80b70,0x000000008bd00000)
 Metaspace       used 73570K, committed 75328K, reserved 1179648K
  class space    used 7608K, committed 8384K, reserved 1048576K
}
Event: 707.109 GC heap after
{Heap after GC invocations=204 (full 3):
 PSYoungGen      total 2048K, used 448K [0x00000000d5580000, 0x00000000d5880000, 0x0000000100000000)
  eden space 1536K, 0% used [0x00000000d5580000,0x00000000d5580000,0x00000000d5700000)
  from space 512K, 87% used [0x00000000d5780000,0x00000000d57f0000,0x00000000d5800000)
  to   space 512K, 0% used [0x00000000d5800000,0x00000000d5800000,0x00000000d5880000)
 ParOldGen       total 193536K, used 193375K [0x0000000080000000, 0x000000008bd00000, 0x00000000d5580000)
  object space 193536K, 99% used [0x0000000080000000,0x000000008bcd7d80,0x000000008bd00000)
 Metaspace       used 73570K, committed 75328K, reserved 1179648K
  class space    used 7608K, committed 8384K, reserved 1048576K
}
Event: 707.300 GC heap before
{Heap before GC invocations=205 (full 3):
 PSYoungGen      total 2048K, used 1984K [0x00000000d5580000, 0x00000000d5880000, 0x0000000100000000)
  eden space 1536K, 100% used [0x00000000d5580000,0x00000000d5700000,0x00000000d5700000)
  from space 512K, 87% used [0x00000000d5780000,0x00000000d57f0000,0x00000000d5800000)
  to   space 512K, 0% used [0x00000000d5800000,0x00000000d5800000,0x00000000d5880000)
 ParOldGen       total 193536K, used 193375K [0x0000000080000000, 0x000000008bd00000, 0x00000000d5580000)
  object space 193536K, 99% used [0x0000000080000000,0x000000008bcd7d80,0x000000008bd00000)
 Metaspace       used 73642K, committed 75392K, reserved 1179648K
  class space    used 7608K, committed 8384K, reserved 1048576K
}
Event: 707.304 GC heap after
{Heap after GC invocations=205 (full 3):
 PSYoungGen      total 2048K, used 244K [0x00000000d5580000, 0x00000000d5880000, 0x0000000100000000)
  eden space 1536K, 0% used [0x00000000d5580000,0x00000000d5580000,0x00000000d5700000)
  from space 512K, 47% used [0x00000000d5800000,0x00000000d583d220,0x00000000d5880000)
  to   space 512K, 0% used [0x00000000d5780000,0x00000000d5780000,0x00000000d5800000)
 ParOldGen       total 194048K, used 193799K [0x0000000080000000, 0x000000008bd80000, 0x00000000d5580000)
  object space 194048K, 99% used [0x0000000080000000,0x000000008bd41d80,0x000000008bd80000)
 Metaspace       used 73642K, committed 75392K, reserved 1179648K
  class space    used 7608K, committed 8384K, reserved 1048576K
}
Event: 707.340 GC heap before
{Heap before GC invocations=206 (full 3):
 PSYoungGen      total 2048K, used 1780K [0x00000000d5580000, 0x00000000d5880000, 0x0000000100000000)
  eden space 1536K, 100% used [0x00000000d5580000,0x00000000d5700000,0x00000000d5700000)
  from space 512K, 47% used [0x00000000d5800000,0x00000000d583d220,0x00000000d5880000)
  to   space 512K, 0% used [0x00000000d5780000,0x00000000d5780000,0x00000000d5800000)
 ParOldGen       total 194048K, used 193799K [0x0000000080000000, 0x000000008bd80000, 0x00000000d5580000)
  object space 194048K, 99% used [0x0000000080000000,0x000000008bd41d80,0x000000008bd80000)
 Metaspace       used 73642K, committed 75392K, reserved 1179648K
  class space    used 7608K, committed 8384K, reserved 1048576K
}
Event: 707.344 GC heap after
{Heap after GC invocations=206 (full 3):
 PSYoungGen      total 2048K, used 352K [0x00000000d5580000, 0x00000000d5880000, 0x0000000100000000)
  eden space 1536K, 0% used [0x00000000d5580000,0x00000000d5580000,0x00000000d5700000)
  from space 512K, 68% used [0x00000000d5780000,0x00000000d57d8000,0x00000000d5800000)
  to   space 512K, 0% used [0x00000000d5800000,0x00000000d5800000,0x00000000d5880000)
 ParOldGen       total 194048K, used 194021K [0x0000000080000000, 0x000000008bd80000, 0x00000000d5580000)
  object space 194048K, 99% used [0x0000000080000000,0x000000008bd79498,0x000000008bd80000)
 Metaspace       used 73642K, committed 75392K, reserved 1179648K
  class space    used 7608K, committed 8384K, reserved 1048576K
}

