# JRE version: OpenJDK Runtime Environment Temurin-21.0.9+10 (21.0.9+10) (build 21.0.9+10-LTS)
# Java VM: OpenJDK 64-Bit Server VM Temurin-21.0.9+10 (21.0.9+10-LTS, mixed mode, sharing, tiered, compressed oops, compressed class ptrs, parallel gc, windows-amd64)
GC Precious Log:
 CardTable entry size: 512
 CPUs: 2 total, 2 available
 Memory: 3935M
 Large Page Support: Disabled
 NUMA Support: Disabled
 Compressed Oops: Enabled (32-bit)
 Alignments: Space 512K, Generation 512K, Heap 2M
 Heap Min Capacity: 100M
 Heap Initial Capacity: 100M
 Heap Max Capacity: 2G
 Pre-touch: Disabled
 Parallel Workers: 2
Heap:
 PSYoungGen      total 19456K, used 13429K [0x00000000d5580000, 0x00000000d6c00000, 0x0000000100000000)
  eden space 18432K, 67% used [0x00000000d5580000,0x00000000d61a8290,0x00000000d6780000)
  from space 1024K, 95% used [0x00000000d6b00000,0x00000000d6bf5220,0x00000000d6c00000)
  to   space 1536K, 0% used [0x00000000d6900000,0x00000000d6900000,0x00000000d6a80000)
 ParOldGen       total 274944K, used 274444K [0x0000000080000000, 0x0000000090c80000, 0x00000000d5580000)
  object space 274944K, 99% used [0x0000000080000000,0x0000000090c03020,0x0000000090c80000)
 Metaspace       used 75377K, committed 77056K, reserved 1179648K
  class space    used 7673K, committed 8384K, reserved 1048576K
GC Heap History (20 events):
Event: 5174.745 GC heap before
{Heap before GC invocations=102 (full 3):
 PSYoungGen      total 20480K, used 20192K [0x00000000d5580000, 0x00000000d7300000, 0x0000000100000000)
  eden space 19968K, 100% used [0x00000000d5580000,0x00000000d6900000,0x00000000d6900000)
  from space 512K, 43% used [0x00000000d7280000,0x00000000d72b8000,0x00000000d7300000)
  to   space 512K, 0% used [0x00000000d7200000,0x00000000d7200000,0x00000000d7280000)
 ParOldGen       total 235008K, used 234532K [0x0000000080000000, 0x000000008e580000, 0x00000000d5580000)
  object space 235008K, 99% used [0x0000000080000000,0x000000008e509220,0x000000008e580000)
 Metaspace       used 74261K, committed 75904K, reserved 1179648K
  class space    used 7615K, committed 8320K, reserved 1048576K
}
Event: 5174.773 GC heap after
{Heap after GC invocations=102 (full 3):
 PSYoungGen      total 20480K, used 500K [0x00000000d5580000, 0x00000000d7300000, 0x0000000100000000)
  eden space 19968K, 0% used [0x00000000d5580000,0x00000000d5580000,0x00000000d6900000)
  from space 512K, 97% used [0x00000000d7200000,0x00000000d727d200,0x00000000d7280000)
  to   space 512K, 0% used [0x00000000d7280000,0x00000000d7280000,0x00000000d7300000)
 ParOldGen       total 235008K, used 234588K [0x0000000080000000, 0x000000008e580000, 0x00000000d5580000)
  object space 235008K, 99% used [0x0000000080000000,0x000000008e517220,0x000000008e580000)
 Metaspace       used 74261K, committed 75904K, reserved 1179648K
  class space    used 7615K, committed 8320K, reserved 1048576K
}
Event: 5294.236 GC heap before
{Heap before GC invocations=103 (full 3):
 PSYoungGen      total 20480K, used 20468K [0x00000000d5580000, 0x00000000d7300000, 0x0000000100000000)
  eden space 19968K, 100% used [0x00000000d5580000,0x00000000d6900000,0x00000000d6900000)
  from space 512K, 97% used [0x00000000d7200000,0x00000000d727d200,0x00000000d7280000)
  to   space 512K, 0% used [0x00000000d7280000,0x00000000d7280000,0x00000000d7300000)
 ParOldGen       total 235008K, used 234588K [0x0000000080000000, 0x000000008e580000, 0x00000000d5580000)
  object space 235008K, 99% used [0x0000000080000000,0x000000008e517220,0x000000008e580000)
 Metaspace       used 74361K, committed 76032K, reserved 1179648K
  class space    used 7624K, committed 8320K, reserved 1048576K
}
Event: 5294.277 GC heap after
{Heap after GC invocations=103 (full 3):
 PSYoungGen      total 18944K, used 490K [0x00000000d5580000, 0x00000000d7f00000, 0x0000000100000000)
  eden space 18432K, 0% used [0x00000000d5580000,0x00000000d5580000,0x00000000d6780000)
  from space 512K, 95% used [0x00000000d7280000,0x00000000d72fabf0,0x00000000d7300000)
  to   space 11264K, 0% used [0x00000000d6780000,0x00000000d6780000,0x00000000d7280000)
 ParOldGen       total 243712K, used 243620K [0x0000000080000000, 0x000000008ee00000, 0x00000000d5580000)
  object space 243712K, 99% used [0x0000000080000000,0x000000008ede9308,0x000000008ee00000)
 Metaspace       used 74361K, committed 76032K, reserved 1179648K
  class space    used 7624K, committed 8320K, reserved 1048576K
}
Event: 5334.723 GC heap before
{Heap before GC invocations=104 (full 3):
 PSYoungGen      total 18944K, used 18922K [0x00000000d5580000, 0x00000000d7f00000, 0x0000000100000000)
  eden space 18432K, 99% used [0x00000000d5580000,0x00000000d677fff0,0x00000000d6780000)
  from space 512K, 95% used [0x00000000d7280000,0x00000000d72fabf0,0x00000000d7300000)
  to   space 11264K, 0% used [0x00000000d6780000,0x00000000d6780000,0x00000000d7280000)
 ParOldGen       total 243712K, used 243620K [0x0000000080000000, 0x000000008ee00000, 0x00000000d5580000)
  object space 243712K, 99% used [0x0000000080000000,0x000000008ede9308,0x000000008ee00000)
 Metaspace       used 74410K, committed 76032K, reserved 1179648K
  class space    used 7627K, committed 8320K, reserved 1048576K
}
Event: 5334.778 GC heap after
{Heap after GC invocations=104 (full 3):
 PSYoungGen      total 20992K, used 2276K [0x00000000d5580000, 0x00000000d7300000, 0x0000000100000000)
  eden space 18432K, 0% used [0x00000000d5580000,0x00000000d5580000,0x00000000d6780000)
  from space 2560K, 88% used [0x00000000d6780000,0x00000000d69b9250,0x00000000d6a00000)
  to   space 5120K, 0% used [0x00000000d6e00000,0x00000000d6e00000,0x00000000d7300000)
 ParOldGen       total 244224K, used 244119K [0x0000000080000000, 0x000000008ee80000, 0x00000000d5580000)
  object space 244224K, 99% used [0x0000000080000000,0x000000008ee65c28,0x000000008ee80000)
 Metaspace       used 74410K, committed 76032K, reserved 1179648K
  class space    used 7627K, committed 8320K, reserved 1048576K
}
Event: 5349.291 GC heap before
{Heap before GC invocations=105 (full 3):
 PSYoungGen      total 20992K, used 20699K [0x00000000d5580000, 0x00000000d7300000, 0x0000000100000000)
  eden space 18432K, 99% used [0x00000000d5580000,0x00000000d677dae8,0x00000000d6780000)
  from space 2560K, 88% used [0x00000000d6780000,0x00000000d69b9250,0x00000000d6a00000)
  to   space 5120K, 0% used [0x00000000d6e00000,0x00000000d6e00000,0x00000000d7300000)
 ParOldGen       total 244224K, used 244119K [0x0000000080000000, 0x000000008ee80000, 0x00000000d5580000)
  object space 244224K, 99% used [0x0000000080000000,0x000000008ee65c28,0x000000008ee80000)
 Metaspace       used 74507K, committed 76224K, reserved 1179648K
  class space    used 7634K, committed 8384K, reserved 1048576K
}
Event: 5349.310 GC heap after
{Heap after GC invocations=105 (full 3):
 PSYoungGen      total 22016K, used 3534K [0x00000000d5580000, 0x00000000d7180000, 0x0000000100000000)
  eden space 18432K, 0% used [0x00000000d5580000,0x00000000d5580000,0x00000000d6780000)
  from space 3584K, 98% used [0x00000000d6e00000,0x00000000d7173818,0x00000000d7180000)
  to   space 4096K, 0% used [0x00000000d6980000,0x00000000d6980000,0x00000000d6d80000)
 ParOldGen       total 246272K, used 245807K [0x0000000080000000, 0x000000008f080000, 0x00000000d5580000)
  object space 246272K, 99% used [0x0000000080000000,0x000000008f00bc48,0x000000008f080000)
 Metaspace       used 74507K, committed 76224K, reserved 1179648K
  class space    used 7634K, committed 8384K, reserved 1048576K
}
Event: 5351.558 GC heap before
{Heap before GC invocations=106 (full 3):
 PSYoungGen      total 22016K, used 21966K [0x00000000d5580000, 0x00000000d7180000, 0x0000000100000000)
  eden space 18432K, 100% used [0x00000000d5580000,0x00000000d6780000,0x00000000d6780000)
  from space 3584K, 98% used [0x00000000d6e00000,0x00000000d7173818,0x00000000d7180000)
  to   space 4096K, 0% used [0x00000000d6980000,0x00000000d6980000,0x00000000d6d80000)
 ParOldGen       total 269824K, used 268847K [0x0000000080000000, 0x0000000090780000, 0x00000000d5580000)
  object space 269824K, 99% used [0x0000000080000000,0x000000009068bc68,0x0000000090780000)
 Metaspace       used 74570K, committed 76288K, reserved 1179648K
  class space    used 7636K, committed 8384K, reserved 1048576K
}
Event: 5351.609 GC heap after
{Heap after GC invocations=106 (full 3):
 PSYoungGen      total 19456K, used 868K [0x00000000d5580000, 0x00000000d6e80000, 0x0000000100000000)
  eden space 18432K, 0% used [0x00000000d5580000,0x00000000d5580000,0x00000000d6780000)
  from space 1024K, 84% used [0x00000000d6980000,0x00000000d6a59250,0x00000000d6a80000)
  to   space 2048K, 0% used [0x00000000d6c80000,0x00000000d6c80000,0x00000000d6e80000)
 ParOldGen       total 270848K, used 270548K [0x0000000080000000, 0x0000000090880000, 0x00000000d5580000)
  object space 270848K, 99% used [0x0000000080000000,0x0000000090835240,0x0000000090880000)
 Metaspace       used 74570K, committed 76288K, reserved 1179648K
  class space    used 7636K, committed 8384K, reserved 1048576K
}
Event: 5567.145 GC heap before
{Heap before GC invocations=107 (full 3):
 PSYoungGen      total 19456K, used 19300K [0x00000000d5580000, 0x00000000d6e80000, 0x0000000100000000)
  eden space 18432K, 100% used [0x00000000d5580000,0x00000000d6780000,0x00000000d6780000)
  from space 1024K, 84% used [0x00000000d6980000,0x00000000d6a59250,0x00000000d6a80000)
  to   space 2048K, 0% used [0x00000000d6c80000,0x00000000d6c80000,0x00000000d6e80000)
 ParOldGen       total 270848K, used 270548K [0x0000000080000000, 0x0000000090880000, 0x00000000d5580000)
  object space 270848K, 99% used [0x0000000080000000,0x0000000090835240,0x0000000090880000)
 Metaspace       used 75008K, committed 76672K, reserved 1179648K
  class space    used 7669K, committed 8384K, reserved 1048576K
}
Event: 5567.159 GC heap after
{Heap after GC invocations=107 (full 3):
 PSYoungGen      total 18944K, used 352K [0x00000000d5580000, 0x00000000d6d00000, 0x0000000100000000)
  eden space 18432K, 0% used [0x00000000d5580000,0x00000000d5580000,0x00000000d6780000)
  from space 512K, 68% used [0x00000000d6c80000,0x00000000d6cd8000,0x00000000d6d00000)
  to   space 1024K, 0% used [0x00000000d6b00000,0x00000000d6b00000,0x00000000d6c00000)
 ParOldGen       total 270848K, used 270748K [0x0000000080000000, 0x0000000090880000, 0x00000000d5580000)
  object space 270848K, 99% used [0x0000000080000000,0x0000000090867260,0x0000000090880000)
 Metaspace       used 75008K, committed 76672K, reserved 1179648K
  class space    used 7669K, committed 8384K, reserved 1048576K
}
Event: 5937.749 GC heap before
{Heap before GC invocations=108 (full 3):
 PSYoungGen      total 18944K, used 18784K [0x00000000d5580000, 0x00000000d6d00000, 0x0000000100000000)
  eden space 18432K, 100% used [0x00000000d5580000,0x00000000d6780000,0x00000000d6780000)
  from space 512K, 68% used [0x00000000d6c80000,0x00000000d6cd8000,0x00000000d6d00000)
  to   space 1024K, 0% used [0x00000000d6b00000,0x00000000d6b00000,0x00000000d6c00000)
 ParOldGen       total 270848K, used 270748K [0x0000000080000000, 0x0000000090880000, 0x00000000d5580000)
  object space 270848K, 99% used [0x0000000080000000,0x0000000090867260,0x0000000090880000)
 Metaspace       used 75037K, committed 76736K, reserved 1179648K
  class space    used 7669K, committed 8384K, reserved 1048576K
}
Event: 5937.763 GC heap after
{Heap after GC invocations=108 (full 3):
 PSYoungGen      total 19456K, used 1017K [0x00000000d5580000, 0x00000000d6d00000, 0x0000000100000000)
  eden space 18432K, 0% used [0x00000000d5580000,0x00000000d5580000,0x00000000d6780000)
  from space 1024K, 99% used [0x00000000d6b00000,0x00000000d6bfe450,0x00000000d6c00000)
  to   space 1024K, 0% used [0x00000000d6c00000,0x00000000d6c00000,0x00000000d6d00000)
 ParOldGen       total 271360K, used 271228K [0x0000000080000000, 0x0000000090900000, 0x00000000d5580000)
  object space 271360K, 99% used [0x0000000080000000,0x00000000908df270,0x0000000090900000)
 Metaspace       used 75037K, committed 76736K, reserved 1179648K
  class space    used 7669K, committed 8384K, reserved 1048576K
}
Event: 6627.207 GC heap before
{Heap before GC invocations=109 (full 3):
 PSYoungGen      total 19456K, used 19449K [0x00000000d5580000, 0x00000000d6d00000, 0x0000000100000000)
  eden space 18432K, 100% used [0x00000000d5580000,0x00000000d6780000,0x00000000d6780000)
  from space 1024K, 99% used [0x00000000d6b00000,0x00000000d6bfe450,0x00000000d6c00000)
  to   space 1024K, 0% used [0x00000000d6c00000,0x00000000d6c00000,0x00000000d6d00000)
 ParOldGen       total 271360K, used 271228K [0x0000000080000000, 0x0000000090900000, 0x00000000d5580000)
  object space 271360K, 99% used [0x0000000080000000,0x00000000908df270,0x0000000090900000)
 Metaspace       used 75109K, committed 76800K, reserved 1179648K
  class space    used 7669K, committed 8384K, reserved 1048576K
}
Event: 6627.221 GC heap after
{Heap after GC invocations=109 (full 3):
 PSYoungGen      total 19456K, used 1001K [0x00000000d5580000, 0x00000000d6d80000, 0x0000000100000000)
  eden space 18432K, 0% used [0x00000000d5580000,0x00000000d5580000,0x00000000d6780000)
  from space 1024K, 97% used [0x00000000d6c00000,0x00000000d6cfa440,0x00000000d6d00000)
  to   space 3072K, 0% used [0x00000000d6780000,0x00000000d6780000,0x00000000d6a80000)
 ParOldGen       total 272896K, used 272618K [0x0000000080000000, 0x0000000090a80000, 0x00000000d5580000)
  object space 272896K, 99% used [0x0000000080000000,0x0000000090a3a848,0x0000000090a80000)
 Metaspace       used 75109K, committed 76800K, reserved 1179648K
  class space    used 7669K, committed 8384K, reserved 1048576K
}
Event: 6636.855 GC heap before
{Heap before GC invocations=110 (full 3):
 PSYoungGen      total 19456K, used 19433K [0x00000000d5580000, 0x00000000d6d80000, 0x0000000100000000)
  eden space 18432K, 100% used [0x00000000d5580000,0x00000000d6780000,0x00000000d6780000)
  from space 1024K, 97% used [0x00000000d6c00000,0x00000000d6cfa440,0x00000000d6d00000)
  to   space 3072K, 0% used [0x00000000d6780000,0x00000000d6780000,0x00000000d6a80000)
 ParOldGen       total 272896K, used 272618K [0x0000000080000000, 0x0000000090a80000, 0x00000000d5580000)
  object space 272896K, 99% used [0x0000000080000000,0x0000000090a3a848,0x0000000090a80000)
 Metaspace       used 75157K, committed 76800K, reserved 1179648K
  class space    used 7669K, committed 8384K, reserved 1048576K
}
Event: 6636.872 GC heap after
{Heap after GC invocations=110 (full 3):
 PSYoungGen      total 21504K, used 916K [0x00000000d5580000, 0x00000000d6c80000, 0x0000000100000000)
  eden space 18432K, 0% used [0x00000000d5580000,0x00000000d5580000,0x00000000d6780000)
  from space 3072K, 29% used [0x00000000d6780000,0x00000000d6865220,0x00000000d6a80000)
  to   space 1536K, 0% used [0x00000000d6b00000,0x00000000d6b00000,0x00000000d6c80000)
 ParOldGen       total 273920K, used 273599K [0x0000000080000000, 0x0000000090b80000, 0x00000000d5580000)
  object space 273920K, 99% used [0x0000000080000000,0x0000000090b2fdf0,0x0000000090b80000)
 Metaspace       used 75157K, committed 76800K, reserved 1179648K
  class space    used 7669K, committed 8384K, reserved 1048576K
}
Event: 6647.361 GC heap before
{Heap before GC invocations=111 (full 3):
 PSYoungGen      total 21504K, used 19348K [0x00000000d5580000, 0x00000000d6c80000, 0x0000000100000000)
  eden space 18432K, 100% used [0x00000000d5580000,0x00000000d6780000,0x00000000d6780000)
  from space 3072K, 29% used [0x00000000d6780000,0x00000000d6865220,0x00000000d6a80000)
  to   space 1536K, 0% used [0x00000000d6b00000,0x00000000d6b00000,0x00000000d6c80000)
 ParOldGen       total 273920K, used 273599K [0x0000000080000000, 0x0000000090b80000, 0x00000000d5580000)
  object space 273920K, 99% used [0x0000000080000000,0x0000000090b2fdf0,0x0000000090b80000)
 Metaspace       used 75263K, committed 76928K, reserved 1179648K
  class space    used 7669K, committed 8384K, reserved 1048576K
}
Event: 6647.367 GC heap after
{Heap after GC invocations=111 (full 3):
 PSYoungGen      total 19456K, used 980K [0x00000000d5580000, 0x00000000d6c00000, 0x0000000100000000)
  eden space 18432K, 0% used [0x00000000d5580000,0x00000000d5580000,0x00000000d6780000)
  from space 1024K, 95% used [0x00000000d6b00000,0x00000000d6bf5220,0x00000000d6c00000)
  to   space 1536K, 0% used [0x00000000d6900000,0x00000000d6900000,0x00000000d6a80000)
 ParOldGen       total 274944K, used 274444K [0x0000000080000000, 0x0000000090c80000, 0x00000000d5580000)
  object space 274944K, 99% used [0x0000000080000000,0x0000000090c03020,0x0000000090c80000)
 Metaspace       used 75263K, committed 76928K, reserved 1179648K
  class space    used 7669K, committed 8384K, reserved 1048576K
}

