# JRE version: OpenJDK Runtime Environment Temurin-21.0.9+10 (21.0.9+10) (build 21.0.9+10-LTS)
# Java VM: OpenJDK 64-Bit Server VM Temurin-21.0.9+10 (21.0.9+10-LTS, mixed mode, sharing, tiered, compressed oops, compressed class ptrs, parallel gc, windows-amd64)
GC Precious Log:
 CardTable entry size: 512
 CPUs: 2 total, 2 available
 Memory: 3935M
 Large Page Support: Disabled
 NUMA Support: Disabled
 Compressed Oops: Enabled (32-bit)
 Alignments: Space 512K, Generation 512K, Heap 2M
 Heap Min Capacity: 100M
 Heap Initial Capacity: 100M
 Heap Max Capacity: 2G
 Pre-touch: Disabled
 Parallel Workers: 2
Heap:
 PSYoungGen      total 1536K, used 1127K [0x00000000d5580000, 0x00000000d5780000, 0x0000000100000000)
  eden space 1024K, 100% used [0x00000000d5580000,0x00000000d5680000,0x00000000d5680000)
  from space 512K, 20% used [0x00000000d5700000,0x00000000d5719ef0,0x00000000d5780000)
  to   space 512K, 0% used [0x00000000d5680000,0x00000000d5680000,0x00000000d5700000)
 ParOldGen       total 345088K, used 344644K [0x0000000080000000, 0x0000000095100000, 0x00000000d5580000)
  object space 345088K, 99% used [0x0000000080000000,0x0000000095091218,0x0000000095100000)
 Metaspace       used 71339K, committed 72960K, reserved 1179648K
  class space    used 7467K, committed 8192K, reserved 1048576K
GC Heap History (20 events):
Event: 1000.330 GC heap before
{Heap before GC invocations=242 (full 3):
 PSYoungGen      total 2560K, used 2048K [0x00000000d5580000, 0x00000000d5980000, 0x0000000100000000)
  eden space 1024K, 100% used [0x00000000d5580000,0x00000000d5680000,0x00000000d5680000)
  from space 1536K, 66% used [0x00000000d5800000,0x00000000d5900000,0x00000000d5980000)
  to   space 1536K, 0% used [0x00000000d5680000,0x00000000d5680000,0x00000000d5800000)
 ParOldGen       total 337920K, used 337428K [0x0000000080000000, 0x0000000094a00000, 0x00000000d5580000)
  object space 337920K, 99% used [0x0000000080000000,0x00000000949851f8,0x0000000094a00000)
 Metaspace       used 71022K, committed 72576K, reserved 1114112K
  class space    used 7415K, committed 8128K, reserved 1048576K
}
Event: 1000.335 GC heap after
{Heap after GC invocations=242 (full 3):
 PSYoungGen      total 2560K, used 1024K [0x00000000d5580000, 0x00000000d5980000, 0x0000000100000000)
  eden space 1024K, 0% used [0x00000000d5580000,0x00000000d5580000,0x00000000d5680000)
  from space 1536K, 66% used [0x00000000d5680000,0x00000000d5780000,0x00000000d5800000)
  to   space 1536K, 0% used [0x00000000d5800000,0x00000000d5800000,0x00000000d5980000)
 ParOldGen       total 338944K, used 338444K [0x0000000080000000, 0x0000000094b00000, 0x00000000d5580000)
  object space 338944K, 99% used [0x0000000080000000,0x0000000094a831f8,0x0000000094b00000)
 Metaspace       used 71022K, committed 72576K, reserved 1114112K
  class space    used 7415K, committed 8128K, reserved 1048576K
}
Event: 1001.158 GC heap before
{Heap before GC invocations=243 (full 3):
 PSYoungGen      total 2560K, used 2047K [0x00000000d5580000, 0x00000000d5980000, 0x0000000100000000)
  eden space 1024K, 99% used [0x00000000d5580000,0x00000000d567ffb0,0x00000000d5680000)
  from space 1536K, 66% used [0x00000000d5680000,0x00000000d5780000,0x00000000d5800000)
  to   space 1536K, 0% used [0x00000000d5800000,0x00000000d5800000,0x00000000d5980000)
 ParOldGen       total 338944K, used 338444K [0x0000000080000000, 0x0000000094b00000, 0x00000000d5580000)
  object space 338944K, 99% used [0x0000000080000000,0x0000000094a831f8,0x0000000094b00000)
 Metaspace       used 71022K, committed 72576K, reserved 1114112K
  class space    used 7415K, committed 8128K, reserved 1048576K
}
Event: 1001.165 GC heap after
{Heap after GC invocations=243 (full 3):
 PSYoungGen      total 2560K, used 1024K [0x00000000d5580000, 0x00000000d5980000, 0x0000000100000000)
  eden space 1024K, 0% used [0x00000000d5580000,0x00000000d5580000,0x00000000d5680000)
  from space 1536K, 66% used [0x00000000d5800000,0x00000000d5900000,0x00000000d5980000)
  to   space 1536K, 0% used [0x00000000d5680000,0x00000000d5680000,0x00000000d5800000)
 ParOldGen       total 339456K, used 339452K [0x0000000080000000, 0x0000000094b80000, 0x00000000d5580000)
  object space 339456K, 99% used [0x0000000080000000,0x0000000094b7f1f8,0x0000000094b80000)
 Metaspace       used 71022K, committed 72576K, reserved 1114112K
  class space    used 7415K, committed 8128K, reserved 1048576K
}
Event: 1001.232 GC heap before
{Heap before GC invocations=244 (full 3):
 PSYoungGen      total 2560K, used 2048K [0x00000000d5580000, 0x00000000d5980000, 0x0000000100000000)
  eden space 1024K, 100% used [0x00000000d5580000,0x00000000d5680000,0x00000000d5680000)
  from space 1536K, 66% used [0x00000000d5800000,0x00000000d5900000,0x00000000d5980000)
  to   space 1536K, 0% used [0x00000000d5680000,0x00000000d5680000,0x00000000d5800000)
 ParOldGen       total 339456K, used 339452K [0x0000000080000000, 0x0000000094b80000, 0x00000000d5580000)
  object space 339456K, 99% used [0x0000000080000000,0x0000000094b7f1f8,0x0000000094b80000)
 Metaspace       used 71022K, committed 72576K, reserved 1114112K
  class space    used 7415K, committed 8128K, reserved 1048576K
}
Event: 1001.237 GC heap after
{Heap after GC invocations=244 (full 3):
 PSYoungGen      total 2560K, used 1024K [0x00000000d5580000, 0x00000000d5980000, 0x0000000100000000)
  eden space 1024K, 0% used [0x00000000d5580000,0x00000000d5580000,0x00000000d5680000)
  from space 1536K, 66% used [0x00000000d5680000,0x00000000d5780000,0x00000000d5800000)
  to   space 1536K, 0% used [0x00000000d5800000,0x00000000d5800000,0x00000000d5980000)
 ParOldGen       total 340480K, used 340468K [0x0000000080000000, 0x0000000094c80000, 0x00000000d5580000)
  object space 340480K, 99% used [0x0000000080000000,0x0000000094c7d1f8,0x0000000094c80000)
 Metaspace       used 71022K, committed 72576K, reserved 1114112K
  class space    used 7415K, committed 8128K, reserved 1048576K
}
Event: 1001.269 GC heap before
{Heap before GC invocations=245 (full 3):
 PSYoungGen      total 2560K, used 2048K [0x00000000d5580000, 0x00000000d5980000, 0x0000000100000000)
  eden space 1024K, 100% used [0x00000000d5580000,0x00000000d5680000,0x00000000d5680000)
  from space 1536K, 66% used [0x00000000d5680000,0x00000000d5780000,0x00000000d5800000)
  to   space 1536K, 0% used [0x00000000d5800000,0x00000000d5800000,0x00000000d5980000)
 ParOldGen       total 340480K, used 340468K [0x0000000080000000, 0x0000000094c80000, 0x00000000d5580000)
  object space 340480K, 99% used [0x0000000080000000,0x0000000094c7d1f8,0x0000000094c80000)
 Metaspace       used 71022K, committed 72576K, reserved 1114112K
  class space    used 7415K, committed 8128K, reserved 1048576K
}
Event: 1001.274 GC heap after
{Heap after GC invocations=245 (full 3):
 PSYoungGen      total 2560K, used 1024K [0x00000000d5580000, 0x00000000d5980000, 0x0000000100000000)
  eden space 1024K, 0% used [0x00000000d5580000,0x00000000d5580000,0x00000000d5680000)
  from space 1536K, 66% used [0x00000000d5800000,0x00000000d5900000,0x00000000d5980000)
  to   space 1536K, 0% used [0x00000000d5680000,0x00000000d5680000,0x00000000d5800000)
 ParOldGen       total 341504K, used 341476K [0x0000000080000000, 0x0000000094d80000, 0x00000000d5580000)
  object space 341504K, 99% used [0x0000000080000000,0x0000000094d791f8,0x0000000094d80000)
 Metaspace       used 71022K, committed 72576K, reserved 1114112K
  class space    used 7415K, committed 8128K, reserved 1048576K
}
Event: 1001.412 GC heap before
{Heap before GC invocations=246 (full 3):
 PSYoungGen      total 2560K, used 1926K [0x00000000d5580000, 0x00000000d5980000, 0x0000000100000000)
  eden space 1024K, 88% used [0x00000000d5580000,0x00000000d5661918,0x00000000d5680000)
  from space 1536K, 66% used [0x00000000d5800000,0x00000000d5900000,0x00000000d5980000)
  to   space 1536K, 0% used [0x00000000d5680000,0x00000000d5680000,0x00000000d5800000)
 ParOldGen       total 341504K, used 341476K [0x0000000080000000, 0x0000000094d80000, 0x00000000d5580000)
  object space 341504K, 99% used [0x0000000080000000,0x0000000094d791f8,0x0000000094d80000)
 Metaspace       used 71022K, committed 72576K, reserved 1114112K
  class space    used 7415K, committed 8128K, reserved 1048576K
}
Event: 1001.418 GC heap after
{Heap after GC invocations=246 (full 3):
 PSYoungGen      total 2048K, used 744K [0x00000000d5580000, 0x00000000d5880000, 0x0000000100000000)
  eden space 1024K, 0% used [0x00000000d5580000,0x00000000d5580000,0x00000000d5680000)
  from space 1024K, 72% used [0x00000000d5680000,0x00000000d573a000,0x00000000d5780000)
  to   space 1024K, 0% used [0x00000000d5780000,0x00000000d5780000,0x00000000d5880000)
 ParOldGen       total 342528K, used 342484K [0x0000000080000000, 0x0000000094e80000, 0x00000000d5580000)
  object space 342528K, 99% used [0x0000000080000000,0x0000000094e751f8,0x0000000094e80000)
 Metaspace       used 71022K, committed 72576K, reserved 1114112K
  class space    used 7415K, committed 8128K, reserved 1048576K
}
Event: 1001.460 GC heap before
{Heap before GC invocations=247 (full 3):
 PSYoungGen      total 2048K, used 1732K [0x00000000d5580000, 0x00000000d5880000, 0x0000000100000000)
  eden space 1024K, 96% used [0x00000000d5580000,0x00000000d56773f0,0x00000000d5680000)
  from space 1024K, 72% used [0x00000000d5680000,0x00000000d573a000,0x00000000d5780000)
  to   space 1024K, 0% used [0x00000000d5780000,0x00000000d5780000,0x00000000d5880000)
 ParOldGen       total 342528K, used 342484K [0x0000000080000000, 0x0000000094e80000, 0x00000000d5580000)
  object space 342528K, 99% used [0x0000000080000000,0x0000000094e751f8,0x0000000094e80000)
 Metaspace       used 71022K, committed 72576K, reserved 1114112K
  class space    used 7415K, committed 8128K, reserved 1048576K
}
Event: 1001.469 GC heap after
{Heap after GC invocations=247 (full 3):
 PSYoungGen      total 1536K, used 992K [0x00000000d5580000, 0x00000000d5980000, 0x0000000100000000)
  eden space 512K, 0% used [0x00000000d5580000,0x00000000d5580000,0x00000000d5600000)
  from space 1024K, 96% used [0x00000000d5780000,0x00000000d5878000,0x00000000d5880000)
  to   space 1536K, 0% used [0x00000000d5600000,0x00000000d5600000,0x00000000d5780000)
 ParOldGen       total 343552K, used 343044K [0x0000000080000000, 0x0000000094f80000, 0x00000000d5580000)
  object space 343552K, 99% used [0x0000000080000000,0x0000000094f011f8,0x0000000094f80000)
 Metaspace       used 71022K, committed 72576K, reserved 1114112K
  class space    used 7415K, committed 8128K, reserved 1048576K
}
Event: 1001.499 GC heap before
{Heap before GC invocations=248 (full 3):
 PSYoungGen      total 1536K, used 1504K [0x00000000d5580000, 0x00000000d5980000, 0x0000000100000000)
  eden space 512K, 100% used [0x00000000d5580000,0x00000000d5600000,0x00000000d5600000)
  from space 1024K, 96% used [0x00000000d5780000,0x00000000d5878000,0x00000000d5880000)
  to   space 1536K, 0% used [0x00000000d5600000,0x00000000d5600000,0x00000000d5780000)
 ParOldGen       total 343552K, used 343044K [0x0000000080000000, 0x0000000094f80000, 0x00000000d5580000)
  object space 343552K, 99% used [0x0000000080000000,0x0000000094f011f8,0x0000000094f80000)
 Metaspace       used 71022K, committed 72576K, reserved 1114112K
  class space    used 7415K, committed 8128K, reserved 1048576K
}
Event: 1001.505 GC heap after
{Heap after GC invocations=248 (full 3):
 PSYoungGen      total 1536K, used 528K [0x00000000d5580000, 0x00000000d5800000, 0x0000000100000000)
  eden space 512K, 0% used [0x00000000d5580000,0x00000000d5580000,0x00000000d5600000)
  from space 1024K, 51% used [0x00000000d5600000,0x00000000d5684000,0x00000000d5700000)
  to   space 1024K, 0% used [0x00000000d5700000,0x00000000d5700000,0x00000000d5800000)
 ParOldGen       total 344064K, used 343684K [0x0000000080000000, 0x0000000095000000, 0x00000000d5580000)
  object space 344064K, 99% used [0x0000000080000000,0x0000000094fa11f8,0x0000000095000000)
 Metaspace       used 71022K, committed 72576K, reserved 1114112K
  class space    used 7415K, committed 8128K, reserved 1048576K
}
Event: 1002.122 GC heap before
{Heap before GC invocations=249 (full 3):
 PSYoungGen      total 1536K, used 1040K [0x00000000d5580000, 0x00000000d5800000, 0x0000000100000000)
  eden space 512K, 100% used [0x00000000d5580000,0x00000000d5600000,0x00000000d5600000)
  from space 1024K, 51% used [0x00000000d5600000,0x00000000d5684000,0x00000000d5700000)
  to   space 1024K, 0% used [0x00000000d5700000,0x00000000d5700000,0x00000000d5800000)
 ParOldGen       total 344064K, used 343684K [0x0000000080000000, 0x0000000095000000, 0x00000000d5580000)
  object space 344064K, 99% used [0x0000000080000000,0x0000000094fa11f8,0x0000000095000000)
 Metaspace       used 71024K, committed 72576K, reserved 1114112K
  class space    used 7415K, committed 8128K, reserved 1048576K
}
Event: 1002.126 GC heap after
{Heap after GC invocations=249 (full 3):
 PSYoungGen      total 1536K, used 352K [0x00000000d5580000, 0x00000000d5780000, 0x0000000100000000)
  eden space 1024K, 0% used [0x00000000d5580000,0x00000000d5580000,0x00000000d5680000)
  from space 512K, 68% used [0x00000000d5700000,0x00000000d5758000,0x00000000d5780000)
  to   space 512K, 0% used [0x00000000d5680000,0x00000000d5680000,0x00000000d5700000)
 ParOldGen       total 344576K, used 344196K [0x0000000080000000, 0x0000000095080000, 0x00000000d5580000)
  object space 344576K, 99% used [0x0000000080000000,0x00000000950211f8,0x0000000095080000)
 Metaspace       used 71024K, committed 72576K, reserved 1114112K
  class space    used 7415K, committed 8128K, reserved 1048576K
}
Event: 1010.977 GC heap before
{Heap before GC invocations=250 (full 3):
 PSYoungGen      total 1536K, used 1369K [0x00000000d5580000, 0x00000000d5780000, 0x0000000100000000)
  eden space 1024K, 99% used [0x00000000d5580000,0x00000000d567e618,0x00000000d5680000)
  from space 512K, 68% used [0x00000000d5700000,0x00000000d5758000,0x00000000d5780000)
  to   space 512K, 0% used [0x00000000d5680000,0x00000000d5680000,0x00000000d5700000)
 ParOldGen       total 344576K, used 344196K [0x0000000080000000, 0x0000000095080000, 0x00000000d5580000)
  object space 344576K, 99% used [0x0000000080000000,0x00000000950211f8,0x0000000095080000)
 Metaspace       used 71064K, committed 72640K, reserved 1114112K
  class space    used 7427K, committed 8128K, reserved 1048576K
}
Event: 1010.981 GC heap after
{Heap after GC invocations=250 (full 3):
 PSYoungGen      total 1536K, used 312K [0x00000000d5580000, 0x00000000d5780000, 0x0000000100000000)
  eden space 1024K, 0% used [0x00000000d5580000,0x00000000d5580000,0x00000000d5680000)
  from space 512K, 60% used [0x00000000d5680000,0x00000000d56ce0f8,0x00000000d5700000)
  to   space 512K, 0% used [0x00000000d5700000,0x00000000d5700000,0x00000000d5780000)
 ParOldGen       total 344576K, used 344500K [0x0000000080000000, 0x0000000095080000, 0x00000000d5580000)
  object space 344576K, 99% used [0x0000000080000000,0x000000009506d1f8,0x0000000095080000)
 Metaspace       used 71064K, committed 72640K, reserved 1114112K
  class space    used 7427K, committed 8128K, reserved 1048576K
}
Event: 1011.248 GC heap before
{Heap before GC invocations=251 (full 3):
 PSYoungGen      total 1536K, used 1311K [0x00000000d5580000, 0x00000000d5780000, 0x0000000100000000)
  eden space 1024K, 97% used [0x00000000d5580000,0x00000000d5679b78,0x00000000d5680000)
  from space 512K, 60% used [0x00000000d5680000,0x00000000d56ce0f8,0x00000000d5700000)
  to   space 512K, 0% used [0x00000000d5700000,0x00000000d5700000,0x00000000d5780000)
 ParOldGen       total 344576K, used 344500K [0x0000000080000000, 0x0000000095080000, 0x00000000d5580000)
  object space 344576K, 99% used [0x0000000080000000,0x000000009506d1f8,0x0000000095080000)
 Metaspace       used 71190K, committed 72832K, reserved 1179648K
  class space    used 7448K, committed 8192K, reserved 1048576K
}
Event: 1011.251 GC heap after
{Heap after GC invocations=251 (full 3):
 PSYoungGen      total 1536K, used 103K [0x00000000d5580000, 0x00000000d5780000, 0x0000000100000000)
  eden space 1024K, 0% used [0x00000000d5580000,0x00000000d5580000,0x00000000d5680000)
  from space 512K, 20% used [0x00000000d5700000,0x00000000d5719ef0,0x00000000d5780000)
  to   space 512K, 0% used [0x00000000d5680000,0x00000000d5680000,0x00000000d5700000)
 ParOldGen       total 345088K, used 344644K [0x0000000080000000, 0x0000000095100000, 0x00000000d5580000)
  object space 345088K, 99% used [0x0000000080000000,0x0000000095091218,0x0000000095100000)
 Metaspace       used 71190K, committed 72832K, reserved 1179648K
  class space    used 7448K, committed 8192K, reserved 1048576K
}

