# JRE version: OpenJDK Runtime Environment Temurin-21.0.9+10 (21.0.9+10) (build 21.0.9+10-LTS)
# Java VM: OpenJDK 64-Bit Server VM Temurin-21.0.9+10 (21.0.9+10-LTS, mixed mode, sharing, tiered, compressed oops, compressed class ptrs, parallel gc, windows-amd64)
GC Precious Log:
 CardTable entry size: 512
 CPUs: 2 total, 2 available
 Memory: 3935M
 Large Page Support: Disabled
 NUMA Support: Disabled
 Compressed Oops: Enabled (32-bit)
 Alignments: Space 512K, Generation 512K, Heap 2M
 Heap Min Capacity: 100M
 Heap Initial Capacity: 100M
 Heap Max Capacity: 2G
 Pre-touch: Disabled
 Parallel Workers: 2
Heap:
 PSYoungGen      total 13312K, used 4875K [0x00000000d5580000, 0x00000000d6380000, 0x0000000100000000)
  eden space 12288K, 37% used [0x00000000d5580000,0x00000000d59fadc0,0x00000000d6180000)
  from space 1024K, 28% used [0x00000000d6180000,0x00000000d61c8040,0x00000000d6280000)
  to   space 512K, 0% used [0x00000000d6300000,0x00000000d6300000,0x00000000d6380000)
 ParOldGen       total 86528K, used 84536K [0x0000000080000000, 0x0000000085480000, 0x00000000d5580000)
  object space 86528K, 97% used [0x0000000080000000,0x000000008528e2d8,0x0000000085480000)
 Metaspace       used 62111K, committed 63680K, reserved 1114112K
  class space    used 6628K, committed 7296K, reserved 1048576K
GC Heap History (20 events):
Event: 172.336 GC heap before
{Heap before GC invocations=73 (full 2):
 PSYoungGen      total 14848K, used 3153K [0x00000000d5580000, 0x00000000d6680000, 0x0000000100000000)
  eden space 13312K, 12% used [0x00000000d5580000,0x00000000d5724728,0x00000000d6280000)
  from space 1536K, 95% used [0x00000000d6500000,0x00000000d6670000,0x00000000d6680000)
  to   space 2048K, 0% used [0x00000000d6280000,0x00000000d6280000,0x00000000d6480000)
 ParOldGen       total 73216K, used 73142K [0x0000000080000000, 0x0000000084780000, 0x00000000d5580000)
  object space 73216K, 99% used [0x0000000080000000,0x000000008476d848,0x0000000084780000)
 Metaspace       used 58454K, committed 59776K, reserved 1114112K
  class space    used 6269K, committed 6848K, reserved 1048576K
}
Event: 172.348 GC heap after
{Heap after GC invocations=73 (full 2):
 PSYoungGen      total 15360K, used 480K [0x00000000d5580000, 0x00000000d6580000, 0x0000000100000000)
  eden space 13312K, 0% used [0x00000000d5580000,0x00000000d5580000,0x00000000d6280000)
  from space 2048K, 23% used [0x00000000d6280000,0x00000000d62f8000,0x00000000d6480000)
  to   space 1024K, 0% used [0x00000000d6480000,0x00000000d6480000,0x00000000d6580000)
 ParOldGen       total 74752K, used 74566K [0x0000000080000000, 0x0000000084900000, 0x00000000d5580000)
  object space 74752K, 99% used [0x0000000080000000,0x00000000848d1888,0x0000000084900000)
 Metaspace       used 58454K, committed 59776K, reserved 1114112K
  class space    used 6269K, committed 6848K, reserved 1048576K
}
Event: 172.349 GC heap before
{Heap before GC invocations=74 (full 3):
 PSYoungGen      total 15360K, used 480K [0x00000000d5580000, 0x00000000d6580000, 0x0000000100000000)
  eden space 13312K, 0% used [0x00000000d5580000,0x00000000d5580000,0x00000000d6280000)
  from space 2048K, 23% used [0x00000000d6280000,0x00000000d62f8000,0x00000000d6480000)
  to   space 1024K, 0% used [0x00000000d6480000,0x00000000d6480000,0x00000000d6580000)
 ParOldGen       total 74752K, used 74566K [0x0000000080000000, 0x0000000084900000, 0x00000000d5580000)
  object space 74752K, 99% used [0x0000000080000000,0x00000000848d1888,0x0000000084900000)
 Metaspace       used 58454K, committed 59776K, reserved 1114112K
  class space    used 6269K, committed 6848K, reserved 1048576K
}
Event: 172.790 GC heap after
{Heap after GC invocations=74 (full 3):
 PSYoungGen      total 15360K, used 0K [0x00000000d5580000, 0x00000000d6580000, 0x0000000100000000)
  eden space 13312K, 0% used [0x00000000d5580000,0x00000000d5580000,0x00000000d6280000)
  from space 2048K, 0% used [0x00000000d6280000,0x00000000d6280000,0x00000000d6480000)
  to   space 1024K, 0% used [0x00000000d6480000,0x00000000d6480000,0x00000000d6580000)
 ParOldGen       total 74752K, used 56572K [0x0000000080000000, 0x0000000084900000, 0x00000000d5580000)
  object space 74752K, 75% used [0x0000000080000000,0x000000008373f170,0x0000000084900000)
 Metaspace       used 58454K, committed 59776K, reserved 1114112K
  class space    used 6269K, committed 6848K, reserved 1048576K
}
Event: 177.682 GC heap before
{Heap before GC invocations=75 (full 3):
 PSYoungGen      total 15360K, used 13312K [0x00000000d5580000, 0x00000000d6580000, 0x0000000100000000)
  eden space 13312K, 100% used [0x00000000d5580000,0x00000000d6280000,0x00000000d6280000)
  from space 2048K, 0% used [0x00000000d6280000,0x00000000d6280000,0x00000000d6480000)
  to   space 1024K, 0% used [0x00000000d6480000,0x00000000d6480000,0x00000000d6580000)
 ParOldGen       total 74752K, used 56572K [0x0000000080000000, 0x0000000084900000, 0x00000000d5580000)
  object space 74752K, 75% used [0x0000000080000000,0x000000008373f170,0x0000000084900000)
 Metaspace       used 58674K, committed 60096K, reserved 1114112K
  class space    used 6269K, committed 6848K, reserved 1048576K
}
Event: 177.686 GC heap after
{Heap after GC invocations=75 (full 3):
 PSYoungGen      total 14336K, used 960K [0x00000000d5580000, 0x00000000d6580000, 0x0000000100000000)
  eden space 13312K, 0% used [0x00000000d5580000,0x00000000d5580000,0x00000000d6280000)
  from space 1024K, 93% used [0x00000000d6480000,0x00000000d6570000,0x00000000d6580000)
  to   space 1536K, 0% used [0x00000000d6280000,0x00000000d6280000,0x00000000d6400000)
 ParOldGen       total 74752K, used 56580K [0x0000000080000000, 0x0000000084900000, 0x00000000d5580000)
  object space 74752K, 75% used [0x0000000080000000,0x0000000083741170,0x0000000084900000)
 Metaspace       used 58674K, committed 60096K, reserved 1114112K
  class space    used 6269K, committed 6848K, reserved 1048576K
}
Event: 183.099 GC heap before
{Heap before GC invocations=76 (full 3):
 PSYoungGen      total 14336K, used 14272K [0x00000000d5580000, 0x00000000d6580000, 0x0000000100000000)
  eden space 13312K, 100% used [0x00000000d5580000,0x00000000d6280000,0x00000000d6280000)
  from space 1024K, 93% used [0x00000000d6480000,0x00000000d6570000,0x00000000d6580000)
  to   space 1536K, 0% used [0x00000000d6280000,0x00000000d6280000,0x00000000d6400000)
 ParOldGen       total 74752K, used 56580K [0x0000000080000000, 0x0000000084900000, 0x00000000d5580000)
  object space 74752K, 75% used [0x0000000080000000,0x0000000083741170,0x0000000084900000)
 Metaspace       used 58769K, committed 60224K, reserved 1114112K
  class space    used 6275K, committed 6912K, reserved 1048576K
}
Event: 183.105 GC heap after
{Heap after GC invocations=76 (full 3):
 PSYoungGen      total 14848K, used 1056K [0x00000000d5580000, 0x00000000d6580000, 0x0000000100000000)
  eden space 13312K, 0% used [0x00000000d5580000,0x00000000d5580000,0x00000000d6280000)
  from space 1536K, 68% used [0x00000000d6280000,0x00000000d6388000,0x00000000d6400000)
  to   space 1536K, 0% used [0x00000000d6400000,0x00000000d6400000,0x00000000d6580000)
 ParOldGen       total 74752K, used 57412K [0x0000000080000000, 0x0000000084900000, 0x00000000d5580000)
  object space 74752K, 76% used [0x0000000080000000,0x0000000083811170,0x0000000084900000)
 Metaspace       used 58769K, committed 60224K, reserved 1114112K
  class space    used 6275K, committed 6912K, reserved 1048576K
}
Event: 186.468 GC heap before
{Heap before GC invocations=77 (full 3):
 PSYoungGen      total 14848K, used 14363K [0x00000000d5580000, 0x00000000d6580000, 0x0000000100000000)
  eden space 13312K, 99% used [0x00000000d5580000,0x00000000d627ec48,0x00000000d6280000)
  from space 1536K, 68% used [0x00000000d6280000,0x00000000d6388000,0x00000000d6400000)
  to   space 1536K, 0% used [0x00000000d6400000,0x00000000d6400000,0x00000000d6580000)
 ParOldGen       total 74752K, used 57412K [0x0000000080000000, 0x0000000084900000, 0x00000000d5580000)
  object space 74752K, 76% used [0x0000000080000000,0x0000000083811170,0x0000000084900000)
 Metaspace       used 59165K, committed 60544K, reserved 1114112K
  class space    used 6313K, committed 6912K, reserved 1048576K
}
Event: 186.472 GC heap after
{Heap after GC invocations=77 (full 3):
 PSYoungGen      total 13824K, used 416K [0x00000000d5580000, 0x00000000d6480000, 0x0000000100000000)
  eden space 13312K, 0% used [0x00000000d5580000,0x00000000d5580000,0x00000000d6280000)
  from space 512K, 81% used [0x00000000d6400000,0x00000000d6468000,0x00000000d6480000)
  to   space 1024K, 0% used [0x00000000d6280000,0x00000000d6280000,0x00000000d6380000)
 ParOldGen       total 74752K, used 58147K [0x0000000080000000, 0x0000000084900000, 0x00000000d5580000)
  object space 74752K, 77% used [0x0000000080000000,0x00000000838c8c08,0x0000000084900000)
 Metaspace       used 59165K, committed 60544K, reserved 1114112K
  class space    used 6313K, committed 6912K, reserved 1048576K
}
Event: 259.656 GC heap before
{Heap before GC invocations=78 (full 3):
 PSYoungGen      total 13824K, used 13728K [0x00000000d5580000, 0x00000000d6480000, 0x0000000100000000)
  eden space 13312K, 100% used [0x00000000d5580000,0x00000000d6280000,0x00000000d6280000)
  from space 512K, 81% used [0x00000000d6400000,0x00000000d6468000,0x00000000d6480000)
  to   space 1024K, 0% used [0x00000000d6280000,0x00000000d6280000,0x00000000d6380000)
 ParOldGen       total 74752K, used 58147K [0x0000000080000000, 0x0000000084900000, 0x00000000d5580000)
  object space 74752K, 77% used [0x0000000080000000,0x00000000838c8c08,0x0000000084900000)
 Metaspace       used 60110K, committed 61568K, reserved 1114112K
  class space    used 6420K, committed 7040K, reserved 1048576K
}
Event: 259.663 GC heap after
{Heap after GC invocations=78 (full 3):
 PSYoungGen      total 14336K, used 676K [0x00000000d5580000, 0x00000000d6480000, 0x0000000100000000)
  eden space 13312K, 0% used [0x00000000d5580000,0x00000000d5580000,0x00000000d6280000)
  from space 1024K, 66% used [0x00000000d6280000,0x00000000d6329188,0x00000000d6380000)
  to   space 1024K, 0% used [0x00000000d6380000,0x00000000d6380000,0x00000000d6480000)
 ParOldGen       total 74752K, used 58363K [0x0000000080000000, 0x0000000084900000, 0x00000000d5580000)
  object space 74752K, 78% used [0x0000000080000000,0x00000000838fec08,0x0000000084900000)
 Metaspace       used 60110K, committed 61568K, reserved 1114112K
  class space    used 6420K, committed 7040K, reserved 1048576K
}
Event: 267.689 GC heap before
{Heap before GC invocations=79 (full 3):
 PSYoungGen      total 14336K, used 13988K [0x00000000d5580000, 0x00000000d6480000, 0x0000000100000000)
  eden space 13312K, 100% used [0x00000000d5580000,0x00000000d6280000,0x00000000d6280000)
  from space 1024K, 66% used [0x00000000d6280000,0x00000000d6329188,0x00000000d6380000)
  to   space 1024K, 0% used [0x00000000d6380000,0x00000000d6380000,0x00000000d6480000)
 ParOldGen       total 74752K, used 58363K [0x0000000080000000, 0x0000000084900000, 0x00000000d5580000)
  object space 74752K, 78% used [0x0000000080000000,0x00000000838fec08,0x0000000084900000)
 Metaspace       used 60711K, committed 62208K, reserved 1114112K
  class space    used 6505K, committed 7104K, reserved 1048576K
}
Event: 267.697 GC heap after
{Heap after GC invocations=79 (full 3):
 PSYoungGen      total 13312K, used 992K [0x00000000d5580000, 0x00000000d6680000, 0x0000000100000000)
  eden space 12288K, 0% used [0x00000000d5580000,0x00000000d5580000,0x00000000d6180000)
  from space 1024K, 96% used [0x00000000d6380000,0x00000000d6478020,0x00000000d6480000)
  to   space 2048K, 0% used [0x00000000d6180000,0x00000000d6180000,0x00000000d6380000)
 ParOldGen       total 74752K, used 59136K [0x0000000080000000, 0x0000000084900000, 0x00000000d5580000)
  object space 74752K, 79% used [0x0000000080000000,0x00000000839c02a8,0x0000000084900000)
 Metaspace       used 60711K, committed 62208K, reserved 1114112K
  class space    used 6505K, committed 7104K, reserved 1048576K
}
Event: 270.737 GC heap before
{Heap before GC invocations=80 (full 3):
 PSYoungGen      total 13312K, used 13280K [0x00000000d5580000, 0x00000000d6680000, 0x0000000100000000)
  eden space 12288K, 100% used [0x00000000d5580000,0x00000000d6180000,0x00000000d6180000)
  from space 1024K, 96% used [0x00000000d6380000,0x00000000d6478020,0x00000000d6480000)
  to   space 2048K, 0% used [0x00000000d6180000,0x00000000d6180000,0x00000000d6380000)
 ParOldGen       total 74752K, used 59136K [0x0000000080000000, 0x0000000084900000, 0x00000000d5580000)
  object space 74752K, 79% used [0x0000000080000000,0x00000000839c02a8,0x0000000084900000)
 Metaspace       used 61317K, committed 62784K, reserved 1114112K
  class space    used 6568K, committed 7168K, reserved 1048576K
}
Event: 270.745 GC heap after
{Heap after GC invocations=80 (full 3):
 PSYoungGen      total 13824K, used 1397K [0x00000000d5580000, 0x00000000d6480000, 0x0000000100000000)
  eden space 12288K, 0% used [0x00000000d5580000,0x00000000d5580000,0x00000000d6180000)
  from space 1536K, 90% used [0x00000000d6180000,0x00000000d62dd430,0x00000000d6300000)
  to   space 1536K, 0% used [0x00000000d6300000,0x00000000d6300000,0x00000000d6480000)
 ParOldGen       total 74752K, used 60104K [0x0000000080000000, 0x0000000084900000, 0x00000000d5580000)
  object space 74752K, 80% used [0x0000000080000000,0x0000000083ab22c8,0x0000000084900000)
 Metaspace       used 61317K, committed 62784K, reserved 1114112K
  class space    used 6568K, committed 7168K, reserved 1048576K
}
Event: 272.592 GC heap before
{Heap before GC invocations=81 (full 3):
 PSYoungGen      total 13824K, used 13685K [0x00000000d5580000, 0x00000000d6480000, 0x0000000100000000)
  eden space 12288K, 100% used [0x00000000d5580000,0x00000000d6180000,0x00000000d6180000)
  from space 1536K, 90% used [0x00000000d6180000,0x00000000d62dd430,0x00000000d6300000)
  to   space 1536K, 0% used [0x00000000d6300000,0x00000000d6300000,0x00000000d6480000)
 ParOldGen       total 86528K, used 83144K [0x0000000080000000, 0x0000000085480000, 0x00000000d5580000)
  object space 86528K, 96% used [0x0000000080000000,0x00000000851322e8,0x0000000085480000)
 Metaspace       used 61524K, committed 63104K, reserved 1114112K
  class space    used 6586K, committed 7232K, reserved 1048576K
}
Event: 272.599 GC heap after
{Heap after GC invocations=81 (full 3):
 PSYoungGen      total 12800K, used 128K [0x00000000d5580000, 0x00000000d6380000, 0x0000000100000000)
  eden space 12288K, 0% used [0x00000000d5580000,0x00000000d5580000,0x00000000d6180000)
  from space 512K, 25% used [0x00000000d6300000,0x00000000d6320000,0x00000000d6380000)
  to   space 1024K, 0% used [0x00000000d6180000,0x00000000d6180000,0x00000000d6280000)
 ParOldGen       total 86528K, used 84440K [0x0000000080000000, 0x0000000085480000, 0x00000000d5580000)
  object space 86528K, 97% used [0x0000000080000000,0x00000000852762d8,0x0000000085480000)
 Metaspace       used 61524K, committed 63104K, reserved 1114112K
  class space    used 6586K, committed 7232K, reserved 1048576K
}
Event: 517.093 GC heap before
{Heap before GC invocations=82 (full 3):
 PSYoungGen      total 12800K, used 12416K [0x00000000d5580000, 0x00000000d6380000, 0x0000000100000000)
  eden space 12288K, 100% used [0x00000000d5580000,0x00000000d6180000,0x00000000d6180000)
  from space 512K, 25% used [0x00000000d6300000,0x00000000d6320000,0x00000000d6380000)
  to   space 1024K, 0% used [0x00000000d6180000,0x00000000d6180000,0x00000000d6280000)
 ParOldGen       total 86528K, used 84440K [0x0000000080000000, 0x0000000085480000, 0x00000000d5580000)
  object space 86528K, 97% used [0x0000000080000000,0x00000000852762d8,0x0000000085480000)
 Metaspace       used 61780K, committed 63296K, reserved 1114112K
  class space    used 6600K, committed 7232K, reserved 1048576K
}
Event: 517.117 GC heap after
{Heap after GC invocations=82 (full 3):
 PSYoungGen      total 13312K, used 288K [0x00000000d5580000, 0x00000000d6380000, 0x0000000100000000)
  eden space 12288K, 0% used [0x00000000d5580000,0x00000000d5580000,0x00000000d6180000)
  from space 1024K, 28% used [0x00000000d6180000,0x00000000d61c8040,0x00000000d6280000)
  to   space 512K, 0% used [0x00000000d6300000,0x00000000d6300000,0x00000000d6380000)
 ParOldGen       total 86528K, used 84536K [0x0000000080000000, 0x0000000085480000, 0x00000000d5580000)
  object space 86528K, 97% used [0x0000000080000000,0x000000008528e2d8,0x0000000085480000)
 Metaspace       used 61780K, committed 63296K, reserved 1114112K
  class space    used 6600K, committed 7232K, reserved 1048576K
}

