# JRE version: Java(TM) SE Runtime Environment (17.0.12+8) (build 17.0.12+8-LTS-286)
# Java VM: Java HotSpot(TM) 64-Bit Server VM (17.0.12+8-LTS-286, mixed mode, emulated-client, sharing, tiered, compressed oops, compressed class ptrs, g1 gc, windows-amd64)
GC Precious Log:
 CPUs: 2 total, 2 available
 Memory: 3935M
 Large Page Support: Disabled
 NUMA Support: Disabled
 Compressed Oops: Enabled (32-bit)
 Heap Region Size: 1M
 Heap Min Capacity: 8M
 Heap Initial Capacity: 62M
 Heap Max Capacity: 984M
 Pre-touch: Disabled
 Parallel Workers: 2
 Concurrent Workers: 1
 Concurrent Refinement Workers: 2
 Periodic GC: Disabled
Heap:
 garbage-first heap   total 55296K, used 28074K [0x00000000c2800000, 0x0000000100000000)
  region size 1024K, 12 young (12288K), 2 survivors (2048K)
 Metaspace       used 37435K, committed 37888K, reserved 1114112K
  class space    used 5343K, committed 5568K, reserved 1048576K
GC Heap History (20 events):
Event: 0.729 GC heap before
{Heap before GC invocations=0 (full 0):
 garbage-first heap   total 63488K, used 7168K [0x00000000c2800000, 0x0000000100000000)
  region size 1024K, 6 young (6144K), 0 survivors (0K)
 Metaspace       used 601K, committed 768K, reserved 1114112K
  class space    used 44K, committed 128K, reserved 1048576K
}
Event: 0.736 GC heap after
{Heap after GC invocations=1 (full 0):
 garbage-first heap   total 63488K, used 5563K [0x00000000c2800000, 0x0000000100000000)
  region size 1024K, 1 young (1024K), 1 survivors (1024K)
 Metaspace       used 601K, committed 768K, reserved 1114112K
  class space    used 44K, committed 128K, reserved 1048576K
}
Event: 1.068 GC heap before
{Heap before GC invocations=1 (full 0):
 garbage-first heap   total 63488K, used 7611K [0x00000000c2800000, 0x0000000100000000)
  region size 1024K, 4 young (4096K), 1 survivors (1024K)
 Metaspace       used 1487K, committed 1600K, reserved 1114112K
  class space    used 177K, committed 256K, reserved 1048576K
}
Event: 1.073 GC heap after
{Heap after GC invocations=2 (full 0):
 garbage-first heap   total 63488K, used 6410K [0x00000000c2800000, 0x0000000100000000)
  region size 1024K, 1 young (1024K), 1 survivors (1024K)
 Metaspace       used 1487K, committed 1600K, reserved 1114112K
  class space    used 177K, committed 256K, reserved 1048576K
}
Event: 2.514 GC heap before
{Heap before GC invocations=2 (full 0):
 garbage-first heap   total 63488K, used 14602K [0x00000000c2800000, 0x0000000100000000)
  region size 1024K, 9 young (9216K), 1 survivors (1024K)
 Metaspace       used 3906K, committed 4032K, reserved 1114112K
  class space    used 521K, committed 576K, reserved 1048576K
}
Event: 2.519 GC heap after
{Heap after GC invocations=3 (full 0):
 garbage-first heap   total 63488K, used 6986K [0x00000000c2800000, 0x0000000100000000)
  region size 1024K, 2 young (2048K), 2 survivors (2048K)
 Metaspace       used 3906K, committed 4032K, reserved 1114112K
  class space    used 521K, committed 576K, reserved 1048576K
}
Event: 4.628 GC heap before
{Heap before GC invocations=3 (full 0):
 garbage-first heap   total 63488K, used 36682K [0x00000000c2800000, 0x0000000100000000)
  region size 1024K, 32 young (32768K), 2 survivors (2048K)
 Metaspace       used 10761K, committed 10944K, reserved 1114112K
  class space    used 1458K, committed 1536K, reserved 1048576K
}
Event: 4.648 GC heap after
{Heap after GC invocations=4 (full 0):
 garbage-first heap   total 63488K, used 9498K [0x00000000c2800000, 0x0000000100000000)
  region size 1024K, 4 young (4096K), 4 survivors (4096K)
 Metaspace       used 10761K, committed 10944K, reserved 1114112K
  class space    used 1458K, committed 1536K, reserved 1048576K
}
Event: 6.720 GC heap before
{Heap before GC invocations=4 (full 0):
 garbage-first heap   total 63488K, used 40218K [0x00000000c2800000, 0x0000000100000000)
  region size 1024K, 35 young (35840K), 4 survivors (4096K)
 Metaspace       used 16542K, committed 16832K, reserved 1114112K
  class space    used 2260K, committed 2368K, reserved 1048576K
}
Event: 6.745 GC heap after
{Heap after GC invocations=5 (full 0):
 garbage-first heap   total 63488K, used 12621K [0x00000000c2800000, 0x0000000100000000)
  region size 1024K, 5 young (5120K), 5 survivors (5120K)
 Metaspace       used 16542K, committed 16832K, reserved 1114112K
  class space    used 2260K, committed 2368K, reserved 1048576K
}
Event: 10.177 GC heap before
{Heap before GC invocations=5 (full 0):
 garbage-first heap   total 63488K, used 42317K [0x00000000c2800000, 0x0000000100000000)
  region size 1024K, 35 young (35840K), 5 survivors (5120K)
 Metaspace       used 20440K, committed 20864K, reserved 1114112K
  class space    used 2852K, committed 3072K, reserved 1048576K
}
Event: 10.210 GC heap after
{Heap after GC invocations=6 (full 0):
 garbage-first heap   total 63488K, used 15134K [0x00000000c2800000, 0x0000000100000000)
  region size 1024K, 3 young (3072K), 3 survivors (3072K)
 Metaspace       used 20440K, committed 20864K, reserved 1114112K
  class space    used 2852K, committed 3072K, reserved 1048576K
}
Event: 10.673 GC heap before
{Heap before GC invocations=6 (full 0):
 garbage-first heap   total 63488K, used 20254K [0x00000000c2800000, 0x0000000100000000)
  region size 1024K, 9 young (9216K), 3 survivors (3072K)
 Metaspace       used 21098K, committed 21504K, reserved 1114112K
  class space    used 2964K, committed 3200K, reserved 1048576K
}
Event: 10.689 GC heap after
{Heap after GC invocations=7 (full 0):
 garbage-first heap   total 63488K, used 15722K [0x00000000c2800000, 0x0000000100000000)
  region size 1024K, 1 young (1024K), 1 survivors (1024K)
 Metaspace       used 21098K, committed 21504K, reserved 1114112K
  class space    used 2964K, committed 3200K, reserved 1048576K
}
Event: 16.155 GC heap before
{Heap before GC invocations=8 (full 0):
 garbage-first heap   total 55296K, used 47466K [0x00000000c2800000, 0x0000000100000000)
  region size 1024K, 32 young (32768K), 1 survivors (1024K)
 Metaspace       used 26480K, committed 26880K, reserved 1114112K
  class space    used 3748K, committed 3968K, reserved 1048576K
}
Event: 16.177 GC heap after
{Heap after GC invocations=9 (full 0):
 garbage-first heap   total 55296K, used 18024K [0x00000000c2800000, 0x0000000100000000)
  region size 1024K, 4 young (4096K), 4 survivors (4096K)
 Metaspace       used 26480K, committed 26880K, reserved 1114112K
  class space    used 3748K, committed 3968K, reserved 1048576K
}
Event: 19.922 GC heap before
{Heap before GC invocations=9 (full 0):
 garbage-first heap   total 55296K, used 40552K [0x00000000c2800000, 0x0000000100000000)
  region size 1024K, 26 young (26624K), 4 survivors (4096K)
 Metaspace       used 31538K, committed 31936K, reserved 1114112K
  class space    used 4506K, committed 4672K, reserved 1048576K
}
Event: 19.951 GC heap after
{Heap after GC invocations=10 (full 0):
 garbage-first heap   total 55296K, used 18858K [0x00000000c2800000, 0x0000000100000000)
  region size 1024K, 1 young (1024K), 1 survivors (1024K)
 Metaspace       used 31538K, committed 31936K, reserved 1114112K
  class space    used 4506K, committed 4672K, reserved 1048576K
}
Event: 24.793 GC heap before
{Heap before GC invocations=10 (full 0):
 garbage-first heap   total 55296K, used 35242K [0x00000000c2800000, 0x0000000100000000)
  region size 1024K, 18 young (18432K), 1 survivors (1024K)
 Metaspace       used 35593K, committed 35968K, reserved 1114112K
  class space    used 5058K, committed 5248K, reserved 1048576K
}
Event: 24.806 GC heap after
{Heap after GC invocations=11 (full 0):
 garbage-first heap   total 55296K, used 19882K [0x00000000c2800000, 0x0000000100000000)
  region size 1024K, 2 young (2048K), 2 survivors (2048K)
 Metaspace       used 35593K, committed 35968K, reserved 1114112K
  class space    used 5058K, committed 5248K, reserved 1048576K
}

